<?xml version="1.0" encoding="UTF-8" standalone="yes"?><!DOCTYPE report PUBLIC "-//JACOCO//DTD Report 1.1//EN" "report.dtd"><report name="Deca Compiler"><sessioninfo id="puguix-HP-ENVY-Laptop-13-aq0xxx-6a649ec4" start="1673792003854" dump="1673792005224"/><sessioninfo id="puguix-HP-ENVY-Laptop-13-aq0xxx-8819d684" start="1673792005584" dump="1673792005677"/><sessioninfo id="puguix-HP-ENVY-Laptop-13-aq0xxx-cdce2146" start="1673792005886" dump="1673792005988"/><sessioninfo id="puguix-HP-ENVY-Laptop-13-aq0xxx-db872193" start="1673792006180" dump="1673792006375"/><sessioninfo id="puguix-HP-ENVY-Laptop-13-aq0xxx-5855237" start="1673792006471" dump="1673792006650"/><sessioninfo id="puguix-HP-ENVY-Laptop-13-aq0xxx-da1fa0d7" start="1673792006752" dump="1673792006882"/><sessioninfo id="puguix-HP-ENVY-Laptop-13-aq0xxx-c0585aa0" start="1673792007256" dump="1673792007398"/><sessioninfo id="puguix-HP-ENVY-Laptop-13-aq0xxx-5dad08fe" start="1673792007600" dump="1673792007762"/><sessioninfo id="puguix-HP-ENVY-Laptop-13-aq0xxx-7e901fc3" start="1673792007955" dump="1673792008207"/><sessioninfo id="puguix-HP-ENVY-Laptop-13-aq0xxx-64578c95" start="1673792008364" dump="1673792008470"/><sessioninfo id="puguix-HP-ENVY-Laptop-13-aq0xxx-1b1ec4e9" start="1673792008555" dump="1673792008657"/><sessioninfo id="puguix-HP-ENVY-Laptop-13-aq0xxx-e8e3b0ca" start="1673792008771" dump="1673792008900"/><sessioninfo id="puguix-HP-ENVY-Laptop-13-aq0xxx-75e0d258" start="1673792009001" dump="1673792009135"/><sessioninfo id="puguix-HP-ENVY-Laptop-13-aq0xxx-eec96a65" start="1673792009212" dump="1673792009325"/><sessioninfo id="puguix-HP-ENVY-Laptop-13-aq0xxx-f18d3040" start="1673792009414" dump="1673792009536"/><sessioninfo id="puguix-HP-ENVY-Laptop-13-aq0xxx-662a88be" start="1673792009630" dump="1673792009741"/><sessioninfo id="puguix-HP-ENVY-Laptop-13-aq0xxx-ba0024ac" start="1673792009816" dump="1673792009909"/><sessioninfo id="puguix-HP-ENVY-Laptop-13-aq0xxx-43217a71" start="1673792009988" dump="1673792010079"/><sessioninfo id="puguix-HP-ENVY-Laptop-13-aq0xxx-82cc2028" start="1673792010162" dump="1673792010343"/><sessioninfo id="puguix-HP-ENVY-Laptop-13-aq0xxx-3b137d72" start="1673792010441" dump="1673792010536"/><sessioninfo id="puguix-HP-ENVY-Laptop-13-aq0xxx-70bee3fb" start="1673792010609" dump="1673792010699"/><sessioninfo id="puguix-HP-ENVY-Laptop-13-aq0xxx-aa415c2a" start="1673792010771" dump="1673792010871"/><sessioninfo id="puguix-HP-ENVY-Laptop-13-aq0xxx-477e4de9" start="1673792010950" dump="1673792011155"/><sessioninfo id="puguix-HP-ENVY-Laptop-13-aq0xxx-af7b52a5" start="1673792011224" dump="1673792011445"/><sessioninfo id="puguix-HP-ENVY-Laptop-13-aq0xxx-7bce869f" start="1673792011545" dump="1673792011727"/><sessioninfo id="puguix-HP-ENVY-Laptop-13-aq0xxx-4d88c7ba" start="1673792011807" dump="1673792011997"/><sessioninfo id="puguix-HP-ENVY-Laptop-13-aq0xxx-79808640" start="1673792012093" dump="1673792012309"/><sessioninfo id="puguix-HP-ENVY-Laptop-13-aq0xxx-6aa820f4" start="1673792012398" dump="1673792012592"/><sessioninfo id="puguix-HP-ENVY-Laptop-13-aq0xxx-6b4825d2" start="1673792012670" dump="1673792012868"/><sessioninfo id="puguix-HP-ENVY-Laptop-13-aq0xxx-4b25a239" start="1673792012961" dump="1673792013142"/><sessioninfo id="puguix-HP-ENVY-Laptop-13-aq0xxx-4116b14" start="1673792013253" dump="1673792013434"/><sessioninfo id="puguix-HP-ENVY-Laptop-13-aq0xxx-32fe8157" start="1673792013507" dump="1673792013689"/><sessioninfo id="puguix-HP-ENVY-Laptop-13-aq0xxx-29383475" start="1673792013766" dump="1673792013950"/><sessioninfo id="puguix-HP-ENVY-Laptop-13-aq0xxx-fa9cbd0e" start="1673792014036" dump="1673792014235"/><sessioninfo id="puguix-HP-ENVY-Laptop-13-aq0xxx-c445cc12" start="1673792014306" dump="1673792014484"/><sessioninfo id="puguix-HP-ENVY-Laptop-13-aq0xxx-fef52e4f" start="1673792014587" dump="1673792014764"/><sessioninfo id="puguix-HP-ENVY-Laptop-13-aq0xxx-48c5bb72" start="1673792014878" dump="1673792014978"/><sessioninfo id="puguix-HP-ENVY-Laptop-13-aq0xxx-9c24b1c" start="1673792015046" dump="1673792015134"/><sessioninfo id="puguix-HP-ENVY-Laptop-13-aq0xxx-ebef1ddc" start="1673792015205" dump="1673792015301"/><sessioninfo id="puguix-HP-ENVY-Laptop-13-aq0xxx-6812a6f4" start="1673792015370" dump="1673792015471"/><sessioninfo id="puguix-HP-ENVY-Laptop-13-aq0xxx-b7b62caa" start="1673792015556" dump="1673792015740"/><sessioninfo id="puguix-HP-ENVY-Laptop-13-aq0xxx-d2f4c4ee" start="1673792015855" dump="1673792016111"/><sessioninfo id="puguix-HP-ENVY-Laptop-13-aq0xxx-ccbacce2" start="1673792016223" dump="1673792016438"/><sessioninfo id="puguix-HP-ENVY-Laptop-13-aq0xxx-5d6d32aa" start="1673792016529" dump="1673792016631"/><sessioninfo id="puguix-HP-ENVY-Laptop-13-aq0xxx-d8db9cb0" start="1673792016724" dump="1673792016821"/><sessioninfo id="puguix-HP-ENVY-Laptop-13-aq0xxx-265066ed" start="1673792016907" dump="1673792016995"/><sessioninfo id="puguix-HP-ENVY-Laptop-13-aq0xxx-9ea317be" start="1673792017070" dump="1673792017155"/><sessioninfo id="puguix-HP-ENVY-Laptop-13-aq0xxx-29c467e2" start="1673792017226" dump="1673792017316"/><sessioninfo id="puguix-HP-ENVY-Laptop-13-aq0xxx-e114ebc6" start="1673792017379" dump="1673792017553"/><sessioninfo id="puguix-HP-ENVY-Laptop-13-aq0xxx-3daa17c2" start="1673792020212" dump="1673792020474"/><sessioninfo id="puguix-HP-ENVY-Laptop-13-aq0xxx-a72f0e60" start="1673792020584" dump="1673792020847"/><sessioninfo id="puguix-HP-ENVY-Laptop-13-aq0xxx-8829703a" start="1673792020968" dump="1673792021260"/><sessioninfo id="puguix-HP-ENVY-Laptop-13-aq0xxx-3745be54" start="1673792021354" dump="1673792021595"/><sessioninfo id="puguix-HP-ENVY-Laptop-13-aq0xxx-cce6ab35" start="1673792021725" dump="1673792021955"/><sessioninfo id="puguix-HP-ENVY-Laptop-13-aq0xxx-1adfb696" start="1673792022040" dump="1673792022246"/><sessioninfo id="puguix-HP-ENVY-Laptop-13-aq0xxx-ce7bd327" start="1673792022378" dump="1673792022632"/><sessioninfo id="puguix-HP-ENVY-Laptop-13-aq0xxx-6ace7622" start="1673792022727" dump="1673792022941"/><sessioninfo id="puguix-HP-ENVY-Laptop-13-aq0xxx-18116d1b" start="1673792023071" dump="1673792023314"/><sessioninfo id="puguix-HP-ENVY-Laptop-13-aq0xxx-b7edeb9a" start="1673792023395" dump="1673792023665"/><sessioninfo id="puguix-HP-ENVY-Laptop-13-aq0xxx-a67dece0" start="1673792023796" dump="1673792024056"/><sessioninfo id="puguix-HP-ENVY-Laptop-13-aq0xxx-752800b2" start="1673792024150" dump="1673792024373"/><sessioninfo id="puguix-HP-ENVY-Laptop-13-aq0xxx-6cc1df2b" start="1673792024505" dump="1673792024754"/><sessioninfo id="puguix-HP-ENVY-Laptop-13-aq0xxx-dbcdb901" start="1673792024850" dump="1673792025099"/><sessioninfo id="puguix-HP-ENVY-Laptop-13-aq0xxx-8580409f" start="1673792025206" dump="1673792025410"/><sessioninfo id="puguix-HP-ENVY-Laptop-13-aq0xxx-8c47ce8d" start="1673792025493" dump="1673792025703"/><sessioninfo id="puguix-HP-ENVY-Laptop-13-aq0xxx-5ebae357" start="1673792025810" dump="1673792026060"/><sessioninfo id="puguix-HP-ENVY-Laptop-13-aq0xxx-205fe86f" start="1673792026154" dump="1673792026369"/><sessioninfo id="puguix-HP-ENVY-Laptop-13-aq0xxx-b0195c80" start="1673792026477" dump="1673792026692"/><sessioninfo id="puguix-HP-ENVY-Laptop-13-aq0xxx-6fc218e3" start="1673792026774" dump="1673792026974"/><sessioninfo id="puguix-HP-ENVY-Laptop-13-aq0xxx-e0099680" start="1673792027079" dump="1673792027281"/><sessioninfo id="puguix-HP-ENVY-Laptop-13-aq0xxx-4381aac6" start="1673792027356" dump="1673792027557"/><sessioninfo id="puguix-HP-ENVY-Laptop-13-aq0xxx-5d968188" start="1673792027659" dump="1673792027852"/><sessioninfo id="puguix-HP-ENVY-Laptop-13-aq0xxx-56497bc5" start="1673792027935" dump="1673792028133"/><sessioninfo id="puguix-HP-ENVY-Laptop-13-aq0xxx-5173d4e1" start="1673792028239" dump="1673792028463"/><sessioninfo id="puguix-HP-ENVY-Laptop-13-aq0xxx-20606dea" start="1673792028541" dump="1673792028728"/><sessioninfo id="puguix-HP-ENVY-Laptop-13-aq0xxx-287613c7" start="1673792028831" dump="1673792029053"/><sessioninfo id="puguix-HP-ENVY-Laptop-13-aq0xxx-46f6da11" start="1673792029133" dump="1673792029339"/><sessioninfo id="puguix-HP-ENVY-Laptop-13-aq0xxx-c38c0ee3" start="1673792029438" dump="1673792029641"/><sessioninfo id="puguix-HP-ENVY-Laptop-13-aq0xxx-85b7d4ea" start="1673792029717" dump="1673792029908"/><sessioninfo id="puguix-HP-ENVY-Laptop-13-aq0xxx-7f8c797e" start="1673792030013" dump="1673792030224"/><sessioninfo id="puguix-HP-ENVY-Laptop-13-aq0xxx-8af8d8ec" start="1673792030303" dump="1673792030511"/><sessioninfo id="puguix-HP-ENVY-Laptop-13-aq0xxx-526406c" start="1673792030614" dump="1673792030826"/><sessioninfo id="puguix-HP-ENVY-Laptop-13-aq0xxx-e4a5a6e3" start="1673792030914" dump="1673792031124"/><sessioninfo id="puguix-HP-ENVY-Laptop-13-aq0xxx-55fecb14" start="1673792031226" dump="1673792031425"/><sessioninfo id="puguix-HP-ENVY-Laptop-13-aq0xxx-a6283741" start="1673792031500" dump="1673792031688"/><sessioninfo id="puguix-HP-ENVY-Laptop-13-aq0xxx-12413273" start="1673792031793" dump="1673792031976"/><sessioninfo id="puguix-HP-ENVY-Laptop-13-aq0xxx-aa333b6e" start="1673792032067" dump="1673792032244"/><sessioninfo id="puguix-HP-ENVY-Laptop-13-aq0xxx-b387ebef" start="1673792032347" dump="1673792032537"/><sessioninfo id="puguix-HP-ENVY-Laptop-13-aq0xxx-826261d6" start="1673792032613" dump="1673792032810"/><sessioninfo id="puguix-HP-ENVY-Laptop-13-aq0xxx-5ea7464a" start="1673792032929" dump="1673792033129"/><sessioninfo id="puguix-HP-ENVY-Laptop-13-aq0xxx-9032e405" start="1673792033213" dump="1673792033400"/><sessioninfo id="puguix-HP-ENVY-Laptop-13-aq0xxx-f5db8bf0" start="1673792033511" dump="1673792033714"/><sessioninfo id="puguix-HP-ENVY-Laptop-13-aq0xxx-48019d32" start="1673792033790" dump="1673792033976"/><sessioninfo id="puguix-HP-ENVY-Laptop-13-aq0xxx-fb973bbe" start="1673792034076" dump="1673792034269"/><sessioninfo id="puguix-HP-ENVY-Laptop-13-aq0xxx-71d03310" start="1673792034348" dump="1673792034537"/><sessioninfo id="puguix-HP-ENVY-Laptop-13-aq0xxx-57678c2a" start="1673792034648" dump="1673792034888"/><sessioninfo id="puguix-HP-ENVY-Laptop-13-aq0xxx-f51e65de" start="1673792034973" dump="1673792035185"/><sessioninfo id="puguix-HP-ENVY-Laptop-13-aq0xxx-1277328b" start="1673792035285" dump="1673792035488"/><sessioninfo id="puguix-HP-ENVY-Laptop-13-aq0xxx-85e4e204" start="1673792035567" dump="1673792035783"/><sessioninfo id="puguix-HP-ENVY-Laptop-13-aq0xxx-d3afd7f2" start="1673792035903" dump="1673792036137"/><sessioninfo id="puguix-HP-ENVY-Laptop-13-aq0xxx-f2f4917a" start="1673792036220" dump="1673792036402"/><sessioninfo id="puguix-HP-ENVY-Laptop-13-aq0xxx-3835d49d" start="1673792036508" dump="1673792036719"/><sessioninfo id="puguix-HP-ENVY-Laptop-13-aq0xxx-c28606e0" start="1673792036793" dump="1673792036974"/><sessioninfo id="puguix-HP-ENVY-Laptop-13-aq0xxx-ce117794" start="1673792037075" dump="1673792037292"/><sessioninfo id="puguix-HP-ENVY-Laptop-13-aq0xxx-fe373016" start="1673792037369" dump="1673792037568"/><sessioninfo id="puguix-HP-ENVY-Laptop-13-aq0xxx-1bcea67c" start="1673792037798" dump="1673792038074"/><sessioninfo id="puguix-HP-ENVY-Laptop-13-aq0xxx-e535fdd1" start="1673792038165" dump="1673792038393"/><sessioninfo id="puguix-HP-ENVY-Laptop-13-aq0xxx-bd56a58e" start="1673792038500" dump="1673792038717"/><sessioninfo id="puguix-HP-ENVY-Laptop-13-aq0xxx-8824fb68" start="1673792038811" dump="1673792039014"/><sessioninfo id="puguix-HP-ENVY-Laptop-13-aq0xxx-873d11e" start="1673792039138" dump="1673792039432"/><sessioninfo id="puguix-HP-ENVY-Laptop-13-aq0xxx-264b0e25" start="1673792039538" dump="1673792039804"/><sessioninfo id="puguix-HP-ENVY-Laptop-13-aq0xxx-79fe4eb2" start="1673792039948" dump="1673792040221"/><sessioninfo id="puguix-HP-ENVY-Laptop-13-aq0xxx-eb30cdaf" start="1673792040328" dump="1673792040552"/><sessioninfo id="puguix-HP-ENVY-Laptop-13-aq0xxx-1818e6c" start="1673792040680" dump="1673792040901"/><sessioninfo id="puguix-HP-ENVY-Laptop-13-aq0xxx-81713bff" start="1673792040979" dump="1673792041184"/><sessioninfo id="puguix-HP-ENVY-Laptop-13-aq0xxx-8160b5f9" start="1673792041291" dump="1673792041490"/><sessioninfo id="puguix-HP-ENVY-Laptop-13-aq0xxx-4a91121c" start="1673792041560" dump="1673792041740"/><sessioninfo id="puguix-HP-ENVY-Laptop-13-aq0xxx-bb845d62" start="1673792041825" dump="1673792042013"/><sessioninfo id="puguix-HP-ENVY-Laptop-13-aq0xxx-50c562fa" start="1673792042083" dump="1673792042268"/><sessioninfo id="puguix-HP-ENVY-Laptop-13-aq0xxx-8213c75d" start="1673792042368" dump="1673792042531"/><sessioninfo id="puguix-HP-ENVY-Laptop-13-aq0xxx-20da61de" start="1673792042598" dump="1673792042753"/><sessioninfo id="puguix-HP-ENVY-Laptop-13-aq0xxx-cf75536" start="1673792042861" dump="1673792043023"/><sessioninfo id="puguix-HP-ENVY-Laptop-13-aq0xxx-8b84b039" start="1673792043086" dump="1673792043244"/><sessioninfo id="puguix-HP-ENVY-Laptop-13-aq0xxx-231ec8e2" start="1673792043333" dump="1673792043484"/><sessioninfo id="puguix-HP-ENVY-Laptop-13-aq0xxx-6223fd61" start="1673792043564" dump="1673792043725"/><sessioninfo id="puguix-HP-ENVY-Laptop-13-aq0xxx-6e31e560" start="1673792043825" dump="1673792043991"/><sessioninfo id="puguix-HP-ENVY-Laptop-13-aq0xxx-d894d46c" start="1673792044055" dump="1673792044211"/><sessioninfo id="puguix-HP-ENVY-Laptop-13-aq0xxx-b789fa27" start="1673792044297" dump="1673792044471"/><sessioninfo id="puguix-HP-ENVY-Laptop-13-aq0xxx-1bce692e" start="1673792044536" dump="1673792044711"/><sessioninfo id="puguix-HP-ENVY-Laptop-13-aq0xxx-414f1ee" start="1673792044817" dump="1673792045024"/><sessioninfo id="puguix-HP-ENVY-Laptop-13-aq0xxx-14546630" start="1673792045094" dump="1673792045255"/><sessioninfo id="puguix-HP-ENVY-Laptop-13-aq0xxx-2c046003" start="1673792045340" dump="1673792045511"/><sessioninfo id="puguix-HP-ENVY-Laptop-13-aq0xxx-d2e44a05" start="1673792045582" dump="1673792045750"/><sessioninfo id="puguix-HP-ENVY-Laptop-13-aq0xxx-8b4bae28" start="1673792045845" dump="1673792046045"/><sessioninfo id="puguix-HP-ENVY-Laptop-13-aq0xxx-7848c2fc" start="1673792046113" dump="1673792046304"/><sessioninfo id="puguix-HP-ENVY-Laptop-13-aq0xxx-f539c32d" start="1673792046398" dump="1673792046567"/><sessioninfo id="puguix-HP-ENVY-Laptop-13-aq0xxx-ecd69d8c" start="1673792046644" dump="1673792046827"/><sessioninfo id="puguix-HP-ENVY-Laptop-13-aq0xxx-38c75d4a" start="1673792046927" dump="1673792047089"/><sessioninfo id="puguix-HP-ENVY-Laptop-13-aq0xxx-37afd1a9" start="1673792047161" dump="1673792047329"/><sessioninfo id="puguix-HP-ENVY-Laptop-13-aq0xxx-d47921c1" start="1673792047426" dump="1673792047620"/><sessioninfo id="puguix-HP-ENVY-Laptop-13-aq0xxx-2fadfda4" start="1673792047684" dump="1673792047848"/><sessioninfo id="puguix-HP-ENVY-Laptop-13-aq0xxx-25aaf7e7" start="1673792047939" dump="1673792048106"/><sessioninfo id="puguix-HP-ENVY-Laptop-13-aq0xxx-2449297c" start="1673792048169" dump="1673792048349"/><sessioninfo id="puguix-HP-ENVY-Laptop-13-aq0xxx-16cb1bc6" start="1673792048434" dump="1673792048609"/><sessioninfo id="puguix-HP-ENVY-Laptop-13-aq0xxx-22e09127" start="1673792048681" dump="1673792048848"/><sessioninfo id="puguix-HP-ENVY-Laptop-13-aq0xxx-fc496331" start="1673792048945" dump="1673792049136"/><sessioninfo id="puguix-HP-ENVY-Laptop-13-aq0xxx-88a8b09c" start="1673792049199" dump="1673792049353"/><sessioninfo id="puguix-HP-ENVY-Laptop-13-aq0xxx-a8d909cb" start="1673792049449" dump="1673792049625"/><sessioninfo id="puguix-HP-ENVY-Laptop-13-aq0xxx-4d8a7d33" start="1673792049696" dump="1673792049862"/><sessioninfo id="puguix-HP-ENVY-Laptop-13-aq0xxx-309a0cae" start="1673792049948" dump="1673792050113"/><sessioninfo id="puguix-HP-ENVY-Laptop-13-aq0xxx-d30b6607" start="1673792050186" dump="1673792050360"/><sessioninfo id="puguix-HP-ENVY-Laptop-13-aq0xxx-d60ebd8f" start="1673792050444" dump="1673792050614"/><sessioninfo id="puguix-HP-ENVY-Laptop-13-aq0xxx-bc9a2e77" start="1673792050681" dump="1673792050865"/><sessioninfo id="puguix-HP-ENVY-Laptop-13-aq0xxx-f3265fb9" start="1673792050975" dump="1673792051176"/><sessioninfo id="puguix-HP-ENVY-Laptop-13-aq0xxx-5e974744" start="1673792051250" dump="1673792051455"/><sessioninfo id="puguix-HP-ENVY-Laptop-13-aq0xxx-1b9c726f" start="1673792051543" dump="1673792051722"/><sessioninfo id="puguix-HP-ENVY-Laptop-13-aq0xxx-6489d369" start="1673792051786" dump="1673792051972"/><sessioninfo id="puguix-HP-ENVY-Laptop-13-aq0xxx-6b20bc67" start="1673792052055" dump="1673792052210"/><sessioninfo id="puguix-HP-ENVY-Laptop-13-aq0xxx-cc413dec" start="1673792052278" dump="1673792052430"/><sessioninfo id="puguix-HP-ENVY-Laptop-13-aq0xxx-5827a22" start="1673792052512" dump="1673792052683"/><sessioninfo id="puguix-HP-ENVY-Laptop-13-aq0xxx-2b6e346b" start="1673792052747" dump="1673792052903"/><sessioninfo id="puguix-HP-ENVY-Laptop-13-aq0xxx-fabc7552" start="1673792052991" dump="1673792053164"/><sessioninfo id="puguix-HP-ENVY-Laptop-13-aq0xxx-460e066c" start="1673792053244" dump="1673792053440"/><sessioninfo id="puguix-HP-ENVY-Laptop-13-aq0xxx-60b2850b" start="1673792053531" dump="1673792053733"/><sessioninfo id="puguix-HP-ENVY-Laptop-13-aq0xxx-3e00532c" start="1673792053801" dump="1673792054002"/><sessioninfo id="puguix-HP-ENVY-Laptop-13-aq0xxx-c97d08f6" start="1673792054152" dump="1673792054342"/><sessioninfo id="puguix-HP-ENVY-Laptop-13-aq0xxx-f451e463" start="1673792054413" dump="1673792054595"/><sessioninfo id="puguix-HP-ENVY-Laptop-13-aq0xxx-8ef4f869" start="1673792054700" dump="1673792054978"/><sessioninfo id="puguix-HP-ENVY-Laptop-13-aq0xxx-462de2b6" start="1673792055054" dump="1673792055244"/><sessioninfo id="puguix-HP-ENVY-Laptop-13-aq0xxx-e34c8255" start="1673792055336" dump="1673792055579"/><sessioninfo id="puguix-HP-ENVY-Laptop-13-aq0xxx-93dfc9d7" start="1673792055664" dump="1673792055838"/><sessioninfo id="puguix-HP-ENVY-Laptop-13-aq0xxx-6bdc072a" start="1673792055948" dump="1673792056167"/><sessioninfo id="puguix-HP-ENVY-Laptop-13-aq0xxx-20b6b97b" start="1673792056236" dump="1673792056407"/><sessioninfo id="puguix-HP-ENVY-Laptop-13-aq0xxx-f98e810e" start="1673792056502" dump="1673792056688"/><sessioninfo id="puguix-HP-ENVY-Laptop-13-aq0xxx-af10ad09" start="1673792056760" dump="1673792056926"/><sessioninfo id="puguix-HP-ENVY-Laptop-13-aq0xxx-f6e703f6" start="1673792057016" dump="1673792057190"/><sessioninfo id="puguix-HP-ENVY-Laptop-13-aq0xxx-dd96e723" start="1673792057256" dump="1673792057452"/><sessioninfo id="puguix-HP-ENVY-Laptop-13-aq0xxx-46f715b8" start="1673792057564" dump="1673792057766"/><sessioninfo id="puguix-HP-ENVY-Laptop-13-aq0xxx-be3397f3" start="1673792057843" dump="1673792058081"/><sessioninfo id="puguix-HP-ENVY-Laptop-13-aq0xxx-ce8e5ef" start="1673792058192" dump="1673792058402"/><sessioninfo id="puguix-HP-ENVY-Laptop-13-aq0xxx-cdddde36" start="1673792058495" dump="1673792058710"/><sessioninfo id="puguix-HP-ENVY-Laptop-13-aq0xxx-94ea5c25" start="1673792058820" dump="1673792059021"/><sessioninfo id="puguix-HP-ENVY-Laptop-13-aq0xxx-76a842f6" start="1673792059102" dump="1673792059273"/><sessioninfo id="puguix-HP-ENVY-Laptop-13-aq0xxx-fb219337" start="1673792059366" dump="1673792059556"/><sessioninfo id="puguix-HP-ENVY-Laptop-13-aq0xxx-45a6a3d" start="1673792059638" dump="1673792059820"/><sessioninfo id="puguix-HP-ENVY-Laptop-13-aq0xxx-f85bec0f" start="1673792059916" dump="1673792060097"/><sessioninfo id="puguix-HP-ENVY-Laptop-13-aq0xxx-f9c5071f" start="1673792060161" dump="1673792060315"/><sessioninfo id="puguix-HP-ENVY-Laptop-13-aq0xxx-efb1ebd2" start="1673792060405" dump="1673792060584"/><sessioninfo id="puguix-HP-ENVY-Laptop-13-aq0xxx-2534d034" start="1673792060650" dump="1673792060813"/><sessioninfo id="puguix-HP-ENVY-Laptop-13-aq0xxx-6656bd21" start="1673792060925" dump="1673792061120"/><sessioninfo id="puguix-HP-ENVY-Laptop-13-aq0xxx-76277424" start="1673792061190" dump="1673792061352"/><sessioninfo id="puguix-HP-ENVY-Laptop-13-aq0xxx-b65252f7" start="1673792061444" dump="1673792061655"/><sessioninfo id="puguix-HP-ENVY-Laptop-13-aq0xxx-bcebce1" start="1673792061726" dump="1673792061924"/><sessioninfo id="puguix-HP-ENVY-Laptop-13-aq0xxx-9b7c9ea8" start="1673792062023" dump="1673792062206"/><sessioninfo id="puguix-HP-ENVY-Laptop-13-aq0xxx-3e57ad1d" start="1673792062283" dump="1673792062479"/><sessioninfo id="puguix-HP-ENVY-Laptop-13-aq0xxx-aa638011" start="1673792062590" dump="1673792062780"/><sessioninfo id="puguix-HP-ENVY-Laptop-13-aq0xxx-552e4cb3" start="1673792062844" dump="1673792063001"/><sessioninfo id="puguix-HP-ENVY-Laptop-13-aq0xxx-f5f5db3d" start="1673792063093" dump="1673792063271"/><sessioninfo id="puguix-HP-ENVY-Laptop-13-aq0xxx-bd0e8ddd" start="1673792063339" dump="1673792063497"/><sessioninfo id="puguix-HP-ENVY-Laptop-13-aq0xxx-41643260" start="1673792063599" dump="1673792063796"/><sessioninfo id="puguix-HP-ENVY-Laptop-13-aq0xxx-3b8be6c0" start="1673792063870" dump="1673792064038"/><sessioninfo id="puguix-HP-ENVY-Laptop-13-aq0xxx-81e6181b" start="1673792064135" dump="1673792064329"/><sessioninfo id="puguix-HP-ENVY-Laptop-13-aq0xxx-a944ddb6" start="1673792064418" dump="1673792064597"/><sessioninfo id="puguix-HP-ENVY-Laptop-13-aq0xxx-931a0875" start="1673792064684" dump="1673792064873"/><sessioninfo id="puguix-HP-ENVY-Laptop-13-aq0xxx-e948af7e" start="1673792064944" dump="1673792065131"/><sessioninfo id="puguix-HP-ENVY-Laptop-13-aq0xxx-a302dc2" start="1673792065242" dump="1673792065425"/><sessioninfo id="puguix-HP-ENVY-Laptop-13-aq0xxx-e8967363" start="1673792065512" dump="1673792065701"/><sessioninfo id="puguix-HP-ENVY-Laptop-13-aq0xxx-7ff8be7d" start="1673792065807" dump="1673792066025"/><sessioninfo id="puguix-HP-ENVY-Laptop-13-aq0xxx-17801a7" start="1673792066097" dump="1673792066280"/><sessioninfo id="puguix-HP-ENVY-Laptop-13-aq0xxx-9fe53bf0" start="1673792066388" dump="1673792066570"/><sessioninfo id="puguix-HP-ENVY-Laptop-13-aq0xxx-6b91d61" start="1673792066644" dump="1673792066858"/><sessioninfo id="puguix-HP-ENVY-Laptop-13-aq0xxx-47c03798" start="1673792066979" dump="1673792067245"/><sessioninfo id="puguix-HP-ENVY-Laptop-13-aq0xxx-3338c78b" start="1673792067365" dump="1673792067590"/><sessioninfo id="puguix-HP-ENVY-Laptop-13-aq0xxx-25dcdda3" start="1673792067714" dump="1673792067909"/><sessioninfo id="puguix-HP-ENVY-Laptop-13-aq0xxx-10ffd6db" start="1673792067995" dump="1673792068174"/><sessioninfo id="puguix-HP-ENVY-Laptop-13-aq0xxx-e0fbe758" start="1673792068281" dump="1673792068478"/><sessioninfo id="puguix-HP-ENVY-Laptop-13-aq0xxx-ecf93497" start="1673792068554" dump="1673792068749"/><sessioninfo id="puguix-HP-ENVY-Laptop-13-aq0xxx-d0891b51" start="1673792068884" dump="1673792069076"/><sessioninfo id="puguix-HP-ENVY-Laptop-13-aq0xxx-97519347" start="1673792069152" dump="1673792069336"/><sessioninfo id="puguix-HP-ENVY-Laptop-13-aq0xxx-1561935a" start="1673792069441" dump="1673792069603"/><sessioninfo id="puguix-HP-ENVY-Laptop-13-aq0xxx-a28548c9" start="1673792069675" dump="1673792069853"/><sessioninfo id="puguix-HP-ENVY-Laptop-13-aq0xxx-24b4f905" start="1673792069965" dump="1673792070182"/><sessioninfo id="puguix-HP-ENVY-Laptop-13-aq0xxx-fe5c914c" start="1673792070259" dump="1673792070465"/><sessioninfo id="puguix-HP-ENVY-Laptop-13-aq0xxx-7b2be056" start="1673792070569" dump="1673792070798"/><sessioninfo id="puguix-HP-ENVY-Laptop-13-aq0xxx-702c935c" start="1673792070895" dump="1673792071121"/><sessioninfo id="puguix-HP-ENVY-Laptop-13-aq0xxx-18268b5e" start="1673792071292" dump="1673792071501"/><sessioninfo id="puguix-HP-ENVY-Laptop-13-aq0xxx-eaf61bde" start="1673792071592" dump="1673792071782"/><sessioninfo id="puguix-HP-ENVY-Laptop-13-aq0xxx-1faf37e8" start="1673792071864" dump="1673792072059"/><sessioninfo id="puguix-HP-ENVY-Laptop-13-aq0xxx-686ac41" start="1673792072146" dump="1673792072334"/><sessioninfo id="puguix-HP-ENVY-Laptop-13-aq0xxx-5465164c" start="1673792072424" dump="1673792072598"/><sessioninfo id="puguix-HP-ENVY-Laptop-13-aq0xxx-687e982b" start="1673792072696" dump="1673792072890"/><sessioninfo id="puguix-HP-ENVY-Laptop-13-aq0xxx-4bfd4c56" start="1673792072973" dump="1673792073141"/><sessioninfo id="puguix-HP-ENVY-Laptop-13-aq0xxx-1980fa9d" start="1673792073219" dump="1673792073478"/><sessioninfo id="puguix-HP-ENVY-Laptop-13-aq0xxx-42427db4" start="1673792073591" dump="1673792073824"/><sessioninfo id="puguix-HP-ENVY-Laptop-13-aq0xxx-e238c6fe" start="1673792073909" dump="1673792074078"/><sessioninfo id="puguix-HP-ENVY-Laptop-13-aq0xxx-aab954a9" start="1673792074169" dump="1673792074333"/><sessioninfo id="puguix-HP-ENVY-Laptop-13-aq0xxx-afbf5ddb" start="1673792074410" dump="1673792074587"/><sessioninfo id="puguix-HP-ENVY-Laptop-13-aq0xxx-3eec8686" start="1673792074681" dump="1673792074860"/><sessioninfo id="puguix-HP-ENVY-Laptop-13-aq0xxx-58afcd80" start="1673792074942" dump="1673792075122"/><sessioninfo id="puguix-HP-ENVY-Laptop-13-aq0xxx-e57124e3" start="1673792075207" dump="1673792075411"/><sessioninfo id="puguix-HP-ENVY-Laptop-13-aq0xxx-f54b6f64" start="1673792075494" dump="1673792075673"/><sessioninfo id="puguix-HP-ENVY-Laptop-13-aq0xxx-c285308f" start="1673792075759" dump="1673792075955"/><sessioninfo id="puguix-HP-ENVY-Laptop-13-aq0xxx-7dc8dc7f" start="1673792076066" dump="1673792076281"/><sessioninfo id="puguix-HP-ENVY-Laptop-13-aq0xxx-a41ddb7a" start="1673792076386" dump="1673792076576"/><sessioninfo id="puguix-HP-ENVY-Laptop-13-aq0xxx-35b87867" start="1673792076664" dump="1673792076832"/><sessioninfo id="puguix-HP-ENVY-Laptop-13-aq0xxx-1622f3de" start="1673792076913" dump="1673792077083"/><sessioninfo id="puguix-HP-ENVY-Laptop-13-aq0xxx-ef1b4b1f" start="1673792077159" dump="1673792077326"/><sessioninfo id="puguix-HP-ENVY-Laptop-13-aq0xxx-2595029b" start="1673792077407" dump="1673792077584"/><sessioninfo id="puguix-HP-ENVY-Laptop-13-aq0xxx-e91cd1d8" start="1673792077664" dump="1673792077840"/><sessioninfo id="puguix-HP-ENVY-Laptop-13-aq0xxx-470a3d05" start="1673792077923" dump="1673792078098"/><sessioninfo id="puguix-HP-ENVY-Laptop-13-aq0xxx-6ce4545c" start="1673792078184" dump="1673792078372"/><sessioninfo id="puguix-HP-ENVY-Laptop-13-aq0xxx-b4321e05" start="1673792078462" dump="1673792078643"/><sessioninfo id="puguix-HP-ENVY-Laptop-13-aq0xxx-d765be0d" start="1673792078723" dump="1673792078896"/><sessioninfo id="puguix-HP-ENVY-Laptop-13-aq0xxx-ca4ee1e6" start="1673792078982" dump="1673792079173"/><sessioninfo id="puguix-HP-ENVY-Laptop-13-aq0xxx-65483e9f" start="1673792079264" dump="1673792079440"/><sessioninfo id="puguix-HP-ENVY-Laptop-13-aq0xxx-90d75658" start="1673792079523" dump="1673792079702"/><sessioninfo id="puguix-HP-ENVY-Laptop-13-aq0xxx-89b8c0d0" start="1673792079794" dump="1673792079972"/><sessioninfo id="puguix-HP-ENVY-Laptop-13-aq0xxx-83f6220d" start="1673792080060" dump="1673792080276"/><sessioninfo id="puguix-HP-ENVY-Laptop-13-aq0xxx-f1aaafd" start="1673792080364" dump="1673792080541"/><sessioninfo id="puguix-HP-ENVY-Laptop-13-aq0xxx-b8122ce1" start="1673792080627" dump="1673792080890"/><sessioninfo id="puguix-HP-ENVY-Laptop-13-aq0xxx-1b743847" start="1673792080999" dump="1673792081238"/><sessioninfo id="puguix-HP-ENVY-Laptop-13-aq0xxx-b2e24c5a" start="1673792081352" dump="1673792081558"/><sessioninfo id="puguix-HP-ENVY-Laptop-13-aq0xxx-688cfdb1" start="1673792081658" dump="1673792081974"/><sessioninfo id="puguix-HP-ENVY-Laptop-13-aq0xxx-23c86b5d" start="1673792082082" dump="1673792082272"/><sessioninfo id="puguix-HP-ENVY-Laptop-13-aq0xxx-bdedaea1" start="1673792082374" dump="1673792082558"/><sessioninfo id="puguix-HP-ENVY-Laptop-13-aq0xxx-95a15671" start="1673792082635" dump="1673792082795"/><sessioninfo id="puguix-HP-ENVY-Laptop-13-aq0xxx-998124fc" start="1673792082873" dump="1673792083106"/><sessioninfo id="puguix-HP-ENVY-Laptop-13-aq0xxx-ce7dcfa5" start="1673792083236" dump="1673792083444"/><sessioninfo id="puguix-HP-ENVY-Laptop-13-aq0xxx-c296d3d0" start="1673792083531" dump="1673792083707"/><sessioninfo id="puguix-HP-ENVY-Laptop-13-aq0xxx-244e1289" start="1673792083802" dump="1673792083982"/><sessioninfo id="puguix-HP-ENVY-Laptop-13-aq0xxx-d4bdffc3" start="1673792084076" dump="1673792084255"/><sessioninfo id="puguix-HP-ENVY-Laptop-13-aq0xxx-6d2cdbd6" start="1673792084349" dump="1673792084510"/><sessioninfo id="puguix-HP-ENVY-Laptop-13-aq0xxx-7e271cba" start="1673792084594" dump="1673792084783"/><sessioninfo id="puguix-HP-ENVY-Laptop-13-aq0xxx-8f07b844" start="1673792084873" dump="1673792085093"/><sessioninfo id="puguix-HP-ENVY-Laptop-13-aq0xxx-2f1260aa" start="1673792085180" dump="1673792085355"/><sessioninfo id="puguix-HP-ENVY-Laptop-13-aq0xxx-1fecf998" start="1673792085442" dump="1673792085643"/><sessioninfo id="puguix-HP-ENVY-Laptop-13-aq0xxx-4562144f" start="1673792085735" dump="1673792085937"/><sessioninfo id="puguix-HP-ENVY-Laptop-13-aq0xxx-58e63002" start="1673792086053" dump="1673792086286"/><sessioninfo id="puguix-HP-ENVY-Laptop-13-aq0xxx-c0d5ebd" start="1673792086380" dump="1673792086584"/><sessioninfo id="puguix-HP-ENVY-Laptop-13-aq0xxx-cf9c7568" start="1673792086676" dump="1673792086874"/><sessioninfo id="puguix-HP-ENVY-Laptop-13-aq0xxx-43ae38f6" start="1673792086963" dump="1673792087151"/><sessioninfo id="puguix-HP-ENVY-Laptop-13-aq0xxx-86bf0856" start="1673792087233" dump="1673792087418"/><sessioninfo id="puguix-HP-ENVY-Laptop-13-aq0xxx-54b99d06" start="1673792087501" dump="1673792087680"/><sessioninfo id="puguix-HP-ENVY-Laptop-13-aq0xxx-d145643c" start="1673792087762" dump="1673792087938"/><sessioninfo id="puguix-HP-ENVY-Laptop-13-aq0xxx-257bbbf6" start="1673792088024" dump="1673792088201"/><sessioninfo id="puguix-HP-ENVY-Laptop-13-aq0xxx-88d0a961" start="1673792088284" dump="1673792088452"/><sessioninfo id="puguix-HP-ENVY-Laptop-13-aq0xxx-436f2484" start="1673792088541" dump="1673792088745"/><sessioninfo id="puguix-HP-ENVY-Laptop-13-aq0xxx-1e844400" start="1673792088830" dump="1673792089013"/><sessioninfo id="puguix-HP-ENVY-Laptop-13-aq0xxx-6b7b07ba" start="1673792089086" dump="1673792089255"/><sessioninfo id="puguix-HP-ENVY-Laptop-13-aq0xxx-2cb74e72" start="1673792089343" dump="1673792089522"/><sessioninfo id="puguix-HP-ENVY-Laptop-13-aq0xxx-7f364480" start="1673792089606" dump="1673792089792"/><sessioninfo id="puguix-HP-ENVY-Laptop-13-aq0xxx-fb9610b6" start="1673792089917" dump="1673792090166"/><sessioninfo id="puguix-HP-ENVY-Laptop-13-aq0xxx-24f0ea4e" start="1673792090288" dump="1673792090475"/><sessioninfo id="puguix-HP-ENVY-Laptop-13-aq0xxx-91b7e90e" start="1673792090561" dump="1673792090763"/><sessioninfo id="puguix-HP-ENVY-Laptop-13-aq0xxx-237a9d81" start="1673792090858" dump="1673792091095"/><sessioninfo id="puguix-HP-ENVY-Laptop-13-aq0xxx-86182240" start="1673792091181" dump="1673792091372"/><sessioninfo id="puguix-HP-ENVY-Laptop-13-aq0xxx-e508f711" start="1673792091476" dump="1673792091670"/><sessioninfo id="puguix-HP-ENVY-Laptop-13-aq0xxx-574ab1b7" start="1673792091780" dump="1673792092005"/><sessioninfo id="puguix-HP-ENVY-Laptop-13-aq0xxx-4188864" start="1673792092090" dump="1673792092260"/><sessioninfo id="puguix-HP-ENVY-Laptop-13-aq0xxx-9c150877" start="1673792092346" dump="1673792092536"/><sessioninfo id="puguix-HP-ENVY-Laptop-13-aq0xxx-af5125" start="1673792092642" dump="1673792092868"/><sessioninfo id="puguix-HP-ENVY-Laptop-13-aq0xxx-110992e5" start="1673792092955" dump="1673792093141"/><sessioninfo id="puguix-HP-ENVY-Laptop-13-aq0xxx-fdf83409" start="1673792093246" dump="1673792093433"/><sessioninfo id="puguix-HP-ENVY-Laptop-13-aq0xxx-b12b6ad3" start="1673792093530" dump="1673792093708"/><sessioninfo id="puguix-HP-ENVY-Laptop-13-aq0xxx-1945cb5f" start="1673792093805" dump="1673792094015"/><sessioninfo id="puguix-HP-ENVY-Laptop-13-aq0xxx-645dcae2" start="1673792094098" dump="1673792094300"/><sessioninfo id="puguix-HP-ENVY-Laptop-13-aq0xxx-c0ba3be9" start="1673792094390" dump="1673792094592"/><sessioninfo id="puguix-HP-ENVY-Laptop-13-aq0xxx-b0fd70d2" start="1673792094668" dump="1673792094853"/><sessioninfo id="puguix-HP-ENVY-Laptop-13-aq0xxx-bb9c8668" start="1673792094956" dump="1673792095165"/><sessioninfo id="puguix-HP-ENVY-Laptop-13-aq0xxx-91c32937" start="1673792095266" dump="1673792095478"/><sessioninfo id="puguix-HP-ENVY-Laptop-13-aq0xxx-50340c73" start="1673792095576" dump="1673792095787"/><sessioninfo id="puguix-HP-ENVY-Laptop-13-aq0xxx-bfe7d1c" start="1673792095882" dump="1673792096112"/><sessioninfo id="puguix-HP-ENVY-Laptop-13-aq0xxx-80fade4f" start="1673792096204" dump="1673792096406"/><sessioninfo id="puguix-HP-ENVY-Laptop-13-aq0xxx-34a1b283" start="1673792096494" dump="1673792096691"/><sessioninfo id="puguix-HP-ENVY-Laptop-13-aq0xxx-78e2a3b1" start="1673792096792" dump="1673792096976"/><sessioninfo id="puguix-HP-ENVY-Laptop-13-aq0xxx-12a48701" start="1673792097064" dump="1673792097232"/><sessioninfo id="puguix-HP-ENVY-Laptop-13-aq0xxx-d30a86d6" start="1673792097316" dump="1673792097496"/><sessioninfo id="puguix-HP-ENVY-Laptop-13-aq0xxx-27bd76ee" start="1673792097588" dump="1673792097821"/><sessioninfo id="puguix-HP-ENVY-Laptop-13-aq0xxx-1d18b1b8" start="1673792097930" dump="1673792098114"/><sessioninfo id="puguix-HP-ENVY-Laptop-13-aq0xxx-7c654bff" start="1673792098199" dump="1673792098401"/><sessioninfo id="puguix-HP-ENVY-Laptop-13-aq0xxx-639f9663" start="1673792098497" dump="1673792098700"/><sessioninfo id="puguix-HP-ENVY-Laptop-13-aq0xxx-84fe7f01" start="1673792098806" dump="1673792098989"/><sessioninfo id="puguix-HP-ENVY-Laptop-13-aq0xxx-61c1ac3c" start="1673792099081" dump="1673792099292"/><sessioninfo id="puguix-HP-ENVY-Laptop-13-aq0xxx-9950e5a9" start="1673792099390" dump="1673792099580"/><sessioninfo id="puguix-HP-ENVY-Laptop-13-aq0xxx-b73ef725" start="1673792099662" dump="1673792099892"/><sessioninfo id="puguix-HP-ENVY-Laptop-13-aq0xxx-506981f1" start="1673792100007" dump="1673792100213"/><sessioninfo id="puguix-HP-ENVY-Laptop-13-aq0xxx-6b8fe7ec" start="1673792100321" dump="1673792100513"/><sessioninfo id="puguix-HP-ENVY-Laptop-13-aq0xxx-f82984ff" start="1673792100606" dump="1673792100776"/><sessioninfo id="puguix-HP-ENVY-Laptop-13-aq0xxx-b0ccffa5" start="1673792100860" dump="1673792101056"/><sessioninfo id="puguix-HP-ENVY-Laptop-13-aq0xxx-fa7acf71" start="1673792101145" dump="1673792101347"/><sessioninfo id="puguix-HP-ENVY-Laptop-13-aq0xxx-bab5652d" start="1673792101425" dump="1673792101618"/><sessioninfo id="puguix-HP-ENVY-Laptop-13-aq0xxx-a42bbe85" start="1673792101696" dump="1673792101903"/><sessioninfo id="puguix-HP-ENVY-Laptop-13-aq0xxx-5f3da8ca" start="1673792101981" dump="1673792102152"/><sessioninfo id="puguix-HP-ENVY-Laptop-13-aq0xxx-7d426d24" start="1673792102232" dump="1673792102394"/><sessioninfo id="puguix-HP-ENVY-Laptop-13-aq0xxx-7c8431c6" start="1673792102485" dump="1673792102645"/><sessioninfo id="puguix-HP-ENVY-Laptop-13-aq0xxx-ef474f6" start="1673792102722" dump="1673792102889"/><sessioninfo id="puguix-HP-ENVY-Laptop-13-aq0xxx-46ad5ada" start="1673792102976" dump="1673792103169"/><sessioninfo id="puguix-HP-ENVY-Laptop-13-aq0xxx-af0d1c11" start="1673792103243" dump="1673792103430"/><sessioninfo id="puguix-HP-ENVY-Laptop-13-aq0xxx-2f508d07" start="1673792103505" dump="1673792103679"/><sessioninfo id="puguix-HP-ENVY-Laptop-13-aq0xxx-af345561" start="1673792103753" dump="1673792103914"/><sessioninfo id="puguix-HP-ENVY-Laptop-13-aq0xxx-33ac9fd0" start="1673792104001" dump="1673792104147"/><sessioninfo id="puguix-HP-ENVY-Laptop-13-aq0xxx-9100a559" start="1673792104256" dump="1673792104457"/><sessioninfo id="puguix-HP-ENVY-Laptop-13-aq0xxx-58a57684" start="1673792104544" dump="1673792104743"/><sessioninfo id="puguix-HP-ENVY-Laptop-13-aq0xxx-c2d9e02b" start="1673792104825" dump="1673792104986"/><sessioninfo id="puguix-HP-ENVY-Laptop-13-aq0xxx-72b3ca08" start="1673792105071" dump="1673792105238"/><sessioninfo id="puguix-HP-ENVY-Laptop-13-aq0xxx-7d7169ed" start="1673792105328" dump="1673792105507"/><sessioninfo id="puguix-HP-ENVY-Laptop-13-aq0xxx-b1303238" start="1673792105590" dump="1673792105760"/><sessioninfo id="puguix-HP-ENVY-Laptop-13-aq0xxx-b744a802" start="1673792105859" dump="1673792106062"/><sessioninfo id="puguix-HP-ENVY-Laptop-13-aq0xxx-a8261f96" start="1673792106157" dump="1673792106333"/><sessioninfo id="puguix-HP-ENVY-Laptop-13-aq0xxx-f916f914" start="1673792106414" dump="1673792106605"/><sessioninfo id="puguix-HP-ENVY-Laptop-13-aq0xxx-2486be3a" start="1673792106685" dump="1673792106853"/><sessioninfo id="puguix-HP-ENVY-Laptop-13-aq0xxx-734689c3" start="1673792106949" dump="1673792107128"/><sessioninfo id="puguix-HP-ENVY-Laptop-13-aq0xxx-1be1b8d2" start="1673792107211" dump="1673792107382"/><sessioninfo id="puguix-HP-ENVY-Laptop-13-aq0xxx-9ca3c204" start="1673792107473" dump="1673792107654"/><sessioninfo id="puguix-HP-ENVY-Laptop-13-aq0xxx-c73613f1" start="1673792107740" dump="1673792107921"/><sessioninfo id="puguix-HP-ENVY-Laptop-13-aq0xxx-4266b73" start="1673792108013" dump="1673792108204"/><sessioninfo id="puguix-HP-ENVY-Laptop-13-aq0xxx-2fd53f15" start="1673792108284" dump="1673792108447"/><sessioninfo id="puguix-HP-ENVY-Laptop-13-aq0xxx-bc734a54" start="1673792108536" dump="1673792108700"/><sessioninfo id="puguix-HP-ENVY-Laptop-13-aq0xxx-a3ce7f50" start="1673792108788" dump="1673792108970"/><sessioninfo id="puguix-HP-ENVY-Laptop-13-aq0xxx-84dcace9" start="1673792109058" dump="1673792109222"/><sessioninfo id="puguix-HP-ENVY-Laptop-13-aq0xxx-fe57293c" start="1673792109322" dump="1673792109525"/><sessioninfo id="puguix-HP-ENVY-Laptop-13-aq0xxx-6175b024" start="1673792109698" dump="1673792109886"/><sessioninfo id="puguix-HP-ENVY-Laptop-13-aq0xxx-44743101" start="1673792109975" dump="1673792110165"/><sessioninfo id="puguix-HP-ENVY-Laptop-13-aq0xxx-5915f6ae" start="1673792110247" dump="1673792110418"/><sessioninfo id="puguix-HP-ENVY-Laptop-13-aq0xxx-3e91c271" start="1673792110505" dump="1673792110705"/><sessioninfo id="puguix-HP-ENVY-Laptop-13-aq0xxx-cfcf2715" start="1673792110805" dump="1673792111025"/><sessioninfo id="puguix-HP-ENVY-Laptop-13-aq0xxx-93192830" start="1673792111119" dump="1673792111308"/><sessioninfo id="puguix-HP-ENVY-Laptop-13-aq0xxx-53d89a64" start="1673792111393" dump="1673792111585"/><sessioninfo id="puguix-HP-ENVY-Laptop-13-aq0xxx-77d53a16" start="1673792111671" dump="1673792111869"/><sessioninfo id="puguix-HP-ENVY-Laptop-13-aq0xxx-338dd3f0" start="1673792111954" dump="1673792112137"/><sessioninfo id="puguix-HP-ENVY-Laptop-13-aq0xxx-49c6455a" start="1673792112223" dump="1673792112420"/><sessioninfo id="puguix-HP-ENVY-Laptop-13-aq0xxx-61d23774" start="1673792112502" dump="1673792112668"/><sessioninfo id="puguix-HP-ENVY-Laptop-13-aq0xxx-e15d4edf" start="1673792112751" dump="1673792112927"/><sessioninfo id="puguix-HP-ENVY-Laptop-13-aq0xxx-4102639d" start="1673792113011" dump="1673792113191"/><sessioninfo id="puguix-HP-ENVY-Laptop-13-aq0xxx-915e02b7" start="1673792113286" dump="1673792113476"/><sessioninfo id="puguix-HP-ENVY-Laptop-13-aq0xxx-8dc21d4b" start="1673792113568" dump="1673792113739"/><sessioninfo id="puguix-HP-ENVY-Laptop-13-aq0xxx-183c71fc" start="1673792113824" dump="1673792113996"/><sessioninfo id="puguix-HP-ENVY-Laptop-13-aq0xxx-b4d9c196" start="1673792114082" dump="1673792114260"/><sessioninfo id="puguix-HP-ENVY-Laptop-13-aq0xxx-cfefc07" start="1673792114343" dump="1673792114499"/><sessioninfo id="puguix-HP-ENVY-Laptop-13-aq0xxx-75b42a03" start="1673792114581" dump="1673792114757"/><sessioninfo id="puguix-HP-ENVY-Laptop-13-aq0xxx-b55af10" start="1673792114839" dump="1673792115003"/><sessioninfo id="puguix-HP-ENVY-Laptop-13-aq0xxx-e0bd257e" start="1673792115089" dump="1673792115264"/><sessioninfo id="puguix-HP-ENVY-Laptop-13-aq0xxx-a2df2b33" start="1673792115347" dump="1673792115514"/><sessioninfo id="puguix-HP-ENVY-Laptop-13-aq0xxx-d6d63864" start="1673792115599" dump="1673792115766"/><sessioninfo id="puguix-HP-ENVY-Laptop-13-aq0xxx-5b1f6cac" start="1673792115856" dump="1673792116061"/><sessioninfo id="puguix-HP-ENVY-Laptop-13-aq0xxx-ad2ba6ad" start="1673792116150" dump="1673792116329"/><sessioninfo id="puguix-HP-ENVY-Laptop-13-aq0xxx-d5f8c046" start="1673792116415" dump="1673792116589"/><sessioninfo id="puguix-HP-ENVY-Laptop-13-aq0xxx-cf9cafe3" start="1673792116675" dump="1673792116861"/><sessioninfo id="puguix-HP-ENVY-Laptop-13-aq0xxx-7ef810c" start="1673792116948" dump="1673792117118"/><sessioninfo id="puguix-HP-ENVY-Laptop-13-aq0xxx-7d9b5875" start="1673792117199" dump="1673792117381"/><sessioninfo id="puguix-HP-ENVY-Laptop-13-aq0xxx-9c6415e7" start="1673792117461" dump="1673792117631"/><sessioninfo id="puguix-HP-ENVY-Laptop-13-aq0xxx-1268828f" start="1673792117723" dump="1673792117917"/><sessioninfo id="puguix-HP-ENVY-Laptop-13-aq0xxx-3b00e18d" start="1673792118006" dump="1673792118188"/><sessioninfo id="puguix-HP-ENVY-Laptop-13-aq0xxx-8241f383" start="1673792118284" dump="1673792118475"/><sessioninfo id="puguix-HP-ENVY-Laptop-13-aq0xxx-71df82fd" start="1673792118576" dump="1673792118761"/><sessioninfo id="puguix-HP-ENVY-Laptop-13-aq0xxx-8299c7dc" start="1673792118850" dump="1673792119049"/><sessioninfo id="puguix-HP-ENVY-Laptop-13-aq0xxx-eed8a2a4" start="1673792119136" dump="1673792119304"/><sessioninfo id="puguix-HP-ENVY-Laptop-13-aq0xxx-3239c6b6" start="1673792119388" dump="1673792119557"/><sessioninfo id="puguix-HP-ENVY-Laptop-13-aq0xxx-158f727e" start="1673792119645" dump="1673792119852"/><sessioninfo id="puguix-HP-ENVY-Laptop-13-aq0xxx-1f65167f" start="1673792119936" dump="1673792120124"/><sessioninfo id="puguix-HP-ENVY-Laptop-13-aq0xxx-8da04fc3" start="1673792120209" dump="1673792120372"/><sessioninfo id="puguix-HP-ENVY-Laptop-13-aq0xxx-dfa3ee10" start="1673792120454" dump="1673792120626"/><sessioninfo id="puguix-HP-ENVY-Laptop-13-aq0xxx-8dd2c048" start="1673792120709" dump="1673792120905"/><sessioninfo id="puguix-HP-ENVY-Laptop-13-aq0xxx-611592e7" start="1673792121011" dump="1673792121185"/><sessioninfo id="puguix-HP-ENVY-Laptop-13-aq0xxx-89f117d7" start="1673792121278" dump="1673792121472"/><sessioninfo id="puguix-HP-ENVY-Laptop-13-aq0xxx-9f6f4ce8" start="1673792121561" dump="1673792121721"/><sessioninfo id="puguix-HP-ENVY-Laptop-13-aq0xxx-81116e6d" start="1673792121801" dump="1673792121954"/><sessioninfo id="puguix-HP-ENVY-Laptop-13-aq0xxx-10d86b79" start="1673792122033" dump="1673792122214"/><sessioninfo id="puguix-HP-ENVY-Laptop-13-aq0xxx-1809d4bc" start="1673792122296" dump="1673792122457"/><sessioninfo id="puguix-HP-ENVY-Laptop-13-aq0xxx-9f7c2f57" start="1673792122538" dump="1673792122704"/><sessioninfo id="puguix-HP-ENVY-Laptop-13-aq0xxx-52cbc061" start="1673792122785" dump="1673792122966"/><sessioninfo id="puguix-HP-ENVY-Laptop-13-aq0xxx-88206ef7" start="1673792123047" dump="1673792123204"/><sessioninfo id="puguix-HP-ENVY-Laptop-13-aq0xxx-d2c39fa4" start="1673792123288" dump="1673792123459"/><sessioninfo id="puguix-HP-ENVY-Laptop-13-aq0xxx-28d4a83f" start="1673792123540" dump="1673792123724"/><sessioninfo id="puguix-HP-ENVY-Laptop-13-aq0xxx-acce1bda" start="1673792123809" dump="1673792123986"/><sessioninfo id="puguix-HP-ENVY-Laptop-13-aq0xxx-cece6672" start="1673792124081" dump="1673792124248"/><sessioninfo id="puguix-HP-ENVY-Laptop-13-aq0xxx-e3cf4a9c" start="1673792124331" dump="1673792124490"/><sessioninfo id="puguix-HP-ENVY-Laptop-13-aq0xxx-5f431fa2" start="1673792124574" dump="1673792124744"/><sessioninfo id="puguix-HP-ENVY-Laptop-13-aq0xxx-7610e3a9" start="1673792124814" dump="1673792124973"/><sessioninfo id="puguix-HP-ENVY-Laptop-13-aq0xxx-796002eb" start="1673792125052" dump="1673792125241"/><sessioninfo id="puguix-HP-ENVY-Laptop-13-aq0xxx-5237a649" start="1673792125318" dump="1673792125486"/><sessioninfo id="puguix-HP-ENVY-Laptop-13-aq0xxx-9d3d020c" start="1673792125569" dump="1673792125760"/><sessioninfo id="puguix-HP-ENVY-Laptop-13-aq0xxx-e2e69c3e" start="1673792125851" dump="1673792126050"/><sessioninfo id="puguix-HP-ENVY-Laptop-13-aq0xxx-f7ff4682" start="1673792126131" dump="1673792126293"/><sessioninfo id="puguix-HP-ENVY-Laptop-13-aq0xxx-67e8e3bc" start="1673792126379" dump="1673792126559"/><sessioninfo id="puguix-HP-ENVY-Laptop-13-aq0xxx-286b0d4f" start="1673792126641" dump="1673792126809"/><sessioninfo id="puguix-HP-ENVY-Laptop-13-aq0xxx-175d55b8" start="1673792126889" dump="1673792127056"/><sessioninfo id="puguix-HP-ENVY-Laptop-13-aq0xxx-ee538538" start="1673792127147" dump="1673792127317"/><sessioninfo id="puguix-HP-ENVY-Laptop-13-aq0xxx-700bb00c" start="1673792127400" dump="1673792127573"/><sessioninfo id="puguix-HP-ENVY-Laptop-13-aq0xxx-e6ffd447" start="1673792127723" dump="1673792127890"/><sessioninfo id="puguix-HP-ENVY-Laptop-13-aq0xxx-a1a0a63d" start="1673792127975" dump="1673792128158"/><sessioninfo id="puguix-HP-ENVY-Laptop-13-aq0xxx-80a6d6c1" start="1673792128234" dump="1673792128418"/><sessioninfo id="puguix-HP-ENVY-Laptop-13-aq0xxx-b642c858" start="1673792128504" dump="1673792128698"/><sessioninfo id="puguix-HP-ENVY-Laptop-13-aq0xxx-67865904" start="1673792128768" dump="1673792128962"/><sessioninfo id="puguix-HP-ENVY-Laptop-13-aq0xxx-ed29e35d" start="1673792129035" dump="1673792129205"/><sessioninfo id="puguix-HP-ENVY-Laptop-13-aq0xxx-46ce68b0" start="1673792129285" dump="1673792129475"/><sessioninfo id="puguix-HP-ENVY-Laptop-13-aq0xxx-c6e7340b" start="1673792129555" dump="1673792129743"/><sessioninfo id="puguix-HP-ENVY-Laptop-13-aq0xxx-eeccd883" start="1673792129824" dump="1673792130053"/><sessioninfo id="puguix-HP-ENVY-Laptop-13-aq0xxx-5e6d4656" start="1673792130170" dump="1673792130410"/><sessioninfo id="puguix-HP-ENVY-Laptop-13-aq0xxx-8d99a38" start="1673792130500" dump="1673792130735"/><sessioninfo id="puguix-HP-ENVY-Laptop-13-aq0xxx-9656e898" start="1673792130831" dump="1673792131096"/><sessioninfo id="puguix-HP-ENVY-Laptop-13-aq0xxx-22820866" start="1673792131246" dump="1673792131486"/><sessioninfo id="puguix-HP-ENVY-Laptop-13-aq0xxx-24cb8a17" start="1673792131588" dump="1673792131805"/><sessioninfo id="puguix-HP-ENVY-Laptop-13-aq0xxx-e023be20" start="1673792131896" dump="1673792132155"/><sessioninfo id="puguix-HP-ENVY-Laptop-13-aq0xxx-ebf999f9" start="1673792132267" dump="1673792132453"/><sessioninfo id="puguix-HP-ENVY-Laptop-13-aq0xxx-70367510" start="1673792132559" dump="1673792132774"/><sessioninfo id="puguix-HP-ENVY-Laptop-13-aq0xxx-4bc09bcb" start="1673792132859" dump="1673792133044"/><sessioninfo id="puguix-HP-ENVY-Laptop-13-aq0xxx-8a156722" start="1673792133138" dump="1673792133395"/><sessioninfo id="puguix-HP-ENVY-Laptop-13-aq0xxx-b9da9dce" start="1673792133553" dump="1673792133842"/><sessioninfo id="puguix-HP-ENVY-Laptop-13-aq0xxx-4bc5ac7" start="1673792133965" dump="1673792134262"/><sessioninfo id="puguix-HP-ENVY-Laptop-13-aq0xxx-4575e137" start="1673792134389" dump="1673792134653"/><sessioninfo id="puguix-HP-ENVY-Laptop-13-aq0xxx-33f7bb73" start="1673792134766" dump="1673792135051"/><sessioninfo id="puguix-HP-ENVY-Laptop-13-aq0xxx-e4ac7cf7" start="1673792135185" dump="1673792135453"/><sessioninfo id="puguix-HP-ENVY-Laptop-13-aq0xxx-267c78d2" start="1673792135564" dump="1673792135825"/><sessioninfo id="puguix-HP-ENVY-Laptop-13-aq0xxx-b034f034" start="1673792135998" dump="1673792136426"/><sessioninfo id="puguix-HP-ENVY-Laptop-13-aq0xxx-55b20e69" start="1673792136538" dump="1673792136846"/><sessioninfo id="puguix-HP-ENVY-Laptop-13-aq0xxx-6e8f489c" start="1673792137074" dump="1673792137493"/><sessioninfo id="puguix-HP-ENVY-Laptop-13-aq0xxx-c163d969" start="1673792137652" dump="1673792138007"/><sessioninfo id="puguix-HP-ENVY-Laptop-13-aq0xxx-cc4ca9a5" start="1673792138256" dump="1673792138617"/><sessioninfo id="puguix-HP-ENVY-Laptop-13-aq0xxx-a9cb906f" start="1673792138712" dump="1673792138931"/><sessioninfo id="puguix-HP-ENVY-Laptop-13-aq0xxx-b15236" start="1673792139015" dump="1673792139219"/><sessioninfo id="puguix-HP-ENVY-Laptop-13-aq0xxx-36cda266" start="1673792139300" dump="1673792139524"/><sessioninfo id="puguix-HP-ENVY-Laptop-13-aq0xxx-32351108" start="1673792139606" dump="1673792139812"/><sessioninfo id="puguix-HP-ENVY-Laptop-13-aq0xxx-2c089066" start="1673792139903" dump="1673792140103"/><sessioninfo id="puguix-HP-ENVY-Laptop-13-aq0xxx-19ef1d5c" start="1673792140178" dump="1673792140366"/><sessioninfo id="puguix-HP-ENVY-Laptop-13-aq0xxx-e42c1bf3" start="1673792140458" dump="1673792140640"/><sessioninfo id="puguix-HP-ENVY-Laptop-13-aq0xxx-f1503d2f" start="1673792140723" dump="1673792140959"/><sessioninfo id="puguix-HP-ENVY-Laptop-13-aq0xxx-6fc2c523" start="1673792141076" dump="1673792141279"/><sessioninfo id="puguix-HP-ENVY-Laptop-13-aq0xxx-33d124ff" start="1673792141368" dump="1673792141560"/><sessioninfo id="puguix-HP-ENVY-Laptop-13-aq0xxx-96c38e01" start="1673792141643" dump="1673792141840"/><sessioninfo id="puguix-HP-ENVY-Laptop-13-aq0xxx-e0ee2c2d" start="1673792141922" dump="1673792142136"/><sessioninfo id="puguix-HP-ENVY-Laptop-13-aq0xxx-c05b2f14" start="1673792142223" dump="1673792142418"/><sessioninfo id="puguix-HP-ENVY-Laptop-13-aq0xxx-d0391af" start="1673792142498" dump="1673792142717"/><sessioninfo id="puguix-HP-ENVY-Laptop-13-aq0xxx-5eb31cc0" start="1673792142796" dump="1673792142989"/><sessioninfo id="puguix-HP-ENVY-Laptop-13-aq0xxx-ec6f4594" start="1673792143067" dump="1673792143279"/><sessioninfo id="puguix-HP-ENVY-Laptop-13-aq0xxx-33e45043" start="1673792143375" dump="1673792143602"/><sessioninfo id="puguix-HP-ENVY-Laptop-13-aq0xxx-9da247bd" start="1673792143707" dump="1673792143926"/><sessioninfo id="puguix-HP-ENVY-Laptop-13-aq0xxx-202a1f0" start="1673792144050" dump="1673792144286"/><sessioninfo id="puguix-HP-ENVY-Laptop-13-aq0xxx-4baf5ea0" start="1673792144384" dump="1673792144670"/><sessioninfo id="puguix-HP-ENVY-Laptop-13-aq0xxx-3aed48e4" start="1673792144784" dump="1673792145009"/><sessioninfo id="puguix-HP-ENVY-Laptop-13-aq0xxx-6b98cd57" start="1673792145119" dump="1673792145350"/><sessioninfo id="puguix-HP-ENVY-Laptop-13-aq0xxx-42cbf51a" start="1673792145461" dump="1673792145709"/><sessioninfo id="puguix-HP-ENVY-Laptop-13-aq0xxx-d22b4e0c" start="1673792145810" dump="1673792146091"/><sessioninfo id="puguix-HP-ENVY-Laptop-13-aq0xxx-183e3595" start="1673792146194" dump="1673792146423"/><sessioninfo id="puguix-HP-ENVY-Laptop-13-aq0xxx-54686f8" start="1673792146518" dump="1673792146757"/><sessioninfo id="puguix-HP-ENVY-Laptop-13-aq0xxx-1fb7b364" start="1673792146854" dump="1673792147076"/><sessioninfo id="puguix-HP-ENVY-Laptop-13-aq0xxx-5912e3bf" start="1673792147174" dump="1673792147413"/><sessioninfo id="puguix-HP-ENVY-Laptop-13-aq0xxx-f82f69bf" start="1673792147514" dump="1673792147749"/><sessioninfo id="puguix-HP-ENVY-Laptop-13-aq0xxx-1e766dd" start="1673792147848" dump="1673792148083"/><sessioninfo id="puguix-HP-ENVY-Laptop-13-aq0xxx-ebeb848d" start="1673792148183" dump="1673792148393"/><sessioninfo id="puguix-HP-ENVY-Laptop-13-aq0xxx-1b3d154" start="1673792148494" dump="1673792148714"/><sessioninfo id="puguix-HP-ENVY-Laptop-13-aq0xxx-38ebc5d1" start="1673792148801" dump="1673792149010"/><sessioninfo id="puguix-HP-ENVY-Laptop-13-aq0xxx-5b69ee46" start="1673792149120" dump="1673792149320"/><sessioninfo id="puguix-HP-ENVY-Laptop-13-aq0xxx-53aa13a4" start="1673792149419" dump="1673792149631"/><sessioninfo id="puguix-HP-ENVY-Laptop-13-aq0xxx-cb96aa98" start="1673792149710" dump="1673792149916"/><sessioninfo id="puguix-HP-ENVY-Laptop-13-aq0xxx-5569ad8c" start="1673792150014" dump="1673792150248"/><sessioninfo id="puguix-HP-ENVY-Laptop-13-aq0xxx-1231a3a" start="1673792150331" dump="1673792150551"/><sessioninfo id="puguix-HP-ENVY-Laptop-13-aq0xxx-631e4fc3" start="1673792150633" dump="1673792150841"/><sessioninfo id="puguix-HP-ENVY-Laptop-13-aq0xxx-6d9a461a" start="1673792150943" dump="1673792151182"/><sessioninfo id="puguix-HP-ENVY-Laptop-13-aq0xxx-a0a8669c" start="1673792151263" dump="1673792151490"/><sessioninfo id="puguix-HP-ENVY-Laptop-13-aq0xxx-1b052ccd" start="1673792151568" dump="1673792151777"/><sessioninfo id="puguix-HP-ENVY-Laptop-13-aq0xxx-7d3d2542" start="1673792151855" dump="1673792152044"/><sessioninfo id="puguix-HP-ENVY-Laptop-13-aq0xxx-f9746df5" start="1673792152126" dump="1673792152336"/><sessioninfo id="puguix-HP-ENVY-Laptop-13-aq0xxx-eda26843" start="1673792152422" dump="1673792152626"/><sessioninfo id="puguix-HP-ENVY-Laptop-13-aq0xxx-b08fd02c" start="1673792152715" dump="1673792152922"/><sessioninfo id="puguix-HP-ENVY-Laptop-13-aq0xxx-33743a74" start="1673792153098" dump="1673792153313"/><sessioninfo id="puguix-HP-ENVY-Laptop-13-aq0xxx-d0651ace" start="1673792153412" dump="1673792153661"/><sessioninfo id="puguix-HP-ENVY-Laptop-13-aq0xxx-e7dc8f1d" start="1673792153767" dump="1673792154019"/><sessioninfo id="puguix-HP-ENVY-Laptop-13-aq0xxx-af7ecc8" start="1673792154144" dump="1673792154405"/><sessioninfo id="puguix-HP-ENVY-Laptop-13-aq0xxx-9d36229c" start="1673792154521" dump="1673792154784"/><sessioninfo id="puguix-HP-ENVY-Laptop-13-aq0xxx-89665617" start="1673792154909" dump="1673792155157"/><sessioninfo id="puguix-HP-ENVY-Laptop-13-aq0xxx-2b1dfbf9" start="1673792155255" dump="1673792155526"/><sessioninfo id="puguix-HP-ENVY-Laptop-13-aq0xxx-139e48e5" start="1673792155641" dump="1673792155910"/><sessioninfo id="puguix-HP-ENVY-Laptop-13-aq0xxx-93f6e500" start="1673792156034" dump="1673792156319"/><sessioninfo id="puguix-HP-ENVY-Laptop-13-aq0xxx-aeb7bc72" start="1673792156434" dump="1673792156703"/><sessioninfo id="puguix-HP-ENVY-Laptop-13-aq0xxx-5de1e4cb" start="1673792156804" dump="1673792157060"/><sessioninfo id="puguix-HP-ENVY-Laptop-13-aq0xxx-21ff368" start="1673792157171" dump="1673792157406"/><sessioninfo id="puguix-HP-ENVY-Laptop-13-aq0xxx-cb71c680" start="1673792157511" dump="1673792157733"/><sessioninfo id="puguix-HP-ENVY-Laptop-13-aq0xxx-ce2ea717" start="1673792157828" dump="1673792158070"/><sessioninfo id="puguix-HP-ENVY-Laptop-13-aq0xxx-85ce7259" start="1673792158168" dump="1673792158395"/><sessioninfo id="puguix-HP-ENVY-Laptop-13-aq0xxx-46e1d56d" start="1673792158512" dump="1673792158752"/><sessioninfo id="puguix-HP-ENVY-Laptop-13-aq0xxx-fae3ea7d" start="1673792158869" dump="1673792159112"/><sessioninfo id="puguix-HP-ENVY-Laptop-13-aq0xxx-e6c0441b" start="1673792159194" dump="1673792159364"/><sessioninfo id="puguix-HP-ENVY-Laptop-13-aq0xxx-89eef5d2" start="1673792159460" dump="1673792159666"/><sessioninfo id="puguix-HP-ENVY-Laptop-13-aq0xxx-420c39ad" start="1673792159757" dump="1673792159966"/><sessioninfo id="puguix-HP-ENVY-Laptop-13-aq0xxx-e65de3a3" start="1673792160063" dump="1673792160293"/><sessioninfo id="puguix-HP-ENVY-Laptop-13-aq0xxx-4f1f681d" start="1673792160390" dump="1673792160610"/><sessioninfo id="puguix-HP-ENVY-Laptop-13-aq0xxx-47734d77" start="1673792160721" dump="1673792160952"/><sessioninfo id="puguix-HP-ENVY-Laptop-13-aq0xxx-4735ad15" start="1673792161077" dump="1673792161300"/><sessioninfo id="puguix-HP-ENVY-Laptop-13-aq0xxx-731ad671" start="1673792161585" dump="1673792161651"/><sessioninfo id="puguix-HP-ENVY-Laptop-13-aq0xxx-1677f81d" start="1673792161804" dump="1673792161872"/><sessioninfo id="puguix-HP-ENVY-Laptop-13-aq0xxx-9c59b2e" start="1673792162042" dump="1673792162107"/><sessioninfo id="puguix-HP-ENVY-Laptop-13-aq0xxx-3ae7faba" start="1673792162261" dump="1673792162338"/><sessioninfo id="puguix-HP-ENVY-Laptop-13-aq0xxx-bf6280d3" start="1673792162484" dump="1673792162549"/><sessioninfo id="puguix-HP-ENVY-Laptop-13-aq0xxx-a2d8e998" start="1673792162720" dump="1673792162787"/><sessioninfo id="puguix-HP-ENVY-Laptop-13-aq0xxx-45038e8" start="1673792162932" dump="1673792162994"/><sessioninfo id="puguix-HP-ENVY-Laptop-13-aq0xxx-6e0aa649" start="1673792163160" dump="1673792163225"/><sessioninfo id="puguix-HP-ENVY-Laptop-13-aq0xxx-f4bae40f" start="1673792163355" dump="1673792163413"/><sessioninfo id="puguix-HP-ENVY-Laptop-13-aq0xxx-b1a6b61a" start="1673792163591" dump="1673792163650"/><sessioninfo id="puguix-HP-ENVY-Laptop-13-aq0xxx-317f1ef9" start="1673792163817" dump="1673792163889"/><sessioninfo id="puguix-HP-ENVY-Laptop-13-aq0xxx-5b66c19e" start="1673792164058" dump="1673792164127"/><sessioninfo id="puguix-HP-ENVY-Laptop-13-aq0xxx-4f49c919" start="1673792164309" dump="1673792164387"/><sessioninfo id="puguix-HP-ENVY-Laptop-13-aq0xxx-dd22e8ae" start="1673792164563" dump="1673792164637"/><sessioninfo id="puguix-HP-ENVY-Laptop-13-aq0xxx-1081c9d1" start="1673792164818" dump="1673792164896"/><sessioninfo id="puguix-HP-ENVY-Laptop-13-aq0xxx-42dd90c4" start="1673792165070" dump="1673792165139"/><sessioninfo id="puguix-HP-ENVY-Laptop-13-aq0xxx-277c7d07" start="1673792165334" dump="1673792165404"/><sessioninfo id="puguix-HP-ENVY-Laptop-13-aq0xxx-1a138460" start="1673792165599" dump="1673792165687"/><sessioninfo id="puguix-HP-ENVY-Laptop-13-aq0xxx-17796129" start="1673792165890" dump="1673792165988"/><sessioninfo id="puguix-HP-ENVY-Laptop-13-aq0xxx-2e31f2eb" start="1673792166209" dump="1673792166296"/><sessioninfo id="puguix-HP-ENVY-Laptop-13-aq0xxx-7a7be2fd" start="1673792166466" dump="1673792166539"/><sessioninfo id="puguix-HP-ENVY-Laptop-13-aq0xxx-df2f93ce" start="1673792166719" dump="1673792166793"/><sessioninfo id="puguix-HP-ENVY-Laptop-13-aq0xxx-4fd1d5f5" start="1673792166965" dump="1673792167036"/><sessioninfo id="puguix-HP-ENVY-Laptop-13-aq0xxx-79ff9dc1" start="1673792167219" dump="1673792167294"/><sessioninfo id="puguix-HP-ENVY-Laptop-13-aq0xxx-25a74a71" start="1673792167467" dump="1673792167542"/><sessioninfo id="puguix-HP-ENVY-Laptop-13-aq0xxx-6cf8624" start="1673792167744" dump="1673792167822"/><sessioninfo id="puguix-HP-ENVY-Laptop-13-aq0xxx-23ca431" start="1673792168009" dump="1673792168083"/><sessioninfo id="puguix-HP-ENVY-Laptop-13-aq0xxx-abdacb52" start="1673792168275" dump="1673792168350"/><sessioninfo id="puguix-HP-ENVY-Laptop-13-aq0xxx-2aeed536" start="1673792168527" dump="1673792168600"/><sessioninfo id="puguix-HP-ENVY-Laptop-13-aq0xxx-26791c31" start="1673792168793" dump="1673792168871"/><sessioninfo id="puguix-HP-ENVY-Laptop-13-aq0xxx-acce67da" start="1673792169044" dump="1673792169118"/><sessioninfo id="puguix-HP-ENVY-Laptop-13-aq0xxx-4abf9020" start="1673792169256" dump="1673792169320"/><sessioninfo id="puguix-HP-ENVY-Laptop-13-aq0xxx-d0ed8042" start="1673792169494" dump="1673792169557"/><sessioninfo id="puguix-HP-ENVY-Laptop-13-aq0xxx-ddffd08c" start="1673792169727" dump="1673792169788"/><sessioninfo id="puguix-HP-ENVY-Laptop-13-aq0xxx-8c82e111" start="1673792169935" dump="1673792170006"/><sessioninfo id="puguix-HP-ENVY-Laptop-13-aq0xxx-91ab21f7" start="1673792170171" dump="1673792170238"/><sessioninfo id="puguix-HP-ENVY-Laptop-13-aq0xxx-51557180" start="1673792170386" dump="1673792170456"/><sessioninfo id="puguix-HP-ENVY-Laptop-13-aq0xxx-78f497ee" start="1673792170610" dump="1673792170668"/><sessioninfo id="puguix-HP-ENVY-Laptop-13-aq0xxx-56d00b84" start="1673792170831" dump="1673792170914"/><sessioninfo id="puguix-HP-ENVY-Laptop-13-aq0xxx-1bdd496f" start="1673792171124" dump="1673792171197"/><sessioninfo id="puguix-HP-ENVY-Laptop-13-aq0xxx-dbbb641d" start="1673792171358" dump="1673792171426"/><package name="fr/ensimag/deca"><class name="fr/ensimag/deca/DecacMain" sourcefilename="DecacMain.java"><method name="&lt;init&gt;" desc="()V" line="12"><counter type="INSTRUCTION" missed="3" covered="0"/><counter type="LINE" missed="1" covered="0"/><counter type="COMPLEXITY" missed="1" covered="0"/><counter type="METHOD" missed="1" covered="0"/></method><method name="main" desc="([Ljava/lang/String;)V" line="17"><counter type="INSTRUCTION" missed="15" covered="84"/><counter type="BRANCH" missed="2" covered="12"/><counter type="LINE" missed="6" covered="24"/><counter type="COMPLEXITY" missed="2" covered="6"/><counter type="METHOD" missed="0" covered="1"/></method><method name="&lt;clinit&gt;" desc="()V" line="13"><counter type="INSTRUCTION" missed="0" covered="4"/><counter type="LINE" missed="0" covered="1"/><counter type="COMPLEXITY" missed="0" covered="1"/><counter type="METHOD" missed="0" covered="1"/></method><counter type="INSTRUCTION" missed="18" covered="88"/><counter type="BRANCH" missed="2" covered="12"/><counter type="LINE" missed="7" covered="25"/><counter type="COMPLEXITY" missed="3" covered="7"/><counter type="METHOD" missed="1" covered="2"/><counter type="CLASS" missed="0" covered="1"/></class><class name="fr/ensimag/deca/CompilerOptions" sourcefilename="CompilerOptions.java"><method name="&lt;init&gt;" desc="()V" line="18"><counter type="INSTRUCTION" missed="0" covered="32"/><counter type="LINE" missed="0" covered="10"/><counter type="COMPLEXITY" missed="0" covered="1"/><counter type="METHOD" missed="0" covered="1"/></method><method name="getDebug" desc="()I" line="24"><counter type="INSTRUCTION" missed="0" covered="3"/><counter type="LINE" missed="0" covered="1"/><counter type="COMPLEXITY" missed="0" covered="1"/><counter type="METHOD" missed="0" covered="1"/></method><method name="getParallel" desc="()Z" line="28"><counter type="INSTRUCTION" missed="0" covered="3"/><counter type="LINE" missed="0" covered="1"/><counter type="COMPLEXITY" missed="0" covered="1"/><counter type="METHOD" missed="0" covered="1"/></method><method name="getPrintBanner" desc="()Z" line="32"><counter type="INSTRUCTION" missed="0" covered="3"/><counter type="LINE" missed="0" covered="1"/><counter type="COMPLEXITY" missed="0" covered="1"/><counter type="METHOD" missed="0" covered="1"/></method><method name="getVerification" desc="()Z" line="36"><counter type="INSTRUCTION" missed="0" covered="3"/><counter type="LINE" missed="0" covered="1"/><counter type="COMPLEXITY" missed="0" covered="1"/><counter type="METHOD" missed="0" covered="1"/></method><method name="geCompileInARM" desc="()Z" line="40"><counter type="INSTRUCTION" missed="3" covered="0"/><counter type="LINE" missed="1" covered="0"/><counter type="COMPLEXITY" missed="1" covered="0"/><counter type="METHOD" missed="1" covered="0"/></method><method name="getParsing" desc="()Z" line="44"><counter type="INSTRUCTION" missed="0" covered="3"/><counter type="LINE" missed="0" covered="1"/><counter type="COMPLEXITY" missed="0" covered="1"/><counter type="METHOD" missed="0" covered="1"/></method><method name="getCheck" desc="()Z" line="48"><counter type="INSTRUCTION" missed="3" covered="0"/><counter type="LINE" missed="1" covered="0"/><counter type="COMPLEXITY" missed="1" covered="0"/><counter type="METHOD" missed="1" covered="0"/></method><method name="getnumberRegisters" desc="()I" line="52"><counter type="INSTRUCTION" missed="0" covered="3"/><counter type="LINE" missed="0" covered="1"/><counter type="COMPLEXITY" missed="0" covered="1"/><counter type="METHOD" missed="0" covered="1"/></method><method name="getSourceFiles" desc="()Ljava/util/List;" line="56"><counter type="INSTRUCTION" missed="0" covered="4"/><counter type="LINE" missed="0" covered="1"/><counter type="COMPLEXITY" missed="0" covered="1"/><counter type="METHOD" missed="0" covered="1"/></method><method name="parseArgs" desc="([Ljava/lang/String;)V" line="72"><counter type="INSTRUCTION" missed="28" covered="189"/><counter type="BRANCH" missed="8" covered="40"/><counter type="LINE" missed="10" covered="48"/><counter type="COMPLEXITY" missed="8" covered="22"/><counter type="METHOD" missed="0" covered="1"/></method><method name="displayUsage" desc="()V" line="179"><counter type="INSTRUCTION" missed="0" covered="105"/><counter type="LINE" missed="0" covered="9"/><counter type="COMPLEXITY" missed="0" covered="1"/><counter type="METHOD" missed="0" covered="1"/></method><method name="&lt;clinit&gt;" desc="()V" line="18"><counter type="INSTRUCTION" missed="2" covered="6"/><counter type="BRANCH" missed="1" covered="1"/><counter type="LINE" missed="0" covered="1"/><counter type="COMPLEXITY" missed="1" covered="1"/><counter type="METHOD" missed="0" covered="1"/></method><counter type="INSTRUCTION" missed="36" covered="354"/><counter type="BRANCH" missed="9" covered="41"/><counter type="LINE" missed="12" covered="74"/><counter type="COMPLEXITY" missed="11" covered="32"/><counter type="METHOD" missed="2" covered="11"/><counter type="CLASS" missed="0" covered="1"/></class><class name="fr/ensimag/deca/CLIException" sourcefilename="CLIException.java"><method name="&lt;init&gt;" desc="(Ljava/lang/String;)V" line="13"><counter type="INSTRUCTION" missed="0" covered="4"/><counter type="LINE" missed="0" covered="2"/><counter type="COMPLEXITY" missed="0" covered="1"/><counter type="METHOD" missed="0" covered="1"/></method><counter type="INSTRUCTION" missed="0" covered="4"/><counter type="LINE" missed="0" covered="2"/><counter type="COMPLEXITY" missed="0" covered="1"/><counter type="METHOD" missed="0" covered="1"/><counter type="CLASS" missed="0" covered="1"/></class><class name="fr/ensimag/deca/DecacCompiler" sourcefilename="DecacCompiler.java"><method name="getErreurPile" desc="()Lfr/ensimag/ima/pseudocode/Label;" line="53"><counter type="INSTRUCTION" missed="0" covered="3"/><counter type="LINE" missed="0" covered="1"/><counter type="COMPLEXITY" missed="0" covered="1"/><counter type="METHOD" missed="0" covered="1"/></method><method name="getErreurOverflow" desc="()Lfr/ensimag/ima/pseudocode/Label;" line="59"><counter type="INSTRUCTION" missed="0" covered="3"/><counter type="LINE" missed="0" covered="1"/><counter type="COMPLEXITY" missed="0" covered="1"/><counter type="METHOD" missed="0" covered="1"/></method><method name="getErreurinOut" desc="()Lfr/ensimag/ima/pseudocode/Label;" line="65"><counter type="INSTRUCTION" missed="0" covered="3"/><counter type="LINE" missed="0" covered="1"/><counter type="COMPLEXITY" missed="0" covered="1"/><counter type="METHOD" missed="0" covered="1"/></method><method name="getD" desc="()I" line="69"><counter type="INSTRUCTION" missed="0" covered="3"/><counter type="LINE" missed="0" covered="1"/><counter type="COMPLEXITY" missed="0" covered="1"/><counter type="METHOD" missed="0" covered="1"/></method><method name="setD" desc="(I)V" line="73"><counter type="INSTRUCTION" missed="0" covered="4"/><counter type="LINE" missed="0" covered="2"/><counter type="COMPLEXITY" missed="0" covered="1"/><counter type="METHOD" missed="0" covered="1"/></method><method name="getN" desc="()I" line="77"><counter type="INSTRUCTION" missed="0" covered="3"/><counter type="LINE" missed="0" covered="1"/><counter type="COMPLEXITY" missed="0" covered="1"/><counter type="METHOD" missed="0" covered="1"/></method><method name="setN" desc="(I)V" line="81"><counter type="INSTRUCTION" missed="0" covered="4"/><counter type="LINE" missed="0" covered="2"/><counter type="COMPLEXITY" missed="0" covered="1"/><counter type="METHOD" missed="0" covered="1"/></method><method name="getSP" desc="()I" line="85"><counter type="INSTRUCTION" missed="0" covered="3"/><counter type="LINE" missed="0" covered="1"/><counter type="COMPLEXITY" missed="0" covered="1"/><counter type="METHOD" missed="0" covered="1"/></method><method name="setSP" desc="(I)V" line="89"><counter type="INSTRUCTION" missed="0" covered="4"/><counter type="LINE" missed="0" covered="2"/><counter type="COMPLEXITY" missed="0" covered="1"/><counter type="METHOD" missed="0" covered="1"/></method><method name="&lt;init&gt;" desc="(Lfr/ensimag/deca/CompilerOptions;Ljava/io/File;)V" line="47"><counter type="INSTRUCTION" missed="0" covered="52"/><counter type="LINE" missed="0" covered="13"/><counter type="COMPLEXITY" missed="0" covered="1"/><counter type="METHOD" missed="0" covered="1"/></method><method name="getSource" desc="()Ljava/io/File;" line="102"><counter type="INSTRUCTION" missed="3" covered="0"/><counter type="LINE" missed="1" covered="0"/><counter type="COMPLEXITY" missed="1" covered="0"/><counter type="METHOD" missed="1" covered="0"/></method><method name="getCompilerOptions" desc="()Lfr/ensimag/deca/CompilerOptions;" line="110"><counter type="INSTRUCTION" missed="0" covered="3"/><counter type="LINE" missed="0" covered="1"/><counter type="COMPLEXITY" missed="0" covered="1"/><counter type="METHOD" missed="0" covered="1"/></method><method name="add" desc="(Lfr/ensimag/ima/pseudocode/AbstractLine;)V" line="118"><counter type="INSTRUCTION" missed="5" covered="0"/><counter type="LINE" missed="2" covered="0"/><counter type="COMPLEXITY" missed="1" covered="0"/><counter type="METHOD" missed="1" covered="0"/></method><method name="addComment" desc="(Ljava/lang/String;)V" line="125"><counter type="INSTRUCTION" missed="0" covered="5"/><counter type="LINE" missed="0" covered="2"/><counter type="COMPLEXITY" missed="0" covered="1"/><counter type="METHOD" missed="0" covered="1"/></method><method name="addLabel" desc="(Lfr/ensimag/ima/pseudocode/Label;)V" line="133"><counter type="INSTRUCTION" missed="0" covered="5"/><counter type="LINE" missed="0" covered="2"/><counter type="COMPLEXITY" missed="0" covered="1"/><counter type="METHOD" missed="0" covered="1"/></method><method name="addInstruction" desc="(Lfr/ensimag/ima/pseudocode/Instruction;)V" line="141"><counter type="INSTRUCTION" missed="0" covered="5"/><counter type="LINE" missed="0" covered="2"/><counter type="COMPLEXITY" missed="0" covered="1"/><counter type="METHOD" missed="0" covered="1"/></method><method name="addInstructionFirst" desc="(Lfr/ensimag/ima/pseudocode/Instruction;)V" line="145"><counter type="INSTRUCTION" missed="0" covered="5"/><counter type="LINE" missed="0" covered="2"/><counter type="COMPLEXITY" missed="0" covered="1"/><counter type="METHOD" missed="0" covered="1"/></method><method name="addInstruction" desc="(Lfr/ensimag/ima/pseudocode/Instruction;Ljava/lang/String;)V" line="154"><counter type="INSTRUCTION" missed="6" covered="0"/><counter type="LINE" missed="2" covered="0"/><counter type="COMPLEXITY" missed="1" covered="0"/><counter type="METHOD" missed="1" covered="0"/></method><method name="displayIMAProgram" desc="()Ljava/lang/String;" line="162"><counter type="INSTRUCTION" missed="4" covered="0"/><counter type="LINE" missed="1" covered="0"/><counter type="COMPLEXITY" missed="1" covered="0"/><counter type="METHOD" missed="1" covered="0"/></method><method name="createSymbol" desc="(Ljava/lang/String;)Lfr/ensimag/deca/tools/SymbolTable$Symbol;" line="181"><counter type="INSTRUCTION" missed="0" covered="5"/><counter type="LINE" missed="0" covered="1"/><counter type="COMPLEXITY" missed="0" covered="1"/><counter type="METHOD" missed="0" covered="1"/></method><method name="compile" desc="()Z" line="190"><counter type="INSTRUCTION" missed="54" covered="100"/><counter type="LINE" missed="11" covered="17"/><counter type="COMPLEXITY" missed="0" covered="1"/><counter type="METHOD" missed="0" covered="1"/></method><method name="doCompile" desc="(Ljava/lang/String;Ljava/lang/String;Ljava/io/PrintStream;Ljava/io/PrintStream;)Z" line="245"><counter type="INSTRUCTION" missed="22" covered="105"/><counter type="BRANCH" missed="4" covered="10"/><counter type="LINE" missed="2" covered="24"/><counter type="COMPLEXITY" missed="4" covered="4"/><counter type="METHOD" missed="0" covered="1"/></method><method name="doLexingAndParsing" desc="(Ljava/lang/String;Ljava/io/PrintStream;)Lfr/ensimag/deca/tree/AbstractProgram;" line="304"><counter type="INSTRUCTION" missed="14" covered="27"/><counter type="LINE" missed="2" covered="7"/><counter type="COMPLEXITY" missed="0" covered="1"/><counter type="METHOD" missed="0" covered="1"/></method><method name="&lt;clinit&gt;" desc="()V" line="40"><counter type="INSTRUCTION" missed="2" covered="13"/><counter type="BRANCH" missed="1" covered="1"/><counter type="LINE" missed="0" covered="3"/><counter type="COMPLEXITY" missed="1" covered="1"/><counter type="METHOD" missed="0" covered="1"/></method><counter type="INSTRUCTION" missed="110" covered="355"/><counter type="BRANCH" missed="5" covered="11"/><counter type="LINE" missed="21" covered="86"/><counter type="COMPLEXITY" missed="9" covered="23"/><counter type="METHOD" missed="4" covered="20"/><counter type="CLASS" missed="0" covered="1"/></class><class name="fr/ensimag/deca/DecacFatalError" sourcefilename="DecacFatalError.java"><method name="&lt;init&gt;" desc="(Ljava/lang/String;)V" line="14"><counter type="INSTRUCTION" missed="4" covered="0"/><counter type="LINE" missed="2" covered="0"/><counter type="COMPLEXITY" missed="1" covered="0"/><counter type="METHOD" missed="1" covered="0"/></method><counter type="INSTRUCTION" missed="4" covered="0"/><counter type="LINE" missed="2" covered="0"/><counter type="COMPLEXITY" missed="1" covered="0"/><counter type="METHOD" missed="1" covered="0"/><counter type="CLASS" missed="1" covered="0"/></class><sourcefile name="DecacFatalError.java"><line nr="14" mi="3" ci="0" mb="0" cb="0"/><line nr="15" mi="1" ci="0" mb="0" cb="0"/><counter type="INSTRUCTION" missed="4" covered="0"/><counter type="LINE" missed="2" covered="0"/><counter type="COMPLEXITY" missed="1" covered="0"/><counter type="METHOD" missed="1" covered="0"/><counter type="CLASS" missed="1" covered="0"/></sourcefile><sourcefile name="CLIException.java"><line nr="13" mi="0" ci="3" mb="0" cb="0"/><line nr="14" mi="0" ci="1" mb="0" cb="0"/><counter type="INSTRUCTION" missed="0" covered="4"/><counter type="LINE" missed="0" covered="2"/><counter type="COMPLEXITY" missed="0" covered="1"/><counter type="METHOD" missed="0" covered="1"/><counter type="CLASS" missed="0" covered="1"/></sourcefile><sourcefile name="CompilerOptions.java"><line nr="18" mi="2" ci="8" mb="1" cb="1"/><line nr="24" mi="0" ci="3" mb="0" cb="0"/><line nr="28" mi="0" ci="3" mb="0" cb="0"/><line nr="32" mi="0" ci="3" mb="0" cb="0"/><line nr="36" mi="0" ci="3" mb="0" cb="0"/><line nr="40" mi="3" ci="0" mb="0" cb="0"/><line nr="44" mi="0" ci="3" mb="0" cb="0"/><line nr="48" mi="3" ci="0" mb="0" cb="0"/><line nr="52" mi="0" ci="3" mb="0" cb="0"/><line nr="56" mi="0" ci="4" mb="0" cb="0"/><line nr="59" mi="0" ci="3" mb="0" cb="0"/><line nr="60" mi="0" ci="3" mb="0" cb="0"/><line nr="61" mi="0" ci="3" mb="0" cb="0"/><line nr="62" mi="0" ci="3" mb="0" cb="0"/><line nr="63" mi="0" ci="3" mb="0" cb="0"/><line nr="64" mi="0" ci="3" mb="0" cb="0"/><line nr="65" mi="0" ci="3" mb="0" cb="0"/><line nr="66" mi="0" ci="3" mb="0" cb="0"/><line nr="67" mi="0" ci="6" mb="0" cb="0"/><line nr="72" mi="0" ci="2" mb="0" cb="0"/><line nr="73" mi="0" ci="4" mb="0" cb="2"/><line nr="75" mi="0" ci="4" mb="0" cb="0"/><line nr="76" mi="0" ci="8" mb="2" cb="7"/><line nr="79" mi="0" ci="3" mb="0" cb="0"/><line nr="80" mi="0" ci="4" mb="0" cb="2"/><line nr="81" mi="0" ci="5" mb="0" cb="0"/><line nr="85" mi="0" ci="3" mb="0" cb="0"/><line nr="86" mi="0" ci="6" mb="0" cb="4"/><line nr="87" mi="0" ci="5" mb="0" cb="0"/><line nr="92" mi="0" ci="3" mb="0" cb="0"/><line nr="93" mi="0" ci="6" mb="0" cb="4"/><line nr="94" mi="0" ci="5" mb="0" cb="0"/><line nr="99" mi="3" ci="0" mb="0" cb="0"/><line nr="100" mi="1" ci="0" mb="0" cb="0"/><line nr="103" mi="0" ci="3" mb="0" cb="0"/><line nr="104" mi="0" ci="6" mb="0" cb="4"/><line nr="105" mi="0" ci="5" mb="0" cb="0"/><line nr="110" mi="0" ci="6" mb="0" cb="0"/><line nr="111" mi="0" ci="1" mb="0" cb="0"/><line nr="114" mi="3" ci="0" mb="0" cb="0"/><line nr="115" mi="1" ci="0" mb="0" cb="0"/><line nr="118" mi="0" ci="1" mb="0" cb="0"/><line nr="121" mi="0" ci="5" mb="0" cb="0"/><line nr="123" mi="1" ci="0" mb="0" cb="0"/><line nr="124" mi="5" ci="0" mb="0" cb="0"/><line nr="125" mi="0" ci="1" mb="0" cb="0"/><line nr="126" mi="0" ci="6" mb="0" cb="4"/><line nr="127" mi="0" ci="5" mb="0" cb="0"/><line nr="129" mi="0" ci="3" mb="0" cb="0"/><line nr="130" mi="0" ci="1" mb="0" cb="0"/><line nr="135" mi="0" ci="4" mb="0" cb="2"/><line nr="136" mi="0" ci="5" mb="0" cb="0"/><line nr="139" mi="0" ci="5" mb="0" cb="0"/><line nr="140" mi="0" ci="2" mb="0" cb="0"/><line nr="141" mi="0" ci="11" mb="0" cb="2"/><line nr="142" mi="0" ci="5" mb="1" cb="1"/><line nr="143" mi="2" ci="0" mb="0" cb="0"/><line nr="144" mi="1" ci="0" mb="0" cb="0"/><line nr="146" mi="0" ci="1" mb="0" cb="0"/><line nr="147" mi="0" ci="2" mb="1" cb="1"/><line nr="148" mi="0" ci="8" mb="0" cb="0"/><line nr="151" mi="0" ci="1" mb="0" cb="0"/><line nr="152" mi="0" ci="1" mb="0" cb="0"/><line nr="153" mi="0" ci="2" mb="0" cb="0"/><line nr="155" mi="0" ci="3" mb="1" cb="4"/><line nr="156" mi="0" ci="1" mb="0" cb="0"/><line nr="158" mi="0" ci="4" mb="0" cb="0"/><line nr="160" mi="0" ci="4" mb="0" cb="0"/><line nr="162" mi="4" ci="0" mb="0" cb="0"/><line nr="164" mi="0" ci="3" mb="0" cb="0"/><line nr="166" mi="0" ci="11" mb="0" cb="0"/><line nr="168" mi="0" ci="2" mb="0" cb="0"/><line nr="169" mi="4" ci="6" mb="2" cb="2"/><line nr="170" mi="0" ci="2" mb="1" cb="1"/><line nr="171" mi="0" ci="4" mb="0" cb="0"/><line nr="173" mi="3" ci="0" mb="0" cb="0"/><line nr="176" mi="0" ci="1" mb="0" cb="0"/><line nr="179" mi="0" ci="3" mb="0" cb="0"/><line nr="180" mi="0" ci="11" mb="0" cb="0"/><line nr="184" mi="0" ci="3" mb="0" cb="0"/><line nr="186" mi="0" ci="3" mb="0" cb="0"/><line nr="187" mi="0" ci="6" mb="0" cb="0"/><line nr="188" mi="0" ci="73" mb="0" cb="0"/><line nr="206" mi="0" ci="2" mb="0" cb="0"/><line nr="208" mi="0" ci="3" mb="0" cb="0"/><line nr="209" mi="0" ci="1" mb="0" cb="0"/><counter type="INSTRUCTION" missed="36" covered="354"/><counter type="BRANCH" missed="9" covered="41"/><counter type="LINE" missed="12" covered="74"/><counter type="COMPLEXITY" missed="11" covered="32"/><counter type="METHOD" missed="2" covered="11"/><counter type="CLASS" missed="0" covered="1"/></sourcefile><sourcefile name="DecacMain.java"><line nr="12" mi="3" ci="0" mb="0" cb="0"/><line nr="13" mi="0" ci="4" mb="0" cb="0"/><line nr="17" mi="0" ci="3" mb="0" cb="0"/><line nr="18" mi="0" ci="2" mb="0" cb="0"/><line nr="19" mi="0" ci="4" mb="0" cb="0"/><line nr="22" mi="0" ci="3" mb="0" cb="0"/><line nr="23" mi="0" ci="1" mb="0" cb="0"/><line nr="24" mi="0" ci="5" mb="0" cb="0"/><line nr="25" mi="0" ci="8" mb="0" cb="0"/><line nr="26" mi="0" ci="3" mb="0" cb="0"/><line nr="27" mi="0" ci="2" mb="0" cb="0"/><line nr="28" mi="2" ci="0" mb="0" cb="0"/><line nr="29" mi="0" ci="1" mb="0" cb="0"/><line nr="31" mi="0" ci="3" mb="0" cb="2"/><line nr="32" mi="0" ci="3" mb="0" cb="0"/><line nr="33" mi="0" ci="3" mb="0" cb="0"/><line nr="34" mi="0" ci="3" mb="0" cb="0"/><line nr="35" mi="2" ci="0" mb="0" cb="0"/><line nr="38" mi="0" ci="4" mb="0" cb="2"/><line nr="39" mi="0" ci="2" mb="0" cb="0"/><line nr="40" mi="0" ci="3" mb="1" cb="1"/><line nr="41" mi="2" ci="0" mb="0" cb="0"/><line nr="43" mi="2" ci="0" mb="0" cb="0"/><line nr="46" mi="0" ci="3" mb="1" cb="1"/><line nr="51" mi="5" ci="0" mb="0" cb="0"/><line nr="53" mi="0" ci="11" mb="0" cb="2"/><line nr="54" mi="0" ci="6" mb="0" cb="0"/><line nr="55" mi="0" ci="3" mb="0" cb="2"/><line nr="56" mi="0" ci="2" mb="0" cb="0"/><line nr="58" mi="0" ci="1" mb="0" cb="0"/><line nr="61" mi="1" ci="5" mb="0" cb="2"/><line nr="62" mi="1" ci="0" mb="0" cb="0"/><counter type="INSTRUCTION" missed="18" covered="88"/><counter type="BRANCH" missed="2" covered="12"/><counter type="LINE" missed="7" covered="25"/><counter type="COMPLEXITY" missed="3" covered="7"/><counter type="METHOD" missed="1" covered="2"/><counter type="CLASS" missed="0" covered="1"/></sourcefile><sourcefile name="DecacCompiler.java"><line nr="40" mi="2" ci="5" mb="1" cb="1"/><line nr="41" mi="0" ci="3" mb="0" cb="0"/><line nr="46" mi="0" ci="5" mb="0" cb="0"/><line nr="47" mi="0" ci="3" mb="0" cb="0"/><line nr="48" mi="0" ci="3" mb="0" cb="0"/><line nr="49" mi="0" ci="3" mb="0" cb="0"/><line nr="50" mi="0" ci="6" mb="0" cb="0"/><line nr="53" mi="0" ci="3" mb="0" cb="0"/><line nr="56" mi="0" ci="6" mb="0" cb="0"/><line nr="59" mi="0" ci="3" mb="0" cb="0"/><line nr="62" mi="0" ci="6" mb="0" cb="0"/><line nr="65" mi="0" ci="3" mb="0" cb="0"/><line nr="69" mi="0" ci="3" mb="0" cb="0"/><line nr="73" mi="0" ci="3" mb="0" cb="0"/><line nr="74" mi="0" ci="1" mb="0" cb="0"/><line nr="77" mi="0" ci="3" mb="0" cb="0"/><line nr="81" mi="0" ci="3" mb="0" cb="0"/><line nr="82" mi="0" ci="1" mb="0" cb="0"/><line nr="85" mi="0" ci="3" mb="0" cb="0"/><line nr="89" mi="0" ci="3" mb="0" cb="0"/><line nr="90" mi="0" ci="1" mb="0" cb="0"/><line nr="93" mi="0" ci="2" mb="0" cb="0"/><line nr="94" mi="0" ci="3" mb="0" cb="0"/><line nr="95" mi="0" ci="3" mb="0" cb="0"/><line nr="96" mi="0" ci="1" mb="0" cb="0"/><line nr="102" mi="3" ci="0" mb="0" cb="0"/><li
[...]
mi="0" ci="3" mb="0" cb="0"/><line nr="2771" mi="0" ci="5" mb="0" cb="0"/><line nr="2776" mi="0" ci="3" mb="0" cb="0"/><line nr="2777" mi="0" ci="4" mb="0" cb="0"/><line nr="2778" mi="0" ci="6" mb="0" cb="0"/><line nr="2782" mi="0" ci="1" mb="0" cb="0"/><line nr="2783" mi="0" ci="3" mb="0" cb="0"/><line nr="2784" mi="5" ci="0" mb="0" cb="0"/><line nr="2785" mi="5" ci="0" mb="0" cb="0"/><line nr="2788" mi="0" ci="2" mb="0" cb="0"/><line nr="2790" mi="0" ci="2" mb="0" cb="0"/><line nr="2799" mi="6" ci="0" mb="0" cb="0"/><line nr="2801" mi="5" ci="0" mb="0" cb="0"/><line nr="2803" mi="6" ci="0" mb="0" cb="0"/><line nr="2806" mi="6" ci="0" mb="0" cb="0"/><line nr="2808" mi="5" ci="0" mb="0" cb="0"/><line nr="2810" mi="0" ci="4" mb="0" cb="0"/><line nr="2811" mi="0" ci="3" mb="0" cb="0"/><line nr="2812" mi="0" ci="1" mb="0" cb="0"/><line nr="2813" mi="2" ci="0" mb="0" cb="0"/><line nr="2817" mi="0" ci="9" mb="0" cb="0"/><line nr="2818" mi="0" ci="5" mb="0" cb="0"/><line nr="2820" mi="0" ci="4" mb="0" cb="0"/><line nr="2822" mi="0" ci="3" mb="0" cb="0"/><line nr="2823" mi="0" ci="4" mb="0" cb="0"/><line nr="2824" mi="0" ci="3" mb="0" cb="0"/><line nr="2825" mi="0" ci="4" mb="0" cb="0"/><line nr="2826" mi="0" ci="3" mb="0" cb="0"/><line nr="2827" mi="0" ci="11" mb="0" cb="0"/><line nr="2828" mi="0" ci="3" mb="0" cb="0"/><line nr="2829" mi="0" ci="4" mb="0" cb="0"/><line nr="2832" mi="1" ci="0" mb="0" cb="0"/><line nr="2833" mi="3" ci="0" mb="0" cb="0"/><line nr="2834" mi="5" ci="0" mb="0" cb="0"/><line nr="2835" mi="5" ci="0" mb="0" cb="0"/><line nr="2838" mi="0" ci="2" mb="0" cb="0"/><line nr="2840" mi="0" ci="2" mb="0" cb="0"/><line nr="2846" mi="5" ci="0" mb="0" cb="0"/><line nr="2848" mi="0" ci="4" mb="0" cb="0"/><line nr="2849" mi="0" ci="1" mb="0" cb="0"/><line nr="2850" mi="2" ci="0" mb="0" cb="0"/><line nr="2854" mi="0" ci="8" mb="0" cb="0"/><line nr="2855" mi="0" ci="5" mb="0" cb="0"/><line nr="2857" mi="0" ci="3" mb="0" cb="0"/><line nr="2858" mi="0" ci="4" mb="0" cb="0"/><line nr="2859" mi="0" ci="5" mb="1" cb="2"/><line nr="2861" mi="0" ci="4" mb="0" cb="0"/><line nr="2864" mi="0" ci="3" mb="0" cb="0"/><line nr="2867" mi="0" ci="1" mb="0" cb="0"/><line nr="2869" mi="0" ci="4" mb="0" cb="0"/><line nr="2871" mi="0" ci="3" mb="0" cb="0"/><line nr="2872" mi="0" ci="4" mb="0" cb="0"/><line nr="2874" mi="0" ci="3" mb="0" cb="0"/><line nr="2877" mi="0" ci="1" mb="0" cb="0"/><line nr="2879" mi="5" ci="0" mb="0" cb="0"/><line nr="2882" mi="1" ci="0" mb="0" cb="0"/><line nr="2883" mi="3" ci="0" mb="0" cb="0"/><line nr="2884" mi="5" ci="0" mb="0" cb="0"/><line nr="2885" mi="5" ci="0" mb="0" cb="0"/><line nr="2888" mi="0" ci="2" mb="0" cb="0"/><line nr="2890" mi="0" ci="2" mb="0" cb="0"/><line nr="2901" mi="4" ci="0" mb="0" cb="0"/><line nr="2904" mi="6" ci="0" mb="0" cb="0"/><line nr="2906" mi="4" ci="0" mb="0" cb="0"/><line nr="2908" mi="5" ci="0" mb="0" cb="0"/><line nr="2910" mi="5" ci="0" mb="0" cb="0"/><line nr="2912" mi="0" ci="4" mb="0" cb="0"/><line nr="2913" mi="0" ci="3" mb="0" cb="0"/><line nr="2914" mi="0" ci="3" mb="0" cb="0"/><line nr="2915" mi="0" ci="3" mb="0" cb="0"/><line nr="2916" mi="0" ci="1" mb="0" cb="0"/><line nr="2917" mi="2" ci="0" mb="0" cb="0"/><line nr="2921" mi="0" ci="11" mb="0" cb="0"/><line nr="2922" mi="0" ci="5" mb="0" cb="0"/><line nr="2925" mi="0" ci="4" mb="0" cb="0"/><line nr="2927" mi="0" ci="3" mb="0" cb="0"/><line nr="2928" mi="0" ci="10" mb="0" cb="0"/><line nr="2929" mi="0" ci="3" mb="0" cb="0"/><line nr="2930" mi="0" ci="4" mb="0" cb="0"/><line nr="2931" mi="0" ci="5" mb="0" cb="0"/><line nr="2932" mi="0" ci="3" mb="0" cb="2"/><line nr="2935" mi="0" ci="3" mb="0" cb="0"/><line nr="2936" mi="0" ci="4" mb="0" cb="0"/><line nr="2937" mi="0" ci="3" mb="0" cb="0"/><line nr="2938" mi="0" ci="10" mb="0" cb="0"/><line nr="2941" mi="0" ci="3" mb="0" cb="0"/><line nr="2942" mi="0" ci="4" mb="0" cb="0"/><line nr="2943" mi="0" ci="6" mb="0" cb="0"/><line nr="2947" mi="1" ci="0" mb="0" cb="0"/><line nr="2948" mi="3" ci="0" mb="0" cb="0"/><line nr="2949" mi="5" ci="0" mb="0" cb="0"/><line nr="2950" mi="5" ci="0" mb="0" cb="0"/><line nr="2953" mi="0" ci="2" mb="0" cb="0"/><line nr="2955" mi="0" ci="2" mb="0" cb="0"/><line nr="2966" mi="6" ci="0" mb="0" cb="0"/><line nr="2968" mi="5" ci="0" mb="0" cb="0"/><line nr="2970" mi="6" ci="0" mb="0" cb="0"/><line nr="2972" mi="5" ci="0" mb="0" cb="0"/><line nr="2974" mi="0" ci="4" mb="0" cb="0"/><line nr="2975" mi="0" ci="3" mb="0" cb="0"/><line nr="2976" mi="0" ci="3" mb="0" cb="0"/><line nr="2977" mi="0" ci="3" mb="0" cb="0"/><line nr="2978" mi="0" ci="1" mb="0" cb="0"/><line nr="2979" mi="2" ci="0" mb="0" cb="0"/><line nr="2983" mi="0" ci="11" mb="0" cb="0"/><line nr="2984" mi="0" ci="5" mb="0" cb="0"/><line nr="2986" mi="0" ci="4" mb="0" cb="0"/><line nr="2987" mi="0" ci="2" mb="0" cb="0"/><line nr="2991" mi="0" ci="4" mb="0" cb="0"/><line nr="2993" mi="0" ci="3" mb="0" cb="0"/><line nr="2994" mi="0" ci="4" mb="0" cb="0"/><line nr="2996" mi="4" ci="6" mb="2" cb="2"/><line nr="2998" mi="0" ci="3" mb="0" cb="0"/><line nr="2999" mi="0" ci="4" mb="0" cb="0"/><line nr="3000" mi="0" ci="5" mb="0" cb="0"/><line nr="3001" mi="0" ci="3" mb="0" cb="2"/><line nr="3003" mi="0" ci="3" mb="0" cb="0"/><line nr="3004" mi="0" ci="4" mb="0" cb="0"/><line nr="3005" mi="0" ci="3" mb="0" cb="0"/><line nr="3006" mi="0" ci="4" mb="0" cb="0"/><line nr="3008" mi="4" ci="6" mb="2" cb="2"/><line nr="3009" mi="0" ci="7" mb="0" cb="0"/><line nr="3015" mi="4" ci="5" mb="2" cb="2"/><line nr="3016" mi="4" ci="5" mb="2" cb="2"/><line nr="3017" mi="0" ci="12" mb="0" cb="0"/><line nr="3018" mi="1" ci="10" mb="1" cb="1"/><line nr="3019" mi="0" ci="4" mb="0" cb="0"/><line nr="3023" mi="1" ci="0" mb="0" cb="0"/><line nr="3024" mi="3" ci="0" mb="0" cb="0"/><line nr="3025" mi="5" ci="0" mb="0" cb="0"/><line nr="3026" mi="5" ci="0" mb="0" cb="0"/><line nr="3029" mi="0" ci="2" mb="0" cb="0"/><line nr="3031" mi="0" ci="2" mb="0" cb="0"/><line nr="3044" mi="6" ci="0" mb="0" cb="0"/><line nr="3047" mi="6" ci="0" mb="0" cb="0"/><line nr="3049" mi="4" ci="0" mb="0" cb="0"/><line nr="3051" mi="5" ci="0" mb="0" cb="0"/><line nr="3053" mi="4" ci="0" mb="0" cb="0"/><line nr="3055" mi="5" ci="0" mb="0" cb="0"/><line nr="3058" mi="6" ci="0" mb="0" cb="0"/><line nr="3061" mi="6" ci="0" mb="0" cb="0"/><line nr="3063" mi="5" ci="0" mb="0" cb="0"/><line nr="3064" mi="5" ci="0" mb="0" cb="0"/><line nr="3066" mi="6" ci="0" mb="0" cb="0"/><line nr="3069" mi="0" ci="4" mb="0" cb="0"/><line nr="3070" mi="0" ci="1" mb="0" cb="0"/><line nr="3071" mi="2" ci="0" mb="0" cb="0"/><line nr="3075" mi="0" ci="8" mb="0" cb="0"/><line nr="3076" mi="0" ci="5" mb="0" cb="0"/><line nr="3081" mi="0" ci="4" mb="0" cb="0"/><line nr="3083" mi="0" ci="3" mb="0" cb="0"/><line nr="3084" mi="0" ci="4" mb="0" cb="0"/><line nr="3085" mi="0" ci="3" mb="0" cb="0"/><line nr="3086" mi="0" ci="4" mb="0" cb="0"/><line nr="3087" mi="0" ci="3" mb="0" cb="0"/><line nr="3088" mi="0" ci="4" mb="0" cb="0"/><line nr="3089" mi="0" ci="3" mb="0" cb="0"/><line nr="3090" mi="0" ci="4" mb="0" cb="0"/><line nr="3091" mi="0" ci="3" mb="0" cb="0"/><line nr="3092" mi="0" ci="4" mb="0" cb="0"/><line nr="3093" mi="0" ci="3" mb="0" cb="0"/><line nr="3094" mi="0" ci="4" mb="0" cb="0"/><line nr="3095" mi="0" ci="5" mb="1" cb="2"/><line nr="3098" mi="0" ci="3" mb="0" cb="0"/><line nr="3099" mi="0" ci="4" mb="0" cb="0"/><line nr="3101" mi="4" ci="6" mb="2" cb="2"/><line nr="3102" mi="4" ci="6" mb="2" cb="2"/><line nr="3103" mi="4" ci="6" mb="2" cb="2"/><line nr="3104" mi="4" ci="6" mb="2" cb="2"/><line nr="3105" mi="4" ci="6" mb="2" cb="2"/><line nr="3106" mi="0" ci="10" mb="0" cb="0"/><line nr="3107" mi="1" ci="10" mb="1" cb="1"/><line nr="3110" mi="0" ci="1" mb="0" cb="0"/><line nr="3113" mi="0" ci="3" mb="0" cb="0"/><line nr="3114" mi="0" ci="5" mb="0" cb="0"/><line nr="3115" mi="0" ci="3" mb="0" cb="0"/><line nr="3116" mi="0" ci="4" mb="0" cb="0"/><line nr="3117" mi="0" ci="3" mb="0" cb="0"/><line nr="3118" mi="0" ci="4" mb="0" cb="0"/><line nr="3119" mi="0" ci="3" mb="0" cb="0"/><line nr="3120" mi="0" ci="4" mb="0" cb="0"/><line nr="3121" mi="0" ci="3" mb="0" cb="0"/><line nr="3122" mi="0" ci="4" mb="0" cb="0"/><line nr="3124" mi="4" ci="6" mb="2" cb="2"/><line nr="3125" mi="4" ci="6" mb="2" cb="2"/><line nr="3126" mi="4" ci="6" mb="2" cb="2"/><line nr="3127" mi="4" ci="6" mb="2" cb="2"/><line nr="3128" mi="4" ci="6" mb="2" cb="2"/><line nr="3129" mi="0" ci="10" mb="0" cb="0"/><line nr="3130" mi="0" ci="5" mb="0" cb="0"/><line nr="3133" mi="0" ci="1" mb="0" cb="0"/><line nr="3135" mi="5" ci="0" mb="0" cb="0"/><line nr="3138" mi="0" ci="15" mb="0" cb="0"/><line nr="3139" mi="1" ci="11" mb="1" cb="1"/><line nr="3143" mi="0" ci="1" mb="0" cb="0"/><line nr="3144" mi="0" ci="3" mb="0" cb="0"/><line nr="3145" mi="5" ci="0" mb="0" cb="0"/><line nr="3146" mi="5" ci="0" mb="0" cb="0"/><line nr="3149" mi="0" ci="2" mb="0" cb="0"/><line nr="3151" mi="0" ci="2" mb="0" cb="0"/><line nr="3160" mi="4" ci="0" mb="0" cb="0"/><line nr="3163" mi="6" ci="0" mb="0" cb="0"/><line nr="3165" mi="4" ci="0" mb="0" cb="0"/><line nr="3167" mi="5" ci="0" mb="0" cb="0"/><line nr="3170" mi="0" ci="4" mb="0" cb="0"/><line nr="3171" mi="0" ci="1" mb="0" cb="0"/><line nr="3172" mi="2" ci="0" mb="0" cb="0"/><line nr="3176" mi="0" ci="8" mb="0" cb="0"/><line nr="3177" mi="0" ci="5" mb="0" cb="0"/><line nr="3179" mi="0" ci="5" mb="0" cb="0"/><line nr="3183" mi="0" ci="4" mb="0" cb="0"/><line nr="3185" mi="0" ci="3" mb="0" cb="0"/><line nr="3186" mi="0" ci="4" mb="0" cb="0"/><line nr="3187" mi="0" ci="5" mb="0" cb="0"/><line nr="3188" mi="0" ci="3" mb="0" cb="2"/><line nr="3190" mi="0" ci="3" mb="0" cb="0"/><line nr="3191" mi="0" ci="4" mb="0" cb="0"/><line nr="3193" mi="4" ci="6" mb="2" cb="2"/><line nr="3194" mi="0" ci="6" mb="0" cb="0"/><line nr="3196" mi="0" ci="3" mb="0" cb="0"/><line nr="3197" mi="0" ci="4" mb="0" cb="0"/><line nr="3198" mi="0" ci="5" mb="0" cb="0"/><line nr="3199" mi="0" ci="3" mb="0" cb="2"/><line nr="3202" mi="0" ci="3" mb="0" cb="0"/><line nr="3203" mi="0" ci="4" mb="0" cb="0"/><line nr="3204" mi="0" ci="3" mb="0" cb="0"/><line nr="3205" mi="0" ci="4" mb="0" cb="0"/><line nr="3207" mi="4" ci="6" mb="2" cb="2"/><line nr="3208" mi="0" ci="6" mb="0" cb="0"/><line nr="3212" mi="0" ci="3" mb="0" cb="0"/><line nr="3213" mi="0" ci="4" mb="0" cb="0"/><line nr="3214" mi="0" ci="6" mb="0" cb="0"/><line nr="3221" mi="1" ci="0" mb="0" cb="0"/><line nr="3222" mi="3" ci="0" mb="0" cb="0"/><line nr="3223" mi="5" ci="0" mb="0" cb="0"/><line nr="3224" mi="5" ci="0" mb="0" cb="0"/><line nr="3227" mi="0" ci="2" mb="0" cb="0"/><line nr="3229" mi="0" ci="2" mb="0" cb="0"/><line nr="3237" mi="5" ci="0" mb="0" cb="0"/><line nr="3238" mi="5" ci="0" mb="0" cb="0"/><line nr="3240" mi="0" ci="4" mb="0" cb="0"/><line nr="3241" mi="0" ci="1" mb="0" cb="0"/><line nr="3242" mi="2" ci="0" mb="0" cb="0"/><line nr="3246" mi="0" ci="8" mb="0" cb="0"/><line nr="3247" mi="0" ci="5" mb="0" cb="0"/><line nr="3249" mi="0" ci="3" mb="0" cb="0"/><line nr="3250" mi="0" ci="4" mb="0" cb="0"/><line nr="3251" mi="0" ci="5" mb="2" cb="1"/><line nr="3253" mi="0" ci="4" mb="0" cb="0"/><line nr="3255" mi="0" ci="3" mb="0" cb="0"/><line nr="3256" mi="0" ci="5" mb="0" cb="0"/><line nr="3258" mi="1" ci="9" mb="1" cb="1"/><line nr="3259" mi="0" ci="6" mb="0" cb="0"/><line nr="3262" mi="0" ci="1" mb="0" cb="0"/><line nr="3264" mi="4" ci="0" mb="0" cb="0"/><line nr="3266" mi="3" ci="0" mb="0" cb="0"/><line nr="3267" mi="5" ci="0" mb="0" cb="0"/><line nr="3269" mi="10" ci="0" mb="2" cb="0"/><line nr="3270" mi="6" ci="0" mb="0" cb="0"/><line nr="3273" mi="1" ci="0" mb="0" cb="0"/><line nr="3275" mi="5" ci="0" mb="0" cb="0"/><line nr="3278" mi="0" ci="1" mb="0" cb="0"/><line nr="3279" mi="0" ci="3" mb="0" cb="0"/><line nr="3280" mi="5" ci="0" mb="0" cb="0"/><line nr="3281" mi="5" ci="0" mb="0" cb="0"/><line nr="3284" mi="0" ci="2" mb="0" cb="0"/><line nr="3286" mi="0" ci="2" mb="0" cb="0"/><line nr="3295" mi="6" ci="0" mb="0" cb="0"/><line nr="3298" mi="6" ci="0" mb="0" cb="0"/><line nr="3301" mi="0" ci="4" mb="0" cb="0"/><line nr="3302" mi="0" ci="1" mb="0" cb="0"/><line nr="3303" mi="2" ci="0" mb="0" cb="0"/><line nr="3307" mi="0" ci="8" mb="0" cb="0"/><line nr="3308" mi="0" ci="5" mb="0" cb="0"/><line nr="3310" mi="0" ci="4" mb="0" cb="0"/><line nr="3312" mi="0" ci="3" mb="0" cb="0"/><line nr="3313" mi="0" ci="4" mb="0" cb="0"/><line nr="3314" mi="0" ci="3" mb="0" cb="0"/><line nr="3315" mi="0" ci="4" mb="0" cb="0"/><line nr="3317" mi="4" ci="6" mb="2" cb="2"/><line nr="3318" mi="4" ci="6" mb="2" cb="2"/><line nr="3319" mi="0" ci="11" mb="0" cb="0"/><line nr="3320" mi="1" ci="11" mb="1" cb="1"/><line nr="3324" mi="1" ci="0" mb="0" cb="0"/><line nr="3325" mi="3" ci="0" mb="0" cb="0"/><line nr="3326" mi="5" ci="0" mb="0" cb="0"/><line nr="3327" mi="5" ci="0" mb="0" cb="0"/><line nr="3330" mi="0" ci="2" mb="0" cb="0"/><line nr="3332" mi="0" ci="2" mb="0" cb="0"/><line nr="3336" mi="2" ci="0" mb="8" cb="0"/><line nr="3338" mi="6" ci="0" mb="0" cb="0"/><line nr="3340" mi="6" ci="0" mb="0" cb="0"/><line nr="3342" mi="6" ci="0" mb="0" cb="0"/><line nr="3344" mi="6" ci="0" mb="0" cb="0"/><line nr="3346" mi="6" ci="0" mb="0" cb="0"/><line nr="3348" mi="6" ci="0" mb="0" cb="0"/><line nr="3350" mi="6" ci="0" mb="0" cb="0"/><line nr="3352" mi="2" ci="0" mb="0" cb="0"/><line nr="3355" mi="2" ci="0" mb="2" cb="0"/><line nr="3357" mi="6" ci="0" mb="0" cb="0"/><line nr="3359" mi="2" ci="0" mb="0" cb="0"/><line nr="3362" mi="2" ci="0" mb="2" cb="0"/><line nr="3364" mi="6" ci="0" mb="0" cb="0"/><line nr="3366" mi="2" ci="0" mb="0" cb="0"/><line nr="3369" mi="2" ci="0" mb="3" cb="0"/><line nr="3371" mi="6" ci="0" mb="0" cb="0"/><line nr="3373" mi="6" ci="0" mb="0" cb="0"/><line nr="3375" mi="2" ci="0" mb="0" cb="0"/><line nr="3378" mi="2" ci="0" mb="6" cb="0"/><line nr="3380" mi="6" ci="0" mb="0" cb="0"/><line nr="3382" mi="6" ci="0" mb="0" cb="0"/><line nr="3384" mi="6" ci="0" mb="0" cb="0"/><line nr="3386" mi="6" ci="0" mb="0" cb="0"/><line nr="3388" mi="6" ci="0" mb="0" cb="0"/><line nr="3390" mi="2" ci="0" mb="0" cb="0"/><line nr="3393" mi="2" ci="0" mb="3" cb="0"/><line nr="3395" mi="6" ci="0" mb="0" cb="0"/><line nr="3397" mi="6" ci="0" mb="0" cb="0"/><line nr="3399" mi="2" ci="0" mb="0" cb="0"/><line nr="3402" mi="2" ci="0" mb="4" cb="0"/><line nr="3404" mi="6" ci="0" mb="0" cb="0"/><line nr="3406" mi="6" ci="0" mb="0" cb="0"/><line nr="3408" mi="6" ci="0" mb="0" cb="0"/><line nr="3410" mi="2" ci="0" mb="0" cb="0"/><line nr="3413" mi="2" ci="0" mb="2" cb="0"/><line nr="3415" mi="6" ci="0" mb="0" cb="0"/><line nr="3417" mi="2" ci="0" mb="0" cb="0"/><line nr="3787" mi="0" ci="4" mb="0" cb="0"/><line nr="3788" mi="0" ci="3" mb="0" cb="0"/><line nr="3790" mi="0" ci="4" mb="0" cb="0"/><line nr="3791" mi="0" ci="8" mb="0" cb="2"/><line nr="3792" mi="0" ci="10" mb="0" cb="0"/><line nr="3794" mi="0" ci="1" mb="0" cb="0"/><counter type="INSTRUCTION" missed="2252" covered="6710"/><counter type="BRANCH" missed="322" covered="391"/><counter type="LINE" missed="398" covered="1385"/><counter type="COMPLEXITY" missed="540" covered="152"/><counter type="METHOD" missed="227" covered="82"/><counter type="CLASS" missed="0" covered="38"/></sourcefile><sourcefile name="DecaLexer.java"><line nr="14" mi="0" ci="3" mb="0" cb="0"/><line nr="17" mi="0" ci="4" mb="0" cb="0"/><line nr="27" mi="0" ci="11" mb="0" cb="0"/><line nr="31" mi="0" ci="7" mb="0" cb="0"/><line nr="36" mi="0" ci="251" mb="0" cb="0"/><line nr="48" mi="0" ci="2" mb="0" cb="0"/><line nr="51" mi="0" ci="175" mb="0" cb="0"/><line nr="60" mi="0" ci="2" mb="0" cb="0"/><line nr="62" mi="0" ci="207" mb="0" cb="0"/><line nr="72" mi="0" ci="2" mb="0" cb="0"/><line nr="73" mi="0" ci="6" mb="0" cb="0"/><line nr="81" mi="0" ci="4" mb="0" cb="0"/><line nr="82" mi="0" ci="8" mb="0" cb="2"/><line nr="83" mi="0" ci="6" mb="0" cb="0"/><line nr="84" mi="0" ci="4" mb="0" cb="2"/><line nr="85" mi="0" ci="6" mb="0" cb="0"/><line nr="88" mi="0" ci="4" mb="0" cb="2"/><line nr="89" mi="0" ci="4" mb="0" cb="0"/><line nr="97" mi="2" ci="0" mb="0" cb="0"/><line nr="103" mi="0" ci="2" mb="0" cb="0"/><line nr="110" mi="0" ci="3" mb="0" cb="0"/><line nr="111" mi="0" ci="9" mb="0" cb="0"/><line nr="112" mi="0" ci="1" mb="0" cb="0"/><line nr="115" mi="2" ci="0" mb="0" cb="0"/><line nr="118" mi="2" ci="0" mb="0" cb="0"/><line nr="121" mi="2" ci="0" mb="0" cb="0"/><line nr="124" mi="2" ci="0" mb="0" cb="0"/><line nr="127" mi="2" ci="0" mb="0" cb="0"/><line nr="130" mi="2" ci="0" mb="0" cb="0"/><line nr="134" mi="0" ci="2" mb="2" cb="2"/><line nr="136" mi="0" ci="4" mb="0" cb="0"/><line nr="137" mi="0" ci="1" mb="0" cb="0"/><line nr="139" mi="0" ci="4" mb="0" cb="0"/><line nr="140" mi="0" ci="1" mb="0" cb="0"/><line nr="142" mi="4" ci="0" mb="0" cb="0"/><line nr="145" mi="0" ci="1" mb="0" cb="0"/><line nr="147" mi="0" ci="2" mb="1" cb="1"/><line nr="149" mi="0" ci="2" mb="0" cb="0"/><line nr="152" mi="0" ci="1" mb="0" cb="0"/><line nr="154" mi="0" ci="2" mb="1" cb="2"/><line nr="156" mi="0" ci="2" mb="0" cb="0"/><line nr="157" mi="0" ci="1" mb="0" cb="0"/><line nr="159" mi="0" ci="2" mb="0" cb="0"/><line nr="162" mi="0" ci="1" mb="0" cb="0"/><line nr="164" mi="2" ci="0" mb="2" cb="0"/><line nr="166" mi="4" ci="0" mb="0" cb="0"/><line nr="169" mi="1" ci="0" mb="0" cb="0"/><line nr="458" mi="0" ci="4" mb="0" cb="0"/><line nr="459" mi="0" ci="3" mb="0" cb="0"/><line nr="461" mi="0" ci="4" mb="0" cb="0"/><line nr="462" mi="0" ci="8" mb="0" cb="2"/><line nr="463" mi="0" ci="10" mb="0" cb="0"/><line nr="465" mi="0" ci="1" mb="0" cb="0"/><counter type="INSTRUCTION" missed="25" covered="777"/><counter type="BRANCH" missed="6" covered="13"/><counter type="LINE" missed="11" covered="42"/><counter type="COMPLEXITY" missed="13" covered="15"/><counter type="METHOD" missed="8" covered="9"/><counter type="CLASS" missed="0" covered="1"/></sourcefile><sourcefile name="DecacErrorListner.java"><line nr="24" mi="0" ci="4" mb="0" cb="0"/><line nr="28" mi="0" ci="2" mb="0" cb="0"/><line nr="29" mi="0" ci="3" mb="0" cb="0"/><line nr="30" mi="0" ci="1" mb="0" cb="0"/><line nr="36" mi="0" ci="2" mb="0" cb="0"/><line nr="37" mi="0" ci="2" mb="0" cb="2"/><line nr="38" mi="0" ci="3" mb="0" cb="0"/><line nr="41" mi="0" ci="2" mb="0" cb="2"/><line nr="42" mi="0" ci="3" mb="0" cb="0"/><line nr="43" mi="0" ci="5" mb="0" cb="0"/><line nr="44" mi="0" ci="2" mb="0" cb="0"/><line nr="45" mi="0" ci="5" mb="0" cb="0"/><line nr="46" mi="0" ci="3" mb="1" cb="1"/><line nr="47" mi="12" ci="0" mb="0" cb="0"/><line nr="48" mi="5" ci="0" mb="0" cb="0"/><line nr="50" mi="0" ci="10" mb="0" cb="0"/><line nr="53" mi="0" ci="3" mb="0" cb="2"/><line nr="56" mi="0" ci="5" mb="0" cb="0"/><line nr="58" mi="0" ci="4" mb="0" cb="0"/><line nr="60" mi="0" ci="7" mb="0" cb="0"/><line nr="62" mi="0" ci="9" mb="0" cb="0"/><line nr="68" mi="5" ci="0" mb="0" cb="0"/><line nr="73" mi="5" ci="0" mb="0" cb="0"/><line nr="78" mi="5" ci="0" mb="0" cb="0"/><counter type="INSTRUCTION" missed="32" covered="75"/><counter type="BRANCH" missed="1" covered="7"/><counter type="LINE" missed="5" covered="19"/><counter type="COMPLEXITY" missed="4" covered="6"/><counter type="METHOD" missed="3" covered="3"/><counter type="CLASS" missed="0" covered="1"/></sourcefile><counter type="INSTRUCTION" missed="2478" covered="8030"/><counter type="BRANCH" missed="356" covered="436"/><counter type="LINE" missed="453" covered="1565"/><counter type="COMPLEXITY" missed="584" covered="207"/><counter type="METHOD" missed="243" covered="124"/><counter type="CLASS" missed="1" covered="47"/></package><counter type="INSTRUCTION" missed="5079" covered="15082"/><counter type="BRANCH" missed="480" covered="756"/><counter type="LINE" missed="1055" covered="3391"/><counter type="COMPLEXITY" missed="861" covered="891"/><counter type="METHOD" missed="417" covered="668"/><counter type="CLASS" missed="38" covered="209"/></report>