<?xml version="1.0" encoding="UTF-8" standalone="yes"?><!DOCTYPE report PUBLIC "-//JACOCO//DTD Report 1.1//EN" "report.dtd"><report name="Deca Compiler"><sessioninfo id="puguix-HP-ENVY-Laptop-13-aq0xxx-eb620439" start="1673704849176" dump="1673704849655"/><sessioninfo id="puguix-HP-ENVY-Laptop-13-aq0xxx-53e0255b" start="1673704849875" dump="1673704849912"/><sessioninfo id="puguix-HP-ENVY-Laptop-13-aq0xxx-cbddb05e" start="1673704850004" dump="1673704850040"/><sessioninfo id="puguix-HP-ENVY-Laptop-13-aq0xxx-88c44bfa" start="1673704850232" dump="1673704850328"/><sessioninfo id="puguix-HP-ENVY-Laptop-13-aq0xxx-10616d40" start="1673704850398" dump="1673704850495"/><sessioninfo id="puguix-HP-ENVY-Laptop-13-aq0xxx-428aaa46" start="1673704850569" dump="1673704850631"/><sessioninfo id="puguix-HP-ENVY-Laptop-13-aq0xxx-f26086bf" start="1673704850755" dump="1673704850833"/><sessioninfo id="puguix-HP-ENVY-Laptop-13-aq0xxx-decb1d89" start="1673704850919" dump="1673704850984"/><sessioninfo id="puguix-HP-ENVY-Laptop-13-aq0xxx-70abe10e" start="1673704851168" dump="1673704851285"/><sessioninfo id="puguix-HP-ENVY-Laptop-13-aq0xxx-1fd9a14b" start="1673704851446" dump="1673704851510"/><sessioninfo id="puguix-HP-ENVY-Laptop-13-aq0xxx-2ba20566" start="1673704851570" dump="1673704851617"/><sessioninfo id="puguix-HP-ENVY-Laptop-13-aq0xxx-da2a9da1" start="1673704851657" dump="1673704851708"/><sessioninfo id="puguix-HP-ENVY-Laptop-13-aq0xxx-117df698" start="1673704851747" dump="1673704851795"/><sessioninfo id="puguix-HP-ENVY-Laptop-13-aq0xxx-c56b13a2" start="1673704851833" dump="1673704851892"/><sessioninfo id="puguix-HP-ENVY-Laptop-13-aq0xxx-406c5c57" start="1673704851935" dump="1673704851985"/><sessioninfo id="puguix-HP-ENVY-Laptop-13-aq0xxx-5ee15e61" start="1673704852033" dump="1673704852084"/><sessioninfo id="puguix-HP-ENVY-Laptop-13-aq0xxx-5313b23b" start="1673704852125" dump="1673704852175"/><sessioninfo id="puguix-HP-ENVY-Laptop-13-aq0xxx-eee5785" start="1673704852214" dump="1673704852263"/><sessioninfo id="puguix-HP-ENVY-Laptop-13-aq0xxx-fa353779" start="1673704852320" dump="1673704852416"/><sessioninfo id="puguix-HP-ENVY-Laptop-13-aq0xxx-acb2ad3e" start="1673704852464" dump="1673704852517"/><sessioninfo id="puguix-HP-ENVY-Laptop-13-aq0xxx-5313a602" start="1673704852556" dump="1673704852605"/><sessioninfo id="puguix-HP-ENVY-Laptop-13-aq0xxx-74b55d2b" start="1673704852669" dump="1673704852717"/><sessioninfo id="puguix-HP-ENVY-Laptop-13-aq0xxx-23ad4937" start="1673704852755" dump="1673704852850"/><sessioninfo id="puguix-HP-ENVY-Laptop-13-aq0xxx-96cd825a" start="1673704852898" dump="1673704853014"/><sessioninfo id="puguix-HP-ENVY-Laptop-13-aq0xxx-30e57782" start="1673704853061" dump="1673704853159"/><sessioninfo id="puguix-HP-ENVY-Laptop-13-aq0xxx-38839a06" start="1673704853251" dump="1673704853349"/><sessioninfo id="puguix-HP-ENVY-Laptop-13-aq0xxx-2d19ed6e" start="1673704853436" dump="1673704853533"/><sessioninfo id="puguix-HP-ENVY-Laptop-13-aq0xxx-b74e651b" start="1673704853622" dump="1673704853720"/><sessioninfo id="puguix-HP-ENVY-Laptop-13-aq0xxx-cf1648bc" start="1673704853774" dump="1673704853870"/><sessioninfo id="puguix-HP-ENVY-Laptop-13-aq0xxx-4b44e43f" start="1673704853913" dump="1673704854010"/><sessioninfo id="puguix-HP-ENVY-Laptop-13-aq0xxx-5321c498" start="1673704854095" dump="1673704854198"/><sessioninfo id="puguix-HP-ENVY-Laptop-13-aq0xxx-14ad2d22" start="1673704854257" dump="1673704854357"/><sessioninfo id="puguix-HP-ENVY-Laptop-13-aq0xxx-202b9748" start="1673704854416" dump="1673704854516"/><sessioninfo id="puguix-HP-ENVY-Laptop-13-aq0xxx-18f0b597" start="1673704854563" dump="1673704854666"/><sessioninfo id="puguix-HP-ENVY-Laptop-13-aq0xxx-9aae2cf4" start="1673704854713" dump="1673704854819"/><sessioninfo id="puguix-HP-ENVY-Laptop-13-aq0xxx-9cf9d613" start="1673704854873" dump="1673704854994"/><sessioninfo id="puguix-HP-ENVY-Laptop-13-aq0xxx-37b54cd0" start="1673704855045" dump="1673704855094"/><sessioninfo id="puguix-HP-ENVY-Laptop-13-aq0xxx-b521f3c" start="1673704855132" dump="1673704855181"/><sessioninfo id="puguix-HP-ENVY-Laptop-13-aq0xxx-f8b42ca9" start="1673704855219" dump="1673704855268"/><sessioninfo id="puguix-HP-ENVY-Laptop-13-aq0xxx-f421d8ac" start="1673704855307" dump="1673704855367"/><sessioninfo id="puguix-HP-ENVY-Laptop-13-aq0xxx-7f05bcf5" start="1673704855434" dump="1673704855542"/><sessioninfo id="puguix-HP-ENVY-Laptop-13-aq0xxx-6379a064" start="1673704855595" dump="1673704855695"/><sessioninfo id="puguix-HP-ENVY-Laptop-13-aq0xxx-968a46fb" start="1673704855783" dump="1673704855885"/><sessioninfo id="puguix-HP-ENVY-Laptop-13-aq0xxx-4576d1fc" start="1673704855946" dump="1673704855995"/><sessioninfo id="puguix-HP-ENVY-Laptop-13-aq0xxx-ba1695bc" start="1673704856059" dump="1673704856109"/><sessioninfo id="puguix-HP-ENVY-Laptop-13-aq0xxx-7c6b0b81" start="1673704856149" dump="1673704856201"/><sessioninfo id="puguix-HP-ENVY-Laptop-13-aq0xxx-7fdd29b4" start="1673704856242" dump="1673704856294"/><sessioninfo id="puguix-HP-ENVY-Laptop-13-aq0xxx-11ba69a0" start="1673704856339" dump="1673704856407"/><sessioninfo id="puguix-HP-ENVY-Laptop-13-aq0xxx-4e4e7459" start="1673704856447" dump="1673704856557"/><package name="fr/ensimag/deca"><class name="fr/ensimag/deca/DecacMain" sourcefilename="DecacMain.java"><method name="&lt;init&gt;" desc="()V" line="12"><counter type="INSTRUCTION" missed="3" covered="0"/><counter type="LINE" missed="1" covered="0"/><counter type="COMPLEXITY" missed="1" covered="0"/><counter type="METHOD" missed="1" covered="0"/></method><method name="main" desc="([Ljava/lang/String;)V" line="17"><counter type="INSTRUCTION" missed="19" covered="80"/><counter type="BRANCH" missed="4" covered="10"/><counter type="LINE" missed="7" covered="23"/><counter type="COMPLEXITY" missed="4" covered="4"/><counter type="METHOD" missed="0" covered="1"/></method><method name="&lt;clinit&gt;" desc="()V" line="13"><counter type="INSTRUCTION" missed="0" covered="4"/><counter type="LINE" missed="0" covered="1"/><counter type="COMPLEXITY" missed="0" covered="1"/><counter type="METHOD" missed="0" covered="1"/></method><counter type="INSTRUCTION" missed="22" covered="84"/><counter type="BRANCH" missed="4" covered="10"/><counter type="LINE" missed="8" covered="24"/><counter type="COMPLEXITY" missed="5" covered="5"/><counter type="METHOD" missed="1" covered="2"/><counter type="CLASS" missed="0" covered="1"/></class><class name="fr/ensimag/deca/CompilerOptions" sourcefilename="CompilerOptions.java"><method name="&lt;init&gt;" desc="()V" line="18"><counter type="INSTRUCTION" missed="0" covered="32"/><counter type="LINE" missed="0" covered="10"/><counter type="COMPLEXITY" missed="0" covered="1"/><counter type="METHOD" missed="0" covered="1"/></method><method name="getDebug" desc="()I" line="24"><counter type="INSTRUCTION" missed="0" covered="3"/><counter type="LINE" missed="0" covered="1"/><counter type="COMPLEXITY" missed="0" covered="1"/><counter type="METHOD" missed="0" covered="1"/></method><method name="getParallel" desc="()Z" line="28"><counter type="INSTRUCTION" missed="0" covered="3"/><counter type="LINE" missed="0" covered="1"/><counter type="COMPLEXITY" missed="0" covered="1"/><counter type="METHOD" missed="0" covered="1"/></method><method name="getPrintBanner" desc="()Z" line="32"><counter type="INSTRUCTION" missed="0" covered="3"/><counter type="LINE" missed="0" covered="1"/><counter type="COMPLEXITY" missed="0" covered="1"/><counter type="METHOD" missed="0" covered="1"/></method><method name="getVerification" desc="()Z" line="36"><counter type="INSTRUCTION" missed="0" covered="3"/><counter type="LINE" missed="0" covered="1"/><counter type="COMPLEXITY" missed="0" covered="1"/><counter type="METHOD" missed="0" covered="1"/></method><method name="geCompileInARM" desc="()Z" line="40"><counter type="INSTRUCTION" missed="3" covered="0"/><counter type="LINE" missed="1" covered="0"/><counter type="COMPLEXITY" missed="1" covered="0"/><counter type="METHOD" missed="1" covered="0"/></method><method name="getParsing" desc="()Z" line="44"><counter type="INSTRUCTION" missed="0" covered="3"/><counter type="LINE" missed="0" covered="1"/><counter type="COMPLEXITY" missed="0" covered="1"/><counter type="METHOD" missed="0" covered="1"/></method><method name="getCheck" desc="()Z" line="48"><counter type="INSTRUCTION" missed="3" covered="0"/><counter type="LINE" missed="1" covered="0"/><counter type="COMPLEXITY" missed="1" covered="0"/><counter type="METHOD" missed="1" covered="0"/></method><method name="getnumberRegisters" desc="()I" line="52"><counter type="INSTRUCTION" missed="0" covered="3"/><counter type="LINE" missed="0" covered="1"/><counter type="COMPLEXITY" missed="0" covered="1"/><counter type="METHOD" missed="0" covered="1"/></method><method name="getSourceFiles" desc="()Ljava/util/List;" line="56"><counter type="INSTRUCTION" missed="0" covered="4"/><counter type="LINE" missed="0" covered="1"/><counter type="COMPLEXITY" missed="0" covered="1"/><counter type="METHOD" missed="0" covered="1"/></method><method name="parseArgs" desc="([Ljava/lang/String;)V" line="72"><counter type="INSTRUCTION" missed="28" covered="189"/><counter type="BRANCH" missed="8" covered="40"/><counter type="LINE" missed="10" covered="48"/><counter type="COMPLEXITY" missed="8" covered="22"/><counter type="METHOD" missed="0" covered="1"/></method><method name="displayUsage" desc="()V" line="179"><counter type="INSTRUCTION" missed="0" covered="105"/><counter type="LINE" missed="0" covered="9"/><counter type="COMPLEXITY" missed="0" covered="1"/><counter type="METHOD" missed="0" covered="1"/></method><method name="&lt;clinit&gt;" desc="()V" line="18"><counter type="INSTRUCTION" missed="2" covered="6"/><counter type="BRANCH" missed="1" covered="1"/><counter type="LINE" missed="0" covered="1"/><counter type="COMPLEXITY" missed="1" covered="1"/><counter type="METHOD" missed="0" covered="1"/></method><counter type="INSTRUCTION" missed="36" covered="354"/><counter type="BRANCH" missed="9" covered="41"/><counter type="LINE" missed="12" covered="74"/><counter type="COMPLEXITY" missed="11" covered="32"/><counter type="METHOD" missed="2" covered="11"/><counter type="CLASS" missed="0" covered="1"/></class><class name="fr/ensimag/deca/CLIException" sourcefilename="CLIException.java"><method name="&lt;init&gt;" desc="(Ljava/lang/String;)V" line="13"><counter type="INSTRUCTION" missed="0" covered="4"/><counter type="LINE" missed="0" covered="2"/><counter type="COMPLEXITY" missed="0" covered="1"/><counter type="METHOD" missed="0" covered="1"/></method><counter type="INSTRUCTION" missed="0" covered="4"/><counter type="LINE" missed="0" covered="2"/><counter type="COMPLEXITY" missed="0" covered="1"/><counter type="METHOD" missed="0" covered="1"/><counter type="CLASS" missed="0" covered="1"/></class><class name="fr/ensimag/deca/DecacCompiler" sourcefilename="DecacCompiler.java"><method name="getErreurPile" desc="()Lfr/ensimag/ima/pseudocode/Label;" line="56"><counter type="INSTRUCTION" missed="0" covered="3"/><counter type="LINE" missed="0" covered="1"/><counter type="COMPLEXITY" missed="0" covered="1"/><counter type="METHOD" missed="0" covered="1"/></method><method name="getErreurOverflow" desc="()Lfr/ensimag/ima/pseudocode/Label;" line="62"><counter type="INSTRUCTION" missed="0" covered="3"/><counter type="LINE" missed="0" covered="1"/><counter type="COMPLEXITY" missed="0" covered="1"/><counter type="METHOD" missed="0" covered="1"/></method><method name="getErreurinOut" desc="()Lfr/ensimag/ima/pseudocode/Label;" line="68"><counter type="INSTRUCTION" missed="0" covered="3"/><counter type="LINE" missed="0" covered="1"/><counter type="COMPLEXITY" missed="0" covered="1"/><counter type="METHOD" missed="0" covered="1"/></method><method name="getD" desc="()I" line="72"><counter type="INSTRUCTION" missed="0" covered="3"/><counter type="LINE" missed="0" covered="1"/><counter type="COMPLEXITY" missed="0" covered="1"/><counter type="METHOD" missed="0" covered="1"/></method><method name="setD" desc="(I)V" line="76"><counter type="INSTRUCTION" missed="4" covered="0"/><counter type="LINE" missed="2" covered="0"/><counter type="COMPLEXITY" missed="1" covered="0"/><counter type="METHOD" missed="1" covered="0"/></method><method name="getN" desc="()I" line="80"><counter type="INSTRUCTION" missed="0" covered="3"/><counter type="LINE" missed="0" covered="1"/><counter type="COMPLEXITY" missed="0" covered="1"/><counter type="METHOD" missed="0" covered="1"/></method><method name="setN" desc="(I)V" line="84"><counter type="INSTRUCTION" missed="0" covered="4"/><counter type="LINE" missed="0" covered="2"/><counter type="COMPLEXITY" missed="0" covered="1"/><counter type="METHOD" missed="0" covered="1"/></method><method name="getSP" desc="()I" line="88"><counter type="INSTRUCTION" missed="3" covered="0"/><counter type="LINE" missed="1" covered="0"/><counter type="COMPLEXITY" missed="1" covered="0"/><counter type="METHOD" missed="1" covered="0"/></method><method name="setSP" desc="(I)V" line="92"><counter type="INSTRUCTION" missed="4" covered="0"/><counter type="LINE" missed="2" covered="0"/><counter type="COMPLEXITY" missed="1" covered="0"/><counter type="METHOD" missed="1" covered="0"/></method><method name="&lt;init&gt;" desc="(Lfr/ensimag/deca/CompilerOptions;Ljava/io/File;)V" line="50"><counter type="INSTRUCTION" missed="0" covered="52"/><counter type="LINE" missed="0" covered="13"/><counter type="COMPLEXITY" missed="0" covered="1"/><counter type="METHOD" missed="0" covered="1"/></method><method name="getSource" desc="()Ljava/io/File;" line="105"><counter type="INSTRUCTION" missed="3" covered="0"/><counter type="LINE" missed="1" covered="0"/><counter type="COMPLEXITY" missed="1" covered="0"/><counter type="METHOD" missed="1" covered="0"/></method><method name="getCompilerOptions" desc="()Lfr/ensimag/deca/CompilerOptions;" line="113"><counter type="INSTRUCTION" missed="0" covered="3"/><counter type="LINE" missed="0" covered="1"/><counter type="COMPLEXITY" missed="0" covered="1"/><counter type="METHOD" missed="0" covered="1"/></method><method name="add" desc="(Lfr/ensimag/ima/pseudocode/AbstractLine;)V" line="121"><counter type="INSTRUCTION" missed="5" covered="0"/><counter type="LINE" missed="2" covered="0"/><counter type="COMPLEXITY" missed="1" covered="0"/><counter type="METHOD" missed="1" covered="0"/></method><method name="addComment" desc="(Ljava/lang/String;)V" line="128"><counter type="INSTRUCTION" missed="0" covered="5"/><counter type="LINE" missed="0" covered="2"/><counter type="COMPLEXITY" missed="0" covered="1"/><counter type="METHOD" missed="0" covered="1"/></method><method name="addLabel" desc="(Lfr/ensimag/ima/pseudocode/Label;)V" line="136"><counter type="INSTRUCTION" missed="0" covered="5"/><counter type="LINE" missed="0" covered="2"/><counter type="COMPLEXITY" missed="0" covered="1"/><counter type="METHOD" missed="0" covered="1"/></method><method name="addInstruction" desc="(Lfr/ensimag/ima/pseudocode/Instruction;)V" line="144"><counter type="INSTRUCTION" missed="0" covered="5"/><counter type="LINE" missed="0" covered="2"/><counter type="COMPLEXITY" missed="0" covered="1"/><counter type="METHOD" missed="0" covered="1"/></method><method name="addInstructionFirst" desc="(Lfr/ensimag/ima/pseudocode/Instruction;)V" line="148"><counter type="INSTRUCTION" missed="0" covered="5"/><counter type="LINE" missed="0" covered="2"/><counter type="COMPLEXITY" missed="0" covered="1"/><counter type="METHOD" missed="0" covered="1"/></method><method name="addInstruction" desc="(Lfr/ensimag/ima/pseudocode/Instruction;Ljava/lang/String;)V" line="156"><counter type="INSTRUCTION" missed="6" covered="0"/><counter type="LINE" missed="2" covered="0"/><counter type="COMPLEXITY" missed="1" covered="0"/><counter type="METHOD" missed="1" covered="0"/></method><method name="displayIMAProgram" desc="()Ljava/lang/String;" line="164"><counter type="INSTRUCTION" missed="4" covered="0"/><counter type="LINE" missed="1" covered="0"/><counter type="COMPLEXITY" missed="1" covered="0"/><counter type="METHOD" missed="1" covered="0"/></method><method name="createSymbol" desc="(Ljava/lang/String;)Lfr/ensimag/deca/tools/SymbolTable$Symbol;" line="185"><counter type="INSTRUCTION" missed="0" covered="5"/><counter type="LINE" missed="0" covered="1"/><counter type="COMPLEXITY" missed="0" covered="1"/><counter type="METHOD" missed="0" covered="1"/></method><method name="compile" desc="()Z" line="194"><counter type="INSTRUCTION" missed="88" covered="66"/><counter type="LINE" missed="18" covered="10"/><counter type="COMPLEXITY" missed="0" covered="1"/><counter type="METHOD" missed="0" covered="1"/></method><method name="doCompile" desc="(Ljava/lang/String;Ljava/lang/String;Ljava/io/PrintStream;Ljava/io/PrintStream;)Z" line="247"><counter type="INSTRUCTION" missed="27" covered="100"/><counter type="BRANCH" missed="5" covered="9"/><counter type="LINE" missed="4" covered="22"/><counter type="COMPLEXITY" missed="5" covered="3"/><counter type="METHOD" missed="0" covered="1"/></method><method name="doLexingAndParsing" desc="(Ljava/lang/String;Ljava/io/PrintStream;)Lfr/ensimag/deca/tree/AbstractProgram;" line="306"><counter type="INSTRUCTION" missed="14" covered="27"/><counter type="LINE" missed="2" covered="7"/><counter type="COMPLEXITY" missed="0" covered="1"/><counter type="METHOD" missed="0" covered="1"/></method><method name="&lt;clinit&gt;" desc="()V" line="43"><counter type="INSTRUCTION" missed="2" covered="13"/><counter type="BRANCH" missed="1" covered="1"/><counter type="LINE" missed="0" covered="3"/><counter type="COMPLEXITY" missed="1" covered="1"/><counter type="METHOD" missed="0" covered="1"/></method><counter type="INSTRUCTION" missed="160" covered="305"/><counter type="BRANCH" missed="6" covered="10"/><counter type="LINE" missed="35" covered="72"/><counter type="COMPLEXITY" missed="13" covered="19"/><counter type="METHOD" missed="7" covered="17"/><counter type="CLASS" missed="0" covered="1"/></class><class name="fr/ensimag/deca/DecacFatalError" sourcefilename="DecacFatalError.java"><method name="&lt;init&gt;" desc="(Ljava/lang/String;)V" line="14"><counter type="INSTRUCTION" missed="4" covered="0"/><counter type="LINE" missed="2" covered="0"/><counter type="COMPLEXITY" missed="1" covered="0"/><counter type="METHOD" missed="1" covered="0"/></method><counter type="INSTRUCTION" missed="4" covered="0"/><counter type="LINE" missed="2" covered="0"/><counter type="COMPLEXITY" missed="1" covered="0"/><counter type="METHOD" missed="1" covered="0"/><counter type="CLASS" missed="1" covered="0"/></class><sourcefile name="DecacFatalError.java"><line nr="14" mi="3" ci="0" mb="0" cb="0"/><line nr="15" mi="1" ci="0" mb="0" cb="0"/><counter type="INSTRUCTION" missed="4" covered="0"/><counter type="LINE" missed="2" covered="0"/><counter type="COMPLEXITY" missed="1" covered="0"/><counter type="METHOD" missed="1" covered="0"/><counter type="CLASS" missed="1" covered="0"/></sourcefile><sourcefile name="CLIException.java"><line nr="13" mi="0" ci="3" mb="0" cb="0"/><line nr="14" mi="0" ci="1" mb="0" cb="0"/><counter type="INSTRUCTION" missed="0" covered="4"/><counter type="LINE" missed="0" covered="2"/><counter type="COMPLEXITY" missed="0" covered="1"/><counter type="METHOD" missed="0" covered="1"/><counter type="CLASS" missed="0" covered="1"/></sourcefile><sourcefile name="CompilerOptions.java"><line nr="18" mi="2" ci="8" mb="1" cb="1"/><line nr="24" mi="0" ci="3" mb="0" cb="0"/><line nr="28" mi="0" ci="3" mb="0" cb="0"/><line nr="32" mi="0" ci="3" mb="0" cb="0"/><line nr="36" mi="0" ci="3" mb="0" cb="0"/><line nr="40" mi="3" ci="0" mb="0" cb="0"/><line nr="44" mi="0" ci="3" mb="0" cb="0"/><line nr="48" mi="3" ci="0" mb="0" cb="0"/><line nr="52" mi="0" ci="3" mb="0" cb="0"/><line nr="56" mi="0" ci="4" mb="0" cb="0"/><line nr="59" mi="0" ci="3" mb="0" cb="0"/><line nr="60" mi="0" ci="3" mb="0" cb="0"/><line nr="61" mi="0" ci="3" mb="0" cb="0"/><line nr="62" mi="0" ci="3" mb="0" cb="0"/><line nr="63" mi="0" ci="3" mb="0" cb="0"/><line nr="64" mi="0" ci="3" mb="0" cb="0"/><line nr="65" mi="0" ci="3" mb="0" cb="0"/><line nr="66" mi="0" ci="3" mb="0" cb="0"/><line nr="67" mi="0" ci="6" mb="0" cb="0"/><line nr="72" mi="0" ci="2" mb="0" cb="0"/><line nr="73" mi="0" ci="4" mb="0" cb="2"/><line nr="75" mi="0" ci="4" mb="0" cb="0"/><line nr="76" mi="0" ci="8" mb="2" cb="7"/><line nr="79" mi="0" ci="3" mb="0" cb="0"/><line nr="80" mi="0" ci="4" mb="0" cb="2"/><line nr="81" mi="0" ci="5" mb="0" cb="0"/><line nr="85" mi="0" ci="3" mb="0" cb="0"/><line nr="86" mi="0" ci="6" mb="0" cb="4"/><line nr="87" mi="0" ci="5" mb="0" cb="0"/><line nr="92" mi="0" ci="3" mb="0" cb="0"/><line nr="93" mi="0" ci="6" mb="0" cb="4"/><line nr="94" mi="0" ci="5" mb="0" cb="0"/><line nr="99" mi="3" ci="0" mb="0" cb="0"/><line nr="100" mi="1" ci="0" mb="0" cb="0"/><line nr="103" mi="0" ci="3" mb="0" cb="0"/><line nr="104" mi="0" ci="6" mb="0" cb="4"/><line nr="105" mi="0" ci="5" mb="0" cb="0"/><line nr="110" mi="0" ci="6" mb="0" cb="0"/><line nr="111" mi="0" ci="1" mb="0" cb="0"/><line nr="114" mi="3" ci="0" mb="0" cb="0"/><line nr="115" mi="1" ci="0" mb="0" cb="0"/><line nr="118" mi="0" ci="1" mb="0" cb="0"/><line nr="121" mi="0" ci="5" mb="0" cb="0"/><line nr="123" mi="1" ci="0" mb="0" cb="0"/><line nr="124" mi="5" ci="0" mb="0" cb="0"/><line nr="125" mi="0" ci="1" mb="0" cb="0"/><line nr="126" mi="0" ci="6" mb="0" cb="4"/><line nr="127" mi="0" ci="5" mb="0" cb="0"/><line nr="129" mi="0" ci="3" mb="0" cb="0"/><line nr="130" mi="0" ci="1" mb="0" cb="0"/><line nr="135" mi="0" ci="4" mb="0" cb="2"/><line nr="136" mi="0" ci="5" mb="0" cb="0"/><line nr="139" mi="0" ci="5" mb="0" cb="0"/><line nr="140" mi="0" ci="2" mb="0" cb="0"/><line nr="141" mi="0" ci="11" mb="0" cb="2"/><line nr="142" mi="0" ci="5" mb="1" cb="1"/><line nr="143" mi="2" ci="0" mb="0" cb="0"/><line nr="144" mi="1" ci="0" mb="0" cb="0"/><line nr="146" mi="0" ci="1" mb="0" cb="0"/><line nr="147" mi="0" ci="2" mb="1" cb="1"/><line nr="148" mi="0" ci="8" mb="0" cb="0"/><line nr="151" mi="0" ci="1" mb="0" cb="0"/><line nr="152" mi="0" ci="1" mb="0" cb="0"/><line nr="153" mi="0" ci="2" mb="0" cb="0"/><line nr="155" mi="0" ci="3" mb="1" cb="4"/><line nr="156" mi="0" ci="1" mb="0" cb="0"/><line nr="158" mi="0" ci="4" mb="0" cb="0"/><line nr="160" mi="0" ci="4" mb="0" cb="0"/><line nr="162" mi="4" ci="0" mb="0" cb="0"/><line nr="164" mi="0" ci="3" mb="0" cb="0"/><line nr="166" mi="0" ci="11" mb="0" cb="0"/><line nr="168" mi="0" ci="2" mb="0" cb="0"/><line nr="169" mi="4" ci="6" mb="2" cb="2"/><line nr="170" mi="0" ci="2" mb="1" cb="1"/><line nr="171" mi="0" ci="4" mb="0" cb="0"/><line nr="173" mi="3" ci="0" mb="0" cb="0"/><line nr="176" mi="0" ci="1" mb="0" cb="0"/><line nr="179" mi="0" ci="3" mb="0" cb="0"/><line nr="180" mi="0" ci="11" mb="0" cb="0"/><line nr="184" mi="0" ci="3" mb="0" cb="0"/><line nr="186" mi="0" ci="3" mb="0" cb="0"/><line nr="187" mi="0" ci="6" mb="0" cb="0"/><line nr="188" mi="0" ci="73" mb="0" cb="0"/><line nr="206" mi="0" ci="2" mb="0" cb="0"/><line nr="208" mi="0" ci="3" mb="0" cb="0"/><line nr="209" mi="0" ci="1" mb="0" cb="0"/><counter type="INSTRUCTION" missed="36" covered="354"/><counter type="BRANCH" missed="9" covered="41"/><counter type="LINE" missed="12" covered="74"/><counter type="COMPLEXITY" missed="11" covered="32"/><counter type="METHOD" missed="2" covered="11"/><counter type="CLASS" missed="0" covered="1"/></sourcefile><sourcefile name="DecacMain.java"><line nr="12" mi="3" ci="0" mb="0" cb="0"/><line nr="13" mi="0" ci="4" mb="0" cb="0"/><line nr="17" mi="0" ci="3" mb="0" cb="0"/><line nr="18" mi="0" ci="2" mb="0" cb="0"/><line nr="19" mi="0" ci="4" mb="0" cb="0"/><line nr="22" mi="0" ci="3" mb="0" cb="0"/><line nr="23" mi="0" ci="1" mb="0" cb="0"/><line nr="24" mi="0" ci="5" mb="0" cb="0"/><line nr="25" mi="0" ci="8" mb="0" cb="0"/><line nr="26" mi="0" ci="3" mb="0" cb="0"/><line nr="27" mi="0" ci="2" mb="0" cb="0"/><line nr="28" mi="2" ci="0" mb="0" cb="0"/><line nr="29" mi="0" ci="1" mb="0" cb="0"/><line nr="31" mi="0" ci="3" mb="0" cb="2"/><line nr="32" mi="0" ci="3" mb="0" cb="0"/><line nr="33" mi="0" ci="3" mb="0" cb="0"/><line nr="34" mi="0" ci="3" mb="0" cb="0"/><line nr="35" mi="2" ci="0" mb="0" cb="0"/><line nr="38" mi="0" ci="4" mb="0" cb="2"/><line nr="39" mi="0" ci="2" mb="0" cb="0"/><line nr="40" mi="0" ci="3" mb="1" cb="1"/><line nr="41" mi="2" ci="0" mb="0" cb="0"/><line nr="43" mi="2" ci="0" mb="0" cb="0"/><line nr="46" mi="0" ci="3" mb="1" cb="1"/><line nr="51" mi="5" ci="0" mb="0" cb="0"/><line nr="53" mi="0" ci="11" mb="0" cb="2"/><line nr="54" mi="0" ci="6" mb="0" cb="0"/><line nr="55" mi="0" ci="3" mb="1" cb="1"/><line nr="56" mi="2" ci="0" mb="0" cb="0"/><line nr="58" mi="0" ci="1" mb="0" cb="0"/><line nr="61" mi="3" ci="3" mb="1" cb="1"/><line nr="62" mi="1" ci="0" mb="0" cb="0"/><counter type="INSTRUCTION" missed="22" covered="84"/><counter type="BRANCH" missed="4" covered="10"/><counter type="LINE" missed="8" covered="24"/><counter type="COMPLEXITY" missed="5" covered="5"/><counter type="METHOD" missed="1" covered="2"/><counter type="CLASS" missed="0" covered="1"/></sourcefile><sourcefile name="DecacCompiler.java"><line nr="43" mi="2" ci="5" mb="1" cb="1"/><line nr="44" mi="0" ci="3" mb="0" cb="0"/><line nr="49" mi="0" ci="5" mb="0" cb="0"/><line nr="50" mi="0" ci="3" mb="0" cb="0"/><line nr="51" mi="0" ci="3" mb="0" cb="0"/><line nr="52" mi="0" ci="3" mb="0" cb="0"/><line nr="53" mi="0" ci="6" mb="0" cb="0"/><line nr="56" mi="0" ci="3" mb="0" cb="0"/><line nr="59" mi="0" ci="6" mb="0" cb="0"/><line nr="62" mi="0" ci="3" mb="0" cb="0"/><line nr="65" mi="0" ci="6" mb="0" cb="0"/><line nr="68" mi="0" ci="3" mb="0" cb="0"/><line nr="72" mi="0" ci="3" mb="0" cb="0"/><line nr="76" mi="3" ci="0" mb="0" cb="0"/><line nr="77" mi="1" ci="0" mb="0" cb="0"/><line nr="80" mi="0" ci="3" mb="0" cb="0"/><line nr="84" mi="0" ci="3" mb="0" cb="0"/><line nr="85" mi="0" ci="1" mb="0" cb="0"/><line nr="88" mi="3" ci="0" mb="0" cb="0"/><line nr="92" mi="3" ci="0" mb="0" cb="0"/><line nr="93" mi="1" ci="0" mb="0" cb="0"/><line nr="96" mi="0" ci="2" mb="0" cb="0"/><line nr="97" mi="0" ci="3" mb="0" cb="0"/><line nr="98" mi="0" ci="3" mb="0" cb="0"/><line nr="99" mi="0" ci="1" mb="0" cb="0"/><line nr="105" mi="3" ci="0" mb="0" cb="0"/><line nr="113" mi="0" ci="3" mb="0" cb="0"/><line nr="121" mi="4" ci="0" mb="0" cb="0"/><line nr="122" mi="1" ci="0" mb="0" cb="0"/><line nr="128" mi="0" ci="4" mb="0" cb="0"/><line nr="129" mi="0" ci="1" mb="0" cb="0"/><line nr="136" mi="0" ci="4" mb="0" cb="0"/><line nr="137" mi="0" ci="1" mb="0" cb="0"/><line nr="144" mi="0" ci="4" mb="0" cb="0"/><line nr="145" mi="0" ci="1" mb="0" cb="0"/><line nr="148" mi="0" ci="4" mb="0" cb="0"/><line nr="149" mi="0" ci="1" mb="0" cb="0"/><line nr="156" mi="5" ci="0" mb="0" cb="0"/><line nr="157" mi="1" ci="0" mb="0" cb="0"/><line nr="164" mi="4" ci="0" mb="0" cb="0"/><line nr="172" mi="0" ci="5" mb="0" cb="0"/><line nr="176" mi="0" ci="5" mb="0" cb="0"/><line nr="177" mi="0" ci="6" mb="0" cb="0"/><line nr="185" mi="0" ci="5" mb="0" cb="0"/><line nr="194" mi="0" ci="4" mb="0" cb="0"/><line nr="195" mi="0" ci="2" mb="0" cb="0"/><line nr="198" mi="0" ci="4" mb="0" cb="0"/><line nr="199" mi="0" ci="4" mb="0" cb="0"/><line nr="201" mi="0" ci="15" mb="0" cb="0"/><line nr="202" mi="0" ci="12" mb="0" cb="0"/><line nr="204" mi="0" ci="2" mb="0" cb="0"/><line nr="205" mi="0" ci="2" mb="0" cb="0"/><line nr="206" mi="0" ci="14" mb="0" cb="0"/><line nr="209" mi="0" ci="7" mb="0" cb="0"/><line nr="210" mi="1" ci="0" mb="0" cb="0"/><line nr="211" mi="3" ci="0" mb="0" cb="0"/><line nr="212" mi="2" ci="0" mb="0" cb="0"/><line nr="213" mi="1" ci="0" mb="0" cb="0"/><line nr="214" mi="4" ci="0" mb="0" cb="0"/><line nr="215" mi="2" ci="0" mb="0" cb="0"/><line nr="216" mi="1" ci="0" mb="0" cb="0"/><line nr="217" mi="4" ci="0" mb="0" cb="0"/><line nr="218" mi="12" ci="0" mb="0" cb="0"/><line nr="219" mi="2" ci="0" mb="0" cb="0"/><line nr="220" mi="1" ci="0" mb="0" cb="0"/><line nr="221" mi="13" ci="0" mb="0" cb="0"/><line nr="223" mi="12" ci="0" mb="0" cb="0"/><line nr="224" mi="2" ci="0" mb="0" cb="0"/><line nr="225" mi="1" ci="0" mb="0" cb="0"/><line nr="226" mi="13" ci="0" mb="0" cb="0"/><line nr="228" mi="12" ci="0" mb="0" cb="0"/><line nr="229" mi="2" ci="0" mb="0" cb="0"/><line nr="247" mi="0" ci="5" mb="0" cb="0"/><line nr="249" mi="0" ci="2" mb="1" cb="1"/><line nr="250" mi="3" ci="0" mb="0" cb="0"/><line nr="251" mi="2" ci="0" mb="0" cb="0"/><line nr="253" mi="4" ci="5" mb="2" cb="2"/><line nr="256" mi="0" ci="4" mb="0" cb="2"/><line nr="257" mi="0" ci="3" mb="0" cb="0"/><line nr="258" mi="0" ci="2" mb="0" cb="0"/><line nr="262" mi="0" ci="3" mb="0" cb="0"/><line nr="263" mi="4" ci="5" mb="2" cb="2"/><line nr="265" mi="0" ci="4" mb="0" cb="2"/><line nr="266" mi="0" ci="2" mb="0" cb="0"/><line nr="269" mi="0" ci="3" mb="0" cb="0"/><line nr="270" mi="0" ci="3" mb="0" cb="0"/><line nr="271" mi="0" ci="3" mb="0" cb="0"/><line nr="272" mi="0" ci="14" mb="0" cb="0"/><line nr="273" mi="0" ci="10" mb="0" cb="0"/><line nr="275" mi="0" ci="2" mb="0" cb="0"/><line nr="277" mi="0" ci="5" mb="0" cb="0"/><line nr="278" mi="1" ci="0" mb="0" cb="0"/><line nr="279" mi="13" ci="0" mb="0" cb="0"/><line nr="280" mi="0" ci="1" mb="0" cb="0"/><line nr="282" mi="0" ci="3" mb="0" cb="0"/><line nr="284" mi="0" ci="7" mb="0" cb="0"/><line nr="285" mi="0" ci="12" mb="0" cb="0"/><line nr="286" mi="0" ci="2" mb="0" cb="0"/><line nr="306" mi="0" ci="6" mb="0" cb="0"/><line nr="307" mi="1" ci="0" mb="0" cb="0"/><line nr="308" mi="13" ci="0" mb="0" cb="0"/><line nr="309" mi="0" ci="1" mb="0" cb="0"/><line nr="310" mi="0" ci="3" mb="0" cb="0"/><line nr="311" mi="0" ci="5" mb="0" cb="0"/><line nr="312" mi="0" ci="5" mb="0" cb="0"/><line nr="313" mi="0" ci="3" mb="0" cb="0"/><line nr="314" mi="0" ci="4" mb="0" cb="0"/><counter type="INSTRUCTION" missed="160" covered="305"/><counter type="BRANCH" missed="6" covered="10"/><counter type="LINE" missed="35" covered="72"/><counter type="COMPLEXITY" missed="13" covered="19"/><counter type="METHOD" missed="7" covered="17"/><counter type="CLASS" missed="0" covered="1"/></sourcefile><counter type="INSTRUCTION" missed="222" covered="747"/><counter type="BRANCH" missed="19" covered="61"/><counter type="LINE" missed="57" covered="172"/><counter type="COMPLEXITY" missed="30" covered="57"/><counter type="METHOD" missed="11" covered="31"/><counter type="CLASS" missed="1" covered="4"/></package><package name="fr/ensimag/ima/pseudocode/instructions"><class name="fr/ensimag/ima/pseudocode/instructions/TSTO" sourcefilename="TSTO.java"><method name="&lt;init&gt;" desc="(Lfr/ensimag/ima/pseudocode/ImmediateInteger;)V" line="12"><counter type="INSTRUCTION" missed="4" covered="0"/><counter type="LINE" missed="2" covered="0"/><counter type="COMPLEXITY" missed="1" covered="0"/><counter type="METHOD" missed="1" covered="0"/></method><method name="&lt;init&gt;" desc="(I)V" line="16"><counter type="INSTRUCTION" missed="0" covered="4"/><counter type="LINE" missed="0" covered="2"/><counter type="COMPLEXITY" missed="0" covered="1"/><counter type="METHOD" missed="0" covered="1"/></method><counter type="INSTRUCTION" missed="4" covered="4"/><counter type="LINE" missed="2" covered="2"/><counter type="COMPLEXITY" missed="1" covered="1"/><counter type="METHOD" missed="1" covered="1"/><counter type="CLASS" missed="0" covered="1"/></class><class name="fr/ensimag/ima/pseudocode/instructions/SEQ" sourcefilename="SEQ.java"><method name="&lt;init&gt;" desc="(Lfr/ensimag/ima/pseudocode/GPRegister;)V" line="14"><counter type="INSTRUCTION" missed="4" covered="0"/><counter type="LINE" missed="2" covered="0"/><counter type="COMPLEXITY" missed="1" covered="0"/><counter type="METHOD" missed="1" covered="0"/></method><counter type="INSTRUCTION" missed="4" covered="0"/><counter type="LINE" missed="2" covered="0"/><counter type="COMPLEXITY" missed="1" covered="0"/><counter type="METHOD" missed="1" covered="0"/><counter type="CLASS" missed="1" covered="0"/></class><class name="fr/ensimag/ima/pseudocode/instructions/WNL" sourcefilename="WNL.java"><method name="&lt;init&gt;" desc="()V" line="9"><counter type="INSTRUCTION" missed="0" covered="3"/><counter type="LINE" missed="0" covered="1"/><counter type="COMPLEXITY" missed="0" covered="1"/><counter type="METHOD" missed="0" covered="1"/></method><counter type="INSTRUCTION" missed="0" covered="3"/><counter type="LINE" missed="0" covered="1"/><counter type="COMPLEXITY" missed="0" covered="1"/><counter type="METHOD" missed="0" covered="1"/><counter type="CLASS" missed="0" covered="1"/></class><class name="fr/ensimag/ima/pseudocode/instructions/RTS" sourcefilename="RTS.java"><method name="&lt;init&gt;" desc="()V" line="9"><counter type="INSTRUCTION" missed="3" covered="0"/><counter type="LINE" missed="1" covered="0"/><counter type="COMPLEXITY" missed="1" covered="0"/><counter type="METHOD" missed="1" covered="0"/></method><counter type="INSTRUCTION" missed="3" covered="0"/><counter type="LINE" missed="1" covered="0"/><counter type="COMPLEXITY" missed="1" covered="0"/><counter type="METHOD" missed="1" covered="0"/><counter type="CLASS" missed="1" covered="0"/></class><class name="fr/ensimag/ima/pseudocode/instructions/FMA" sourcefilename="FMA.java"><method name="&lt;init&gt;" desc="(Lfr/ensimag/ima/pseudocode/DVal;Lfr/ensimag/ima/pseudocode/GPRegister;)V" line="13"><counter type="INSTRUCTION" missed="5" covered="0"/><counter type="LINE" missed="2" covered="0"/><counter type="COMPLEXITY" missed="1" covered="0"/><counter type="METHOD" missed="1" covered="0"/></method><counter type="INSTRUCTION" missed="5" covered="0"/><counter type="LINE" missed="2" covered="0"/><counter type="COMPLEXITY" missed="1" covered="0"/><counter type="METHOD" missed="1" covered="0"/><counter type="CLASS" missed="1" covered="0"/></class><class name="fr/ensimag/ima/pseudocode/instructions/ADDSP" sourcefilename="ADDSP.java"><method name="&lt;init&gt;" desc="(Lfr/ensimag/ima/pseudocode/ImmediateInteger;)V" line="15"><counter type="INSTRUCTION" missed="4" covered="0"/><counter type="LINE" missed="2" covered="0"/><counter type="COMPLEXITY" missed="1" covered="0"/><counter type="METHOD" missed="1" covered="0"/></method><method name="&lt;init&gt;" desc="(I)V" line="19"><counter type="INSTRUCTION" missed="4" covered="0"/><counter type="LINE" missed="2" covered="0"/><counter type="COMPLEXITY" missed="1" covered="0"/><counter type="METHOD" missed="1" covered="0"/></method><counter type="INSTRUCTION" missed="8" covered="0"/><counter type="LINE" missed="4" covered="0"/><counter type="COMPLEXITY" missed="2" covered="0"/><counter type="METHOD" missed="2" covered="0"/><counter type="CLASS" missed="1" covered="0"/></class><class name="fr/ensimag/ima/pseudocode/instructions/PUSH" sourcefilename="PUSH.java"><method name="&lt;init&gt;" desc="(Lfr/ensimag/ima/pseudocode/Register;)V" line="12"><counter type="INSTRUCTION" missed="4" covered="0"/><counter type="LINE" missed="2" covered="0"/><counter type="COMPLEXITY" missed="1" covered="0"/><counter type="METHOD" missed="1" covered="0"/></method><counter type="INSTRUCTION" missed="4" covered="0"/><counter type="LINE" missed="2" covered="0"/><counter type="COMPLEXITY" missed="1" covered="0"/><counter type="METHOD" missed="1" covered="0"/><counter type="CLASS" missed="1" covered="0"/></class><class name="fr/ensimag/ima/pseudocode/instructions/SGE" sourcefilename="SGE.java"><method name="&lt;init&gt;" desc="(Lfr/ensimag/ima/pseudocode/GPRegister;)V" line="14"><counter type="INSTRUCTION" missed="0" covered="4"/><counter type="LINE" missed="0" covered="2"/><counter type="COMPLEXITY" missed="0" covered="1"/><counter type="METHOD" missed="0" covered="1"/></method><counter type="INSTRUCTION" missed="0" covered="4"/><counter type="LINE" missed="0" covered="2"/><counter type="COMPLEXITY" missed="0" covered="1"/><counter type="METHOD" missed="0" covered="1"/><counter type="CLASS" missed="0" covered="1"/></class><class name="fr/ensimag/ima/pseudocode/instructions/BEQ" sourcefilename="BEQ.java"><method name="&lt;init&gt;" desc="(Lfr/ensimag/ima/pseudocode/Label;)V" line="14"><counter type="INSTRUCTION" missed="4" covered="0"/><counter type="LINE" missed="2" covered="0"/><counter type="COMPLEXITY" missed="1" covered="0"/><counter type="METHOD" missed="1" covered="0"/></method><counter type="INSTRUCTION" missed="4" covered="0"/><counter type="LINE" missed="2" covered="0"/><counter type="COMPLEXITY" missed="1" covered="0"/><counter type="METHOD" missed="1" covered="0"/><counter type="CLASS" missed="1" covered="0"/></class><class name="fr/ensimag/ima/pseudocode/instructions/DIV" sourcefilename="DIV.java"><method name="&lt;init&gt;" desc="(Lfr/ensimag/ima/pseudocode/DVal;Lfr/ensimag/ima/pseudocode/GPRegister;)V" line="15"><counter type="INSTRUCTION" missed="5" covered="0"/><counter type="LINE" missed="2" covered="0"/><counter type="COMPLEXITY" missed="1" covered="0"/><counter type="METHOD" missed="1" covered="0"/></method><counter type="INSTRUCTION" missed="5" covered="0"/><counter type="LINE" missed="2" covered="0"/><counter type="COMPLEXITY" missed="1" covered="0"/><counter type="METHOD" missed="1" covered="0"/><counter type="CLASS" missed="1" covered="0"/></class><class name="fr/ensimag/ima/pseudocode/instructions/RFLOAT" sourcefilename="RFLOAT.java"><method name="&lt;init&gt;" desc="()V" line="9"><counter type="INSTRUCTION" missed="3" covered="0"/><counter type="LINE" missed="1" covered="0"/><counter type="COMPLEXITY" missed="1" covered="0"/><counter type="METHOD" missed="1" covered="0"/></method><counter type="INSTRUCTION" missed="3" covered="0"/><counter type="LINE" missed="1" covered="0"/><counter type="COMPLEXITY" missed="1" covered="0"/><counter type="METHOD" missed="1" covered="0"/><counter type="CLASS" missed="1" covered="0"/></class><class name="fr/ensimag/ima/pseudocode/instructions/LOAD" sourcefilename="LOAD.java"><method name="&lt;init&gt;" desc="(Lfr/ensimag/ima/pseudocode/DVal;Lfr/ensimag/ima/pseudocode/GPRegister;)V" line="15"><counter type="INSTRUCTION" missed="0" covered="5"/><counter type="LINE" missed="0" covered="2"/><counter type="COMPLEXITY" missed="0" covered="1"/><counter type="METHOD" missed="0" covered="1"/></method><method name="&lt;init&gt;" desc="(ILfr/ensimag/ima/pseudocode/GPRegister;)V" line="19"><counter type="INSTRUCTION" missed="8" covered="0"/><counter type="LINE" missed="2" covered="0"/><counter type="COMPLEXITY" missed="1" covered="0"/><counter type="METHOD" missed="1" covered="0"/></method><counter type="INSTRUCTION" missed="8" covered="5"/><counter type="LINE" missed="2" covered="2"/><counter type="COMPLEXITY" missed="1" covered="1"/><counter type="METHOD" missed="1" covered="1"/><counter type="CLASS" missed="0" covered="1"/></class><class name="fr/ensimag/ima/pseudocode/instructions/SUB" sourcefilename="SUB.java"><method name="&lt;init&gt;" desc="(Lfr/ensimag/ima/pseudocode/DVal;Lfr/ensimag/ima/pseudocode/GPRegister;)V" line="13"><counter type="INSTRUCTION" missed="5" covered="0"/><counter type="LINE" missed="2" covered="0"/><counter type="COMPLEXITY" missed="1" covered="0"/><counter type="METHOD" missed="1" covered="0"/></method><counter type="INSTRUCTION" missed="5" covered="0"/><counter type="LINE" missed="2" covered="0"/><counter type="COMPLEXITY" missed="1" covered="0"/><counter type="METHOD" missed="1" covered="0"/><counter type="CLASS" missed="1" covered="0"/></class><class name="fr/ensimag/ima/pseudocode/instructions/BSR" sourcefilename="BSR.java"><method name="&lt;init&gt;" desc="(Lfr/ensimag/ima/pseudocode/DVal;)V" line="15"><counter type="INSTRUCTION" missed="4" covered="0"/><counter type="LINE" missed="2" covered="0"/><counter type="COMPLEXITY" missed="1" covered="0"/><counter type="METHOD" missed="1" covered="0"/></method><method name="&lt;init&gt;" desc="(Lfr/ensimag/ima/pseudocode/Label;)V" line="19"><counter type="INSTRUCTION" missed="7" covered="0"/><counter type="LINE" missed="2" covered="0"/><counter type="COMPLEXITY" missed="1" covered="0"/><counter type="METHOD" missed="1" covered="0"/></method><counter type="INSTRUCTION" missed="11" covered="0"/><counter type="LINE" missed="4" covered="0"/><counter type="COMPLEXITY" missed="2" covered="0"/><counter type="METHOD" missed="2" covered="0"/><counter type="CLASS" missed="1" covered="0"/></class><class name="fr/ensimag/ima/pseudocode/instructions/POP" sourcefilename="POP.java"><method name="&lt;init&gt;" desc="(Lfr/ensimag/ima/pseudocode/GPRegister;)V" line="14"><counter type="INSTRUCTION" missed="4" covered="0"/><counter type="LINE" missed="2" covered="0"/><counter type="COMPLEXITY" missed="1" covered="0"/><counter type="METHOD" missed="1" covered="0"/></method><counter type="INSTRUCTION" missed="4" covered="0"/><counter type="LINE" missed="2" covered="0"/><counter type="COMPLEXITY" missed="1" covered="0"/><counter type="METHOD" missed="1" covered="0"/><counter type="CLASS" missed="1" covered="0"/></class><class name="fr/ensimag/ima/pseudocode/instructions/PEA" sourcefilename="PEA.java"><method name="&lt;init&gt;" desc="(Lfr/ensimag/ima/pseudocode/DAddr;)V" line="13"><counter type="INSTRUCTION" missed="4" covered="0"/><counter type="LINE" missed="2" covered="0"/><counter type="COMPLEXITY" missed="1" covered="0"/><counter type="METHOD" missed="1" covered="0"/></method><counter type="INSTRUCTION" missed="4" covered="0"/><counter type="LINE" missed="2" covered="0"/><counter type="COMPLEXITY" missed="1" covered="0"/><counter type="METHOD" missed="1" covered="0"/><counter type="CLASS" missed="1" covered="0"/></class><class name="fr/ensimag/ima/pseudocode/instructions/REM" sourcefilename="REM.java"><method name="&lt;init&gt;" desc="(Lfr/ensimag/ima/pseudocode/DVal;Lfr/ensimag/ima/pseudocode/GPRegister;)V" line="15"><counter type="INSTRUCTION" missed="5" covered="0"/><counter type="LINE" missed="2" covered="0"/><counter type="COMPLEXITY" missed="1" covered="0"/><counter type="METHOD" missed="1" covered="0"/></method><counter type="INSTRUCTION" missed="5" covered="0"/><counter type="LINE" missed="2" covered="0"/><counter type="COMPLEXITY" missed="1" covered="0"/><counter type="METHOD" missed="1" covered="0"/><counter type="CLASS" missed="1" covered="0"/></class><class name="fr/ensimag/ima/pseudocode/instructions/SGT" sourcefilename="SGT.java"><method name="&lt;init&gt;" desc="(Lfr/ensimag/ima/pseudocode/GPRegister;)V" line="14"><counter type="INSTRUCTION" missed="4" covered="0"/><counter type="LINE" missed="2" covered="0"/><counter type="COMPLEXITY" missed="1" covered="0"/><counter type="METHOD" missed="1" covered="0"/></method><counter type="INSTRUCTION" missed="4" covered="0"/><counter type="LINE" missed="2" covered="0"/><counter type="COMPLEXITY" missed="1" covered="0"/><counter type="METHOD" missed="1" covered="0"/><counter type="CLASS" missed="1" covered="0"/></class><class name="fr/ensimag/ima/pseudocode/instructions/ADD" sourcefilename="ADD.java"><method name="&lt;init&gt;" desc="(Lfr/ensimag/ima/pseudocode/DVal;Lfr/ensimag/ima/pseudocode/GPRegister;)V" line="13"><counter type="INSTRUCTION" missed="5" covered="0"/><counter type="LINE" missed="2" covered="0"/><counter type="COMPLEXITY" missed="1" covered="0"/><counter type="METHOD" missed="1" covered="0"/></method><counter type="INSTRUCTION" missed="5" covered="0"/><counter type="LINE" missed="2" covered="0"/><counter type="COMPLEXITY" missed="1" covered="0"/><counter type="METHOD" missed="1" covered="0"/><counter type="CLASS" missed="1" covered="0"/></class><class name="fr/ensimag/ima/pseudocode/instructions/WFLOAT" sourcefilename="WFLOAT.java"><method name="&lt;init&gt;" desc="()V" line="10"><counter type="INSTRUCTION" missed="3" covered="0"/><counter type="LINE" missed="1" covered="0"/><counter type="COMPLEXITY" missed="1" covered="0"/><counter type="METHOD" missed="1" covered="0"/></method><counter type="INSTRUCTION" missed="3" covered="0"/><counter type="LINE" missed="1" covered="0"/><counter type="COMPLEXITY" missed="1" covered="0"/><counter type="METHOD" missed="1" covered="0"/><counter type="CLASS" missed="1" covered="0"/></class><class name="fr/ensimag/ima/pseudocode/instructions/OPP" sourcefilename="OPP.java"><method name="&lt;init&gt;" desc="(Lfr/ensimag/ima/pseudocode/DVal;Lfr/ensimag/ima/pseudocode/GPRegister;)V" line="13"><counter type="INSTRUCTION" missed="5" covered="0"/><counter type="LINE" missed="2" covered="0"/><counter type="COMPLEXITY" missed="1" covered="0"/><counter type="METHOD" missed="1" covered="0"/></method><counter type="INSTRUCTION" missed="5" covered="0"/><counter type="LINE" missed="2" covered="0"/><counter type="COMPLEXITY" missed="1" covered="0"/><counter type="METHOD" missed="1" covered="0"/><counter type="CLASS" missed="1" covered="0"/></class><class name="fr/ensimag/ima/pseudocode/instructions/SHR" sourcefilename="SHR.java"><method name="&lt;init&gt;" desc="(Lfr/ensimag/ima/pseudocode/GPRegister;)V" line="12"><counter type="INSTRUCTION" missed="4" covered="0"/><counter type="LINE" missed="2" covered="0"/><counter type="COMPLEXITY" missed="1" covered="0"/><counter type="METHOD" missed="1" covered="0"/></method><counter type="INSTRUCTION" missed="4" covered="0"/><counter type="LINE" missed="2" covered="0"/><counter type="COMPLEXITY" missed="1" covered="0"/><counter type="METHOD" missed="1" covered="0"/><counter type="CLASS" missed="1" covered="0"/></class><class name="fr/ensimag/ima/pseudocode/instructions/SHL" sourcefilename="SHL.java"><method name="&lt;init&gt;" desc="(Lfr/ensimag/ima/pseudocode/GPRegister;)V" line="12"><counter type="INSTRUCTION" missed="4" covered="0"/><counter type="LINE" missed="2" covered="0"/><counter type="COMPLEXITY" missed="1" covered="0"/><counter type="METHOD" missed="1" covered="0"/></method><counter type="INSTRUCTION" missed="4" covered="0"/><counter type="LINE" missed="2" covered="0"/><counter type="COMPLEXITY" missed="1" covered="0"/><counter type="METHOD" missed="1" covered="0"/><counter type="CLASS" missed="1" covered="0"/></class><class name="fr/ensimag/ima/pseudocode/instructions/BGE" sourcefilename="BGE.java"><method name="&lt;init&gt;" desc="(Lfr/ensimag/ima/pseudocode/Label;)V" line="14"><counter type="INSTRUCTION" missed="4" covered="0"/><counter type="LINE" missed="2" covered="0"/><counter type="COMPLEXITY" missed="1" covered="0"/><counter type="METHOD" missed="1" covered="0"/></method><counter type="INSTRUCTION" missed="4" covered="0"/><counter type="LINE" missed="2" covered="0"/><counter type="COMPLEXITY" missed="1" covered="0"/><counter type="METHOD" missed="1" covered="0"/><counter type="CLASS" missed="1" covered="0"/></class><class name="fr/ensimag/ima/pseudocode/instructions/QUO" sourcefilename="QUO.java"><method name="&lt;init&gt;" desc="(Lfr/ensimag/ima/pseudocode/DVal;Lfr/ensimag/ima/pseudocode/GPRegister;)V" line="15"><counter type="INSTRUCTION" missed="5" covered="0"/><counter type="LINE" missed="2" covered="0"/><counter type="COMPLEXITY" missed="1" covered="0"/><counter type="METHOD" missed="1" covered="0"/></method><counter type="INSTRUCTION" missed="5" covered="0"/><counter type="LINE" missed="2" covered="0"/><counter type="COMPLEXITY" missed="1" covered="0"/><counter type="METHOD" missed="1" covered="0"/><counter type="CLASS" missed="1" covered="0"/></class><class name="fr/ensimag/ima/pseudocode/instructions/BGT" sourcefilename="BGT.java"><method name="&lt;init&gt;" desc="(Lfr/ensimag/ima/pseudocode/Label;)V" line="14"><counter type="INSTRUCTION" missed="4" covered="0"/><counter type="LINE" missed="2" covered="0"/><counter type="COMPLEXITY" missed="1" covered="0"/><counter type="METHOD" missed="1" covered="0"/></method><counter type="INSTRUCTION" missed="4" covered="0"/><counter type="LINE" missed="2" covered="0"/><counter type="COMPLEXITY" missed="1" covered="0"/><counter type="METHOD" missed="1" covered="0"/><counter type="CLASS" missed="1" covered="0"/></class><class name="fr/ensimag/ima/pseudocode/instructions/BLE" sourcefilename="BLE.java"><method name="&lt;init&gt;" desc="(Lfr/ensimag/ima/pseudocode/Label;)V" line="14"><counter type="INSTRUCTION" missed="4" covered="0"/><counter type="LINE" missed="2" covered="0"/><counter type="COMPLEXITY" missed="1" covered="0"/><counter type="METHOD" missed="1" covered="0"/></method><counter type="INSTRUCTION" missed="4" covered="0"/><counter type="LINE" missed="2" covered="0"/><counter type="COMPLEXITY" missed="1" covered="0"/><counter type="METHOD" missed="1" covered="0"/><counter type="CLASS" missed="1" covered="0"/></class><class name="fr/ensimag/ima/pseudocode/instructions/HALT" sourcefilename="HALT.java"><method name="&lt;init&gt;" desc="()V" line="9"><counter type="INSTRUCTION" missed="0" covered="3"/><counter type="LINE" missed="0" covered="1"/><counter type="COMPLEXITY" missed="0" covered="1"/><counter type="METHOD" missed="0" covered="1"/></method><counter type="INSTRUCTION" missed="0" covered="3"/><counter type="LINE" missed="0" covered="1"/><counter type="COMPLEXITY" missed="0" covered="1"/><counter type="METHOD" missed="0" covered="1"/><counter type="CLASS" missed="0" covered="1"/></class><class name="fr/ensimag/ima/pseudocode/instructions/RINT" sourcefilename="RINT.java"><method name="&lt;init&gt;" desc="()V" line="9"><counter type="INSTRUCTION" missed="3" covered="0"/><counter type="LINE" missed="1" covered="0"/><counter type="COMPLEXITY" missed="1" covered="0"/><counter type="METHOD" missed="1" covered="0"/></method><counter type="INSTRUCTION" missed="3" covered="0"/><counter type="LINE" missed="1" covered="0"/><counter type="COMPLEXITY" missed="1" covered="0"/><counter type="METHOD" missed="1" covered="0"/><counter type="CLASS" missed="1" covered="0"/></class><class name="fr/ensimag/ima/pseudocode/instructions/BLT" sourcefilename="BLT.java"><method name="&lt;init&gt;" desc="(Lfr/ensimag/ima/pseudocode/Label;)V" line="14"><counter type="INSTRUCTION" missed="4" covered="0"/><counter type="LINE" missed="2" covered="0"/><counter type="COMPLEXITY" missed="1" covered="0"/><counter type="METHOD" missed="1" covered="0"/></method><counter type="INSTRUCTION" missed="4" covered="0"/><counter type="LINE" missed="2" covered="0"/><counter type="COMPLEXITY" missed="1" covered="0"/><counter type="METHOD" missed="1" covered="0"/><counter type="CLASS" missed="1" covered="0"/></class><class name="fr/ensimag/ima/pseudocode/instructions/SNE" sourcefilename="SNE.java"><method name="&lt;init&gt;" desc="(Lfr/ensimag/ima/pseudocode/GPRegister;)V" line="14"><counter type="INSTRUCTION" missed="4" covered="0"/><counter type="LINE" missed="2" covered="0"/><counter type="COMPLEXITY" missed="1" covered="0"/><counter type="METHOD" missed="1" covered="0"/></method><counter type="INSTRUCTION" missed="4" covered="0"/><counter type="LINE" missed="2" covered="0"/><counter type="COMPLEXITY" missed="1" covered="0"/><counter type="METHOD" missed="1" covered="0"/><counter type="CLASS" missed="1" covered="0"/></class><class name="fr/ensimag/ima/pseudocode/instructions/SUBSP" sourcefilename="SUBSP.java"><method name="&lt;init&gt;" desc="(Lfr/ensimag/ima/pseudocode/ImmediateInteger;)V" line="14"><counter type="INSTRUCTION" missed="4" covered="0"/><counter type="LINE" missed="2" covered="0"/><counter type="COMPLEXITY" missed="1" covered="0"/><counter type="METHOD" missed="1" covered="0"/></method><method name="&lt;init&gt;" desc="(I)V" line="18"><counter type="INSTRUCTION" missed="4" covered="0"/><counter type="LINE" missed="2" covered="0"/><counter type="COMPLEXITY" missed="1" covered="0"/><counter type="METHOD" missed="1" covered="0"/></method><counter type="INSTRUCTION" missed="8" covered="0"/><counter type="LINE" missed="4" covered="0"/><counter type="COMPLEXITY" missed="2" covered="0"/><counter type="METHOD" missed="2" covered="0"/><counter type="CLASS" missed="1" covered="0"/></class><class name="fr/ensimag/ima/pseudocode/instructions/SETROUND_DOWNWARD" sourcefilename="SETROUND_DOWNWARD.java"><method name="&lt;init&gt;" desc="()V" line="10"><counter type="INSTRUCTION" missed="3" covered="0"/><counter type="LINE" missed="1" covered="0"/><counter type="COMPLEXITY" missed="1" covered="0"/><counter type="METHOD" missed="1" covered="0"/></method><counter type="INSTRUCTION" missed="3" covered="0"/><counter type="LINE" missed="1" covered="0"/><counter type="COMPLEXITY" missed="1" covered="0"/><counter type="METHOD" missed="1" covered="0"/><counter type="CLASS" missed="1" covered="0"/></class><class name="fr/ensimag/ima/pseudocode/instructions/WINT" sourcefilename="WINT.java"><method name="&lt;init&gt;" desc="()V" line="9"><counter type="INSTRUCTION" missed="3" covered="0"/><counter type="LINE" missed="1" covered="0"/><counter type="COMPLEXITY" missed="1" covered="0"/><counter type="METHOD" missed="1" covered="0"/></method><counter type="INSTRUCTION" missed="3" covered="0"/><counter type="LINE" missed="1" covered="0"/><counter type="COMPLEXITY" missed="1" covered="0"/><counter type="METHOD" missed="1" covered="0"/><counter type="CLASS" missed="1" covered="0"/></class><class name="fr/ensimag/ima/pseudocode/instructions/SETROUND_TOWARDZERO" sourcefilename="SETROUND_TOWARDZERO.java"><method name="&lt;init&gt;" desc="()V" line="10"><counter type="INSTRUCTION" missed="3" covered="0"/><counter type="LINE" missed="1" covered="0"/><counter type="COMPLEXITY" missed="1" covered="0"/><counter type="METHOD" missed="1" covered="0"/></method><counter type="INSTRUCTION" missed="3" covered="0"/><counter type="LINE" missed="1" covered="0"/><counter type="COMPLEXITY" missed="1" covered="0"/><counter type="METHOD" missed="1" covered="0"/><counter type="CLASS" missed="1" covered="0"/></class><class name="fr/ensimag/ima/pseudocode/instructions/ERROR" sourcefilename="ERROR.java"><method name="&lt;init&gt;" desc="()V" line="10"><counter type="INSTRUCTION" missed="0" covered="3"/><counter type="LINE" missed="0" covered="1"/><counter type="COMPLEXITY" missed="0" covered="1"/><counter type="METHOD" missed="0" covered="1"/></method><counter type="INSTRUCTION" missed="0" covered="3"/><counter type="LINE" missed="0" covered="1"/><counter type="COMPLEXITY" missed="0" covered="1"/><counter type="METHOD" missed="0" covered="1"/><counter type="CLASS" missed="0" covered="1"/></class><class name="fr/ensimag/ima/pseudocode/instructions/SLE" sourcefilename="SLE.java"><method name="&lt;init&gt;" desc="(Lfr/ensimag/ima/pseudocode/GPRegister;)V" line="14"><counter type="INSTRUCTION" missed="4" covered="0"/><counter type="LINE" missed="2" covered="0"/><counter type="COMPLEXITY" missed="1" covered="0"/><counter type="METHOD" missed="1" covered="0"/></method><counter type="INSTRUCTION" missed="4" covered="0"/><counter type="LINE" missed="2" covered="0"/><counter type="COMPLEXITY" missed="1" covered="0"/><counter type="METHOD" missed="1" covered="0"/><counter type="CLASS" missed="1" covered="0"/></class><class name="fr/ensimag/ima/pseudocode/instructions/STORE" sourcefilename="STORE.java"><method name="&lt;init&gt;" desc="(Lfr/ensimag/ima/pseudocode/Register;Lfr/ensimag/ima/pseudocode/DAddr;)V" line="13"><counter type="INSTRUCTION" missed="5" covered="0"/><counter type="LINE" missed="2" covered="0"/><counter type="COMPLEXITY" missed="1" covered="0"/><counter type="METHOD" missed="1" covered="0"/></method><counter type="INSTRUCTION" missed="5" covered="0"/><counter type="LINE" missed="2" covered="0"/><counter type="COMPLEXITY" missed="1" covered="0"/><counter type="METHOD" missed="1" covered="0"/><counter type="CLASS" missed="1" covered="0"/></class><class name="fr/ensimag/ima/pseudocode/instructions/SLT" sourcefilename="SLT.java"><method name="&lt;init&gt;" desc="(Lfr/ensimag/ima/pseudocode/GPRegister;)V" line="14"><counter type="INSTRUCTION" missed="4" covered="0"/><counter type="LINE" missed="2" covered="0"/><counter type="COMPLEXITY" missed="1" covered="0"/><counter type="METHOD" missed="1" covered="0"/></method><counter type="INSTRUCTION" missed="4" covered="0"/><counter type="LINE" missed="2" covered="0"/><counter type="COMPLEXITY" missed="1" covered="0"/><counter type="METHOD" missed="1" covered="0"/><counter type="CLASS" missed="1" covered="0"/></class><class name="fr/ensimag/ima/pseudocode/instructions/CMP" sourcefilename="CMP.java"><method name="&lt;init&gt;" desc="(Lfr/ensimag/ima/pseudocode/DVal;Lfr/ensimag/ima/pseudocode/GPRegister;)V" line="16"><counter type="INSTRUCTION" missed="0" covered="5"/><counter type="LINE" missed="0" covered="2"/><counter type="COMPLEXITY" missed="0" covered="1"/><counter type="METHOD" missed="0" covered="1"/></method><method name="&lt;init&gt;" desc="(ILfr/ensimag/ima/pseudocode/GPRegister;)V" line="20"><counter type="INSTRUCTION" missed="8" covered="0"/><counter type="LINE" missed="2" covered="0"/><counter type="COMPLEXITY" missed="1" covered="0"/><counter type="METHOD" missed="1" covered="0"/></method><counter type="INSTRUCTION" missed="8" covered="5"/><counter type="LINE" missed="2" covered="2"/><counter type="COMPLEXITY" missed="1" covered="1"/><counter type="METHOD" missed="1" covered="1"/><counter type="CLASS" missed="0" covered="1"/></class><class name="fr/ensimag/ima/pseudocode/instructions/FLOAT" sourcefilename="FLOAT.java"><method name="&lt;init&gt;" desc="(Lfr/ensimag/ima/pseudocode/DVal;Lfr/ensimag/ima/pseudocode/GPRegister;)V" line="15"><counter type="INSTRUCTION" missed="5" covered="0"/><counter type="LINE" missed="2" covered="0"/><counter type="COMPLEXITY" missed="1" covered="0"/><counter type="METHOD" missed="1" covered="0"/></method><counter type="INSTRUCTION" missed="5" covered="0"/><counter type="LINE" missed="2" covered="0"/><counter type="COMPLEXITY" missed="1" covered="0"/><counter type="METHOD" missed="1" covered="0"/><counter type="CLASS" missed="1" covered="0"/></class><class name="fr/ensimag/ima/pseudocode/instructions/INT" sourcefilename="INT.java"><method name="&lt;init&gt;" desc="(Lfr/ensimag/ima/pseudocode/DVal;Lfr/ensimag/ima/pseudocode/GPRegister;)V" line="15"><counter type="INSTRUCTION" missed="5" covered="0"/><counter type="LINE" missed="2" covered="0"/><counter type="COMPLEXITY" missed="1" covered="0"/><counter type="METHOD" missed="1" covered="0"/></method><counter type="INSTRUCTION" missed="5" covered="0"/><counter type="LINE" missed="2" covered="0"/><counter type="COMPLEXITY" missed="1" covered="0"/><counter type="METHOD" missed="1" covered="0"/><counter type="CLASS" missed="1" covered="0"/></class><class name="fr/ensimag/ima/pseudocode/instructions/WFLOATX" sourcefilename="WFLOATX.java"><method name="&lt;init&gt;" desc="()V" line="9"><counter type="INSTRUCTION" missed="3" covered="0"/><counter type="LINE" missed="1" covered="0"/><counter type="COMPLEXITY" missed="1" covered="0"/><counter type="METHOD" missed="1" covered="0"/></method><counter type="INSTRUCTION" missed="3" covered="0"/><counter type="LINE" missed="1" covered="0"/><counter type="COMPLEXITY" missed="1" covered="0"/><counter type="METHOD" missed="1" covered="0"/><counter type="CLASS" missed="1" covered="0"/></class><class name="fr/ensimag/ima/pseudocode/instructions/DEL" sourcefilename="DEL.java"><method name="&lt;init&gt;" desc="(Lfr/ensimag/ima/pseudocode/GPRegister;)V" line="13"><counter type="INSTRUCTION" missed="4" covered="0"/><counter type="LINE" missed="2" covered="0"/><counter type="COMPLEXITY" missed="1" covered="0"/><counter type="METHOD" missed="1" covered="0"/></method><counter type="INSTRUCTION" missed="4" covered="0"/><counter type="LINE" missed="2" covered="0"/><counter type="COMPLEXITY" missed="1" covered="0"/><counter type="METHOD" missed="1" covered="0"/><counter type="CLASS" missed="1" covered="0"/></class><class name="fr/ensimag/ima/pseudocode/instructions/LEA" sourcefilename="LEA.java"><method name="&lt;init&gt;" desc="(Lfr/ensimag/ima/pseudocode/DAddr;Lfr/ensimag/ima/pseudocode/GPRegister;)V" line="14"><counter type="INSTRUCTION" missed="5" covered="0"/><counter type="LINE" missed="2" covered="0"/><counter type="COMPLEXITY" missed="1" covered="0"/><counter type="METHOD" missed="1" covered="0"/></method><counter type="INSTRUCTION" missed="5" covered="0"/><counter type="LINE" missed="2" covered="0"/><counter type="COMPLEXITY" missed="1" covered="0"/><counter type="METHOD" missed="1" covered="0"/><counter type="CLASS" missed="1" covered="0"/></class><class name="fr/ensimag/ima/pseudocode/instructions/BRA" sourcefilename="BRA.java"><method name="&lt;init&gt;" desc="(Lfr/ensimag/ima/pseudocode/Label;)V" line="14"><counter type="INSTRUCTION" missed="0" covered="4"/><counter type="LINE" missed="0" covered="2"/><counter type="COMPLEXITY" missed="0" covered="1"/><counter type="METHOD" missed="0" covered="1"/></method><counter type="INSTRUCTION" missed="0" covered="4"/><counter type="LINE" missed="0" covered="2"/><counter type="COMPLEXITY" missed="0" covered="1"/><counter type="METHOD" missed="0" covered="1"/><counter type="CLASS" missed="0" covered="1"/></class><class name="fr/ensimag/ima/pseudocode/instructions/SOV" sourcefilename="SOV.java"><method name="&lt;init&gt;" desc="(Lfr/ensimag/ima/pseudocode/GPRegister;)V" line="14"><counter type="INSTRUCTION" missed="4" covered="0"/><counter type="LINE" missed="2" covered="0"/><counter type="COMPLEXITY" missed="1" covered="0"/><counter type="METHOD" missed="1" covered="0"/></method><counter type="INSTRUCTION" missed="4" covered="0"/><counter type="LINE" missed="2" covered="0"/><counter type="COMPLEXITY" missed="1" covered="0"/><counter type="METHOD" missed="1" covered="0"/><counter type="CLASS" missed="1" covered="0"/></class><class name="fr/ensimag/ima/pseudocode/instructions/BNE" sourcefilename="BNE.java"><method name="&lt;init&gt;" desc="(Lfr/ensimag/ima/pseudocode/Label;)V" line="14"><counter type="INSTRUCTION" missed="0" covered="4"/><counter type="LINE" missed="0" covered="2"/><counter type="COMPLEXITY" missed="0" covered="1"/><counter type="METHOD" missed="0" covered="1"/></method><counter type="INSTRUCTION" missed="0" covered="4"/><counter type="LINE" missed="0" covered="2"/><counter type="COMPLEXITY" missed="0" covered="1"/><counter type="METHOD" missed="0" covered="1"/><counter type="CLASS" missed="0" covered="1"/></class><class name="fr/ensimag/ima/pseudocode/instructions/SETROUND_TONEAREST" sourcefilename="SETROUND_TONEAREST.java"><method name="&lt;init&gt;" desc="()V" line="10"><counter type="INSTRUCTION" missed="3" covered="0"/><counter type="LINE" missed="1" covered="0"/><counter type="COMPLEXITY" missed="1" covered="0"/><counter type="METHOD" missed="1" covered="0"/></method><counter type="INSTRUCTION" missed="3" covered="0"/><counter type="LINE" missed="1" covered="0"/><counter type="COMPLEXITY" missed="1" covered="0"/><counter type="METHOD" missed="1" covered="0"/><counter type="CLASS" missed="1" covered="0"/></class><class name="fr/ensimag/ima/pseudocode/instructions/NEW" sourcefilename="NEW.java"><method name="&lt;init&gt;" desc="(Lfr/ensimag/ima/pseudocode/DVal;Lfr/ensimag/ima/pseudocode/GPRegister;)V" line="15"><counter type="INSTRUCTION" missed="5" covered="0"/><counter type="LINE" missed="2" covered="0"/><counter type="COMPLEXITY" missed="1" covered="0"/><counter type="METHOD" missed="1" covered="0"/></method><method name="&lt;init&gt;" desc="(ILfr/ensimag/ima/pseudocode/GPRegister;)V" line="19"><counter type="INSTRUCTION" missed="8" covered="0"/><counter type="LINE" missed="2" covered="0"/><counter type="COMPLEXITY" missed="1" covered="0"/><counter type="METHOD" missed="1" covered="0"/></method><counter type="INSTRUCTION" missed="13" covered="0"/><counter type="LINE" missed="4" covered="0"/><counter type="COMPLEXITY" missed="2" covered="0"/><counter type="METHOD" missed="2" covered="0"/><counter type="CLASS" missed="1" covered="0"/></class><class name="fr/ensimag/ima/pseudocode/instructions/SETROUND_UPWARD" sourcefilename="SETROUND_UPWARD.java"><method name="&lt;init&gt;" desc="()V" line="10"><counter type="INSTRUCTION" missed="3" covered="0"/><counter type="LINE" missed="1" covered="0"/><counter type="COMPLEXITY" missed="1" covered="0"/><counter type="METHOD" missed="1" covered="0"/></method><counter type="INSTRUCTION" missed="3" covered="0"/><counter type="LINE" missed="1" covered="0"/><counter type="COMPLEXITY" missed="1" covered="0"/><counter type="METHOD" missed="1" covered="0"/><counter type="CLASS" missed="1" covered="0"/></class><class name="fr/ensimag/ima/pseudocode/instructions/MUL" sourcefilename="MUL.java"><method name="&lt;init&gt;" desc="(Lfr/ensimag/ima/pseudocode/DVal;Lfr/ensimag/ima/pseudocode/GPRegister;)V" line="13"><counter type="INSTRUCTION" missed="5" covered="0"/><counter type="LINE" missed="2" covered="0"/><counter type="COMPLEXITY" missed="1" covered="0"/><counter type="METHOD" missed="1" covered="0"/></method><counter type="INSTRUCTION" missed="5" covered="0"/><counter type="LINE" missed="2" covered="0"/><counter type="COMPLEXITY" missed="1" covered="0"/><counter type="METHOD" missed="1" covered="0"/><counter type="CLASS" missed="1" covered="0"/></class><class name="fr/ensimag/ima/pseudocode/instructions/WSTR" sourcefilename="WSTR.java"><method name="&lt;init&gt;" desc="(Lfr/ensimag/ima/pseudocode/ImmediateString;)V" line="12"><counter type="INSTRUCTION" missed="4" covered="0"/><counter type="LINE" missed="2" covered="0"/><counter type="COMPLEXITY" missed="1" covered="0"/><counter type="METHOD" missed="1" covered="0"/></method><method name="&lt;init&gt;" desc="(Ljava/lang/String;)V" line="16"><counter type="INSTRUCTION" missed="0" covered="7"/><counter type="LINE" missed="0" covered="2"/><counter type="COMPLEXITY" missed="0" covered="1"/><counter type="METHOD" missed="0" covered="1"/></method><counter type="INSTRUCTION" missed="4" covered="7"/><counter type="LINE" missed="2" covered="2"/><counter type="COMPLEXITY" missed="1" covered="1"/><counter type="METHOD" missed="1" covered="1"/><counter type="CLASS" missed="0" covered="1"/></class><class name="fr/ensimag/ima/pseudocode/instructions/BOV" sourcefilename="BOV.java"><method name="&lt;init&gt;" desc="(Lfr/ensimag/ima/pseudocode/Label;)V" line="14"><counter type="INSTRUCTION" missed="0" covered="4"/><counter type="LINE" missed="0" covered="2"/><counter type="COMPLEXITY" missed="0" covered="1"/><counter type="METHOD" missed="0" covered="1"/></method><counter type="INSTRUCTION" missed="0" covered="4"/><counter type="LINE" missed="0" covered="2"/><counter type="COMPLEXITY" missed="0" covered="1"/><counter type="METHOD" missed="0" covered="1"/><counter type="CLASS" missed="0" covered="1"/></class><sourcefile name="REM.java"><line nr="15" mi="4" ci="0" mb="0" cb="0"/><line nr="16" mi="1" ci="0" mb="0" cb="0"/><counter type="INSTRUCTION" missed="5" covered="0"/><counter type="LINE" missed="2" covered="0"/><counter type="COMPLEXITY" missed="1" covered="0"/><counter type="METHOD" missed="1" covered="0"/><counter type="CLASS" missed="1" covered="0"/></sourcefile><sourcefile name="BNE.java"><line nr="14" mi="0" ci="3" mb="0" cb="0"/><line nr="15" mi="0" ci="1" mb="0" cb="0"/><counter type="INSTRUCTION" missed="0" covered="4"/><counter type="LINE" missed="0" covered="2"/><counter type="COMPLEXITY" missed="0" covered="1"/><counter type="METHOD" missed="0" covered="1"/><counter type="CLASS" missed="0" covered="1"/></sourcefile><sourcefile name="FMA.java"><line nr="13" mi="4" ci="0" mb="0" cb="0"/><line nr="14" mi="1" ci="0" mb="0" cb="0"/><counter type="INSTRUCTION" missed="5" covered="0"/><counter type="LINE" missed="2" covered="0"/><counter type="COMPLEXITY" missed="1" covered="0"/><counter type="METHOD" missed="1" covered="0"/><counter type="CLASS" missed="1" covered="0"/></sourcefile><sourcefile name="SLT.java"><line nr="14" mi="3" ci="0" mb="0" cb="0"/><line nr="15" mi="1" ci="0" mb="0" cb="0"/><counter type="INSTRUCTION" missed="4" covered="0"/><counter type="LINE" missed="2" covered="0"/><counter type="COMPLEXITY" missed="1" covered="0"/><counter type="METHOD" missed="1" covered="0"/><counter type="CLASS" missed="1" covered="0"/></sourcefile><sourcefile name="SLE.java"><line nr="14" mi="3" ci="0" mb="0" cb="0"/><line nr="15" mi="1" ci="0" mb="0" cb="0"/><counter type="INSTRUCTION" missed="4" covered="0"/><counter type="LINE" missed="2" covered="0"/><counter type="COMPLEXITY" missed="1" covered="0"/><counter type="METHOD" missed="1" covered="0"/><counter type="CLASS" missed="1" covered="0"/></sourcefile><sourcefile name="STORE.java"><line nr="13" mi="4" ci="0" mb="0" cb="0"/><line nr="14" mi="1" ci="0" mb="0" cb="0"/><counter type="INSTRUCTION" missed="5" covered="0"/><counter type="LINE" missed="2" covered="0"/><counter type="COMPLEXITY" missed="1" covered="0"/><counter type="METHOD" missed="1" covered="0"/><counter type="CLASS" missed="1" covered="0"/></sourcefile><sourcefile name="SETROUND_TOWARDZERO.java"><line nr="10" mi="3" ci="0" mb="0" cb="0"/><counter type="INSTRUCTION" missed="3" covered="0"/><counter type="LINE" missed="1" covered="0"/><counter type="COMPLEXITY" missed="1" covered="0"/><counter type="METHOD" missed="1" covered="0"/><counter type="CLASS" missed="1" covered="0"/></sourcefile><sourcefile name="DIV.java"><line nr="15" mi="4" ci="0" mb="0" cb="0"/><line nr="16" mi="1" ci="0" mb="0" cb="0"/><counter type="INSTRUCTION" missed="5" covered="0"/><counter type="LINE" missed="2" covered="0"/><counter type="COMPLEXITY" missed="1" covered="0"/><counter type="METHOD" missed="1" covered="0"/><counter type="CLASS" missed="1" covered="0"/></sourcefile><sourcefile name="BRA.java"><line nr="14" mi="0" ci="3" mb="0" cb="0"/><line nr="15" mi="0" ci="1" mb="0" cb="0"/><counter type="INSTRUCTION" missed="0" covered="4"/><counter type="LINE" missed="0" covered="2"/><counter type="COMPLEXITY" missed="0" covered="1"/><counter type="METHOD" missed="0" covered="1"/><counter type="CLASS" missed="0" covered="1"/></sourcefile><sourcefile name="POP.java"><line nr="14" mi="3" ci="0" mb="0" cb="0"/><line nr="15" mi="1" ci="0" mb="0" cb="0"/><counter type="INSTRUCTION" missed="4" covered="0"/><counter type="LINE" missed="2" covered="0"/><counter type="COMPLEXITY" missed="1" covered="0"/><counter type="METHOD" missed="1" covered="0"/><counter type="CLASS" missed="1" covered="0"/></sourcefile><sourcefile name="LOAD.java"><line nr="15" mi="0" ci="4" mb="0" cb="0"/><line nr="16" mi="0" ci="1" mb="0" cb="0"/><line nr="19" mi="7" ci="0" mb="0" cb="0"/><line nr="20" mi="1" ci="0" mb="0" cb="0"/><counter type="INSTRUCTION" missed="8" covered="5"/><counter type="LINE" missed="2" covered="2"/><counter type="COMPLEXITY" missed="1" covered="1"/><counter type="METHOD" missed="1" covered="1"/><counter type="CLASS" missed="0" covered="1"/></sourcefile><sourcefile name="BSR.java"><line nr="15" mi="3" ci="0" mb="0" cb="0"/><line nr="16" mi="1" ci="0" mb="0" cb="0"/><line nr="19" mi="6" ci="0" mb="0" cb="0"/><line nr="20" mi="1" ci="0" mb="0" cb="0"/><counter type="INSTRUCTION" missed="11" covered="0"/><counter type="LINE" missed="4" covered="0"/><counter type="COMPLEXITY" missed="2" covered="0"/><counter type="METHOD" missed="2" covered="0"/><counter type="CLASS" missed="1" covered="0"/></sourcefile><sourcefile name="QUO.java"><line nr="15" mi="4" ci="0" mb="0" cb="0"/><line nr="16" mi="1" ci="0" mb="0" cb="0"/><counter type="INSTRUCTION" missed="5" covered="0"/><counter type="LINE" missed="2" covered="0"/><counter type="COMPLEXITY" missed="1" covered="0"/><counter type="METHOD" missed="1" covered="0"/><counter type="CLASS" missed="1" covered="0"/></sourcefile><sourcefile name="TSTO.java"><line nr="12" mi="3" ci="0" mb="0" cb="0"/><line nr="13" mi="1" ci="0" mb="0" cb="0"/><line nr="16" mi="0" ci="3" mb="0" cb="0"/><line nr="17" mi="0" ci="1" mb="0" cb="0"/><counter type="INSTRUCTION" missed="4" covered="4"/><counter type="LINE" missed="2" covered="2"/><counter type="COMPLEXITY" missed="1" covered="1"/><counter type="METHOD" missed="1" covered="1"/><counter type="CLASS" missed="0" covered="1"/></sourcefile><sourcefile name="HALT.java"><line nr="9" mi="0" ci="3" mb="0" cb="0"/><counter type="INSTRUCTION" missed="0" covered="3"/><counter type="LINE" missed="0" covered="1"/><counter type="COMPLEXITY" missed="0" covered="1"/><counter type="METHOD" missed="0" covered="1"/><counter type="CLASS" missed="0" covered="1"/></sourcefile><sourcefile name="SEQ.java"><line nr="14" mi="3" ci="0" mb="0" cb="0"/><line nr="15" mi="1" ci="0" mb="0" cb="0"/><counter type="INSTRUCTION" missed="4" covered="0"/><counter type="LINE" missed="2" covered="0"/><counter type="COMPLEXITY" missed="1" covered="0"/><counter type="METHOD" missed="1" covered="0"/><counter type="CLASS" missed="1" covered="0"/></sourcefile><sourcefile name="ADD.java"><line nr="13" mi="4" ci="0" mb="0" cb="0"/><line nr="14" mi="1" ci="0" mb="0" cb="0"/><counter type="INSTRUCTION" missed="5" covered="0"/><counter type="LINE" missed="2" covered="0"/><counter type="COMPLEXITY" missed="1" covered="0"/><counter type="METHOD" missed="1" covered="0"/><counter type="CLASS" missed="1" covered="0"/></sourcefile><sourcefile name="BGT.java"><line nr="14" mi="3" ci="0" mb="0" cb="0"/><line nr="15" mi="1" ci="0" mb="0" cb="0"/><counter type="INSTRUCTION" missed="4" covered="0"/><counter type="LINE" missed="2" covered="0"/><counter type="COMPLEXITY" missed="1" covered="0"/><counter type="METHOD" missed="1" covered="0"/><counter type="CLASS" missed="1" covered="0"/></sourcefile><sourcefile name="RTS.java"><line nr="9" mi="3" ci="0" mb="0" cb="0"/><counter type="INSTRUCTION" missed="3" covered="0"/><counter type="LINE" missed="1" covered="0"/><counter type="COMPLEXITY" missed="1" covered="0"/><counter type="METHOD" missed="1" covered="0"/><counter type="CLASS" missed="1" covered="0"/></sourcefile><sourcefile name="RFLOAT.java"><line nr="9" mi="3" ci="0" mb="0" cb="0"/><counter type="INSTRUCTION" missed="3" covered="0"/><counter type="LINE" missed="1" covered="0"/><counter type="COMPLEXITY" missed="1" covered="0"/><counter type="METHOD" missed="1" covered="0"/><counter type="CLASS" missed="1" covered="0"/></sourcefile><sourcefile name="SETROUND_DOWNWARD.java"><line nr="10" mi="3" ci="0" mb="0" cb="0"/><counter type="INSTRUCTION" missed="3" covered="0"/><counter type="LINE" missed="1" covered="0"/><counter type="COMPLEXITY" missed="1" covered="0"/><counter type="METHOD" missed="1" covered="0"/><counter type="CLASS" missed="1" covered="0"/></sourcefile><sourcefile name="NEW.java"><line nr="15" mi="4" ci="0" mb="0" cb="0"/><line nr="16" mi="1" ci="0" mb="0" cb="0"/><line nr="19" mi="7" ci="0" mb="0" cb="0"/><line nr="20" mi="1" ci="0" mb="0" cb="0"/><counter type="INSTRUCTION" missed="13" covered="0"/><counter type="LINE" missed="4" covered="0"/><counter type="COMPLEXITY" missed="2" covered="0"/><counter type="METHOD" missed="2" covered="0"/><counter type="CLASS" missed="1" covered="0"/></sourcefile><sourcefile name="WFLOATX.java"><line nr="9" mi="3" ci="0" mb="0" cb="0"/><counter type="INSTRUCTION" missed="3" covered="0"/><counter type="LINE" missed="1" covered="0"/><counter type="COMPLEXITY" missed="1" covered="0"/><counter type="METHOD" missed="1" covered="0"/><counter type="CLASS" missed="1" covered="0"/></sourcefile><sourcefile name="SGE.java"><line nr="14" mi="0" ci="3" mb="0" cb="0"/><line nr="15" mi="0" ci="1" mb="0" cb="0"/><counter type="INSTRUCTION" missed="0" covered="4"/><counter type="LINE" missed="0" covered="2"/><counter type="COMPLEXITY" missed="0" covered="1"/><counter type="METHOD" missed="0" covered="1"/><counter type="CLASS" missed="0" covered="1"/></sourcefile><sourcefile name="SUBSP.java"><line nr="14" mi="3" ci="0" mb="0" cb="0"/><line nr="15" mi="1" ci="0" mb="0" cb="0"/><line nr="18" mi="3" ci="0" mb="0" cb="0"/><line nr="19" mi="1" ci="0" mb="0" cb="0"/><counter type="INSTRUCTION" missed="8" covered="0"/><counter type="LINE" missed="4" covered="0"/><counter type="COMPLEXITY" missed="2" covered="0"/><counter type="METHOD" missed="2" covered="0"/><counter type="CLASS" missed="1" covered="0"/></sourcefile><sourcefile name="BOV.java"><line nr="14" mi="0" ci="3" mb="0" cb="0"/><line nr="15" mi="0" ci="1" mb="0" cb="0"/><counter type="INSTRUCTION" missed="0" covered="4"/><counter type="LINE" missed="0" covered="2"/><counter type="COMPLEXITY" missed="0" covered="1"/><counter type="METHOD" missed="0" covered="1"/><counter type="CLASS" missed="0" covered="1"/></sourcefile><sourcefile name="BLE.java"><line nr="14" mi="3" ci="0" mb="0" cb="0"/><line nr="15" mi="1" ci="0" mb="0" cb="0"/><counter type="INSTRUCTION" missed="4" covered="0"/><counter type="LINE" missed="2" covered="0"/><counter type="COMPLEXITY" missed="1" covered="0"/><counter type="METHOD" missed="1" covered="0"/><counter type="CLASS" missed="1" covered="0"/></sourcefile><sourcefile name="MUL.java"><line nr="13" mi="4" ci="0" mb="0" cb="0"/><line nr="14" mi="1" ci="0" mb="0" cb="0"/><counter type="INSTRUCTION" missed="5" covered="0"/><counter type="LINE" missed="2" covered="0"/><counter type="COMPLEXITY" missed="1" covered="0"/><counter type="METHOD" missed="1" covered="0"/><counter type="CLASS" missed="1" covered="0"/></sourcefile><sourcefile name="OPP.java"><line nr="13" mi="4" ci="0" mb="0" cb="0"/><line nr="14" mi="1" ci="0" mb="0" cb="0"/><counter type="INSTRUCTION" missed="5" covered="0"/><counter type="LINE" missed="2" covered="0"/><counter type="COMPLEXITY" missed="1" covered="0"/><counter type="METHOD" missed="1" covered="0"/><counter type="CLASS" missed="1" covered="0"/></sourcefile><sourcefile name="BLT.java"><line nr="14" mi="3" ci="0" mb="0" cb="0"/><line nr="15" mi="1" ci="0" mb="0" cb="0"/><counter type="INSTRUCTION" missed="4" covered="0"/><counter type="LINE" missed="2" covered="0"/><counter type="COMPLEXITY" missed="1" covered="0"/><counter type="METHOD" missed="1" covered="0"/><counter type="CLASS" missed="1" covered="0"/></sourcefile><sourcefile name="LEA.java"><line nr="14" mi="4" ci="0" mb="0" cb="0"/><line nr="15" mi="1" ci="0" mb="0" cb="0"/><counter type="INSTRUCTION" missed="5" covered="0"/><counter type="LINE" missed="2" covered="0"/><counter type="COMPLEXITY" missed="1" covered="0"/><counter type="METHOD" missed="1" covered="0"/><counter type="CLASS" missed="1" covered="0"/></sourcefile><sourcefile name="WFLOAT.java"><line nr="10" mi="3" ci="0" mb="0" cb="0"/><counter type="INSTRUCTION" missed="3" covered="0"/><counter type="LINE" missed="1" covered="0"/><counter type="COMPLEXITY" missed="1" covered="0"/><counter type="METHOD" missed="1" covered="0"/><counter type="CLASS" missed="1" covered="0"/></sourcefile><sourcefile name="PEA.java"><line nr="13" mi="3" ci="0" mb="0" cb="0"/><line nr="14" mi="1" ci="0" mb="0" cb="0"/><counter type="INSTRUCTION" missed="4" covered="0"/><counter type="LINE" missed="2" covered="0"/><counter type="COMPLEXITY" missed="1" covered="0"/><counter type="METHOD" missed="1" covered="0"/><counter type="CLASS" missed="1" covered="0"/></sourcefile><sourcefile name="DEL.java"><line nr="13" mi="3" ci="0" mb="0" cb="0"/><line nr="14" mi="1" ci="0" mb="0" cb="0"/><counter type="INSTRUCTION" missed="4" covered="0"/><counter type="LINE" missed="2" covered="0"/><counter type="COMPLEXITY" missed="1" covered="0"/><counter type="METHOD" missed="1" covered="0"/><counter type="CLASS" missed="1" covered="0"/></sourcefile><sourcefile name="PUSH.java"><line nr="12" mi="3" ci="0" mb="0" cb="0"/><line nr="13" mi="1" ci="0" mb="0" cb="0"/><counter type="INSTRUCTION" missed="4" covered="0"/><counter type="LINE" missed="2" covered="0"/><counter type="COMPLEXITY" missed="1" covered="0"/><counter type="METHOD" missed="1" covered="0"/><counter type="CLASS" missed="1" covered="0"/></sourcefile><sourcefile name="WNL.java"><line nr="9" mi="0" ci="3" mb="0" cb="0"/><counter type="INSTRUCTION" missed="0" covered="3"/><counter type="LINE" missed="0" covered="1"/><counter type="COMPLEXITY" missed="0" covered="1"/><counter type="METHOD" missed="0" covered="1"/><counter type="CLASS" missed="0" covered="1"/></sourcefile><sourcefile name="CMP.java"><line nr=
[...]
" cb="0"/><line nr="2771" mi="5" ci="0" mb="0" cb="0"/><line nr="2776" mi="3" ci="0" mb="0" cb="0"/><line nr="2777" mi="4" ci="0" mb="0" cb="0"/><line nr="2778" mi="6" ci="0" mb="0" cb="0"/><line nr="2782" mi="1" ci="0" mb="0" cb="0"/><line nr="2783" mi="3" ci="0" mb="0" cb="0"/><line nr="2784" mi="5" ci="0" mb="0" cb="0"/><line nr="2785" mi="5" ci="0" mb="0" cb="0"/><line nr="2788" mi="2" ci="0" mb="0" cb="0"/><line nr="2790" mi="2" ci="0" mb="0" cb="0"/><line nr="2799" mi="6" ci="0" mb="0" cb="0"/><line nr="2801" mi="5" ci="0" mb="0" cb="0"/><line nr="2803" mi="6" ci="0" mb="0" cb="0"/><line nr="2806" mi="6" ci="0" mb="0" cb="0"/><line nr="2808" mi="5" ci="0" mb="0" cb="0"/><line nr="2810" mi="4" ci="0" mb="0" cb="0"/><line nr="2811" mi="3" ci="0" mb="0" cb="0"/><line nr="2812" mi="1" ci="0" mb="0" cb="0"/><line nr="2813" mi="2" ci="0" mb="0" cb="0"/><line nr="2817" mi="9" ci="0" mb="0" cb="0"/><line nr="2818" mi="5" ci="0" mb="0" cb="0"/><line nr="2820" mi="4" ci="0" mb="0" cb="0"/><line nr="2822" mi="3" ci="0" mb="0" cb="0"/><line nr="2823" mi="4" ci="0" mb="0" cb="0"/><line nr="2824" mi="3" ci="0" mb="0" cb="0"/><line nr="2825" mi="4" ci="0" mb="0" cb="0"/><line nr="2826" mi="3" ci="0" mb="0" cb="0"/><line nr="2827" mi="11" ci="0" mb="0" cb="0"/><line nr="2828" mi="3" ci="0" mb="0" cb="0"/><line nr="2829" mi="4" ci="0" mb="0" cb="0"/><line nr="2832" mi="1" ci="0" mb="0" cb="0"/><line nr="2833" mi="3" ci="0" mb="0" cb="0"/><line nr="2834" mi="5" ci="0" mb="0" cb="0"/><line nr="2835" mi="5" ci="0" mb="0" cb="0"/><line nr="2838" mi="2" ci="0" mb="0" cb="0"/><line nr="2840" mi="2" ci="0" mb="0" cb="0"/><line nr="2846" mi="5" ci="0" mb="0" cb="0"/><line nr="2848" mi="4" ci="0" mb="0" cb="0"/><line nr="2849" mi="1" ci="0" mb="0" cb="0"/><line nr="2850" mi="2" ci="0" mb="0" cb="0"/><line nr="2854" mi="8" ci="0" mb="0" cb="0"/><line nr="2855" mi="5" ci="0" mb="0" cb="0"/><line nr="2857" mi="3" ci="0" mb="0" cb="0"/><line nr="2858" mi="4" ci="0" mb="0" cb="0"/><line nr="2859" mi="5" ci="0" mb="3" cb="0"/><line nr="2861" mi="4" ci="0" mb="0" cb="0"/><line nr="2864" mi="3" ci="0" mb="0" cb="0"/><line nr="2867" mi="1" ci="0" mb="0" cb="0"/><line nr="2869" mi="4" ci="0" mb="0" cb="0"/><line nr="2871" mi="3" ci="0" mb="0" cb="0"/><line nr="2872" mi="4" ci="0" mb="0" cb="0"/><line nr="2874" mi="3" ci="0" mb="0" cb="0"/><line nr="2877" mi="1" ci="0" mb="0" cb="0"/><line nr="2879" mi="5" ci="0" mb="0" cb="0"/><line nr="2882" mi="1" ci="0" mb="0" cb="0"/><line nr="2883" mi="3" ci="0" mb="0" cb="0"/><line nr="2884" mi="5" ci="0" mb="0" cb="0"/><line nr="2885" mi="5" ci="0" mb="0" cb="0"/><line nr="2888" mi="2" ci="0" mb="0" cb="0"/><line nr="2890" mi="2" ci="0" mb="0" cb="0"/><line nr="2901" mi="4" ci="0" mb="0" cb="0"/><line nr="2904" mi="6" ci="0" mb="0" cb="0"/><line nr="2906" mi="4" ci="0" mb="0" cb="0"/><line nr="2908" mi="5" ci="0" mb="0" cb="0"/><line nr="2910" mi="5" ci="0" mb="0" cb="0"/><line nr="2912" mi="4" ci="0" mb="0" cb="0"/><line nr="2913" mi="3" ci="0" mb="0" cb="0"/><line nr="2914" mi="3" ci="0" mb="0" cb="0"/><line nr="2915" mi="3" ci="0" mb="0" cb="0"/><line nr="2916" mi="1" ci="0" mb="0" cb="0"/><line nr="2917" mi="2" ci="0" mb="0" cb="0"/><line nr="2921" mi="11" ci="0" mb="0" cb="0"/><line nr="2922" mi="5" ci="0" mb="0" cb="0"/><line nr="2925" mi="4" ci="0" mb="0" cb="0"/><line nr="2927" mi="3" ci="0" mb="0" cb="0"/><line nr="2928" mi="10" ci="0" mb="0" cb="0"/><line nr="2929" mi="3" ci="0" mb="0" cb="0"/><line nr="2930" mi="4" ci="0" mb="0" cb="0"/><line nr="2931" mi="5" ci="0" mb="0" cb="0"/><line nr="2932" mi="3" ci="0" mb="2" cb="0"/><line nr="2935" mi="3" ci="0" mb="0" cb="0"/><line nr="2936" mi="4" ci="0" mb="0" cb="0"/><line nr="2937" mi="3" ci="0" mb="0" cb="0"/><line nr="2938" mi="10" ci="0" mb="0" cb="0"/><line nr="2941" mi="3" ci="0" mb="0" cb="0"/><line nr="2942" mi="4" ci="0" mb="0" cb="0"/><line nr="2943" mi="6" ci="0" mb="0" cb="0"/><line nr="2947" mi="1" ci="0" mb="0" cb="0"/><line nr="2948" mi="3" ci="0" mb="0" cb="0"/><line nr="2949" mi="5" ci="0" mb="0" cb="0"/><line nr="2950" mi="5" ci="0" mb="0" cb="0"/><line nr="2953" mi="2" ci="0" mb="0" cb="0"/><line nr="2955" mi="2" ci="0" mb="0" cb="0"/><line nr="2966" mi="6" ci="0" mb="0" cb="0"/><line nr="2968" mi="5" ci="0" mb="0" cb="0"/><line nr="2970" mi="6" ci="0" mb="0" cb="0"/><line nr="2972" mi="5" ci="0" mb="0" cb="0"/><line nr="2974" mi="4" ci="0" mb="0" cb="0"/><line nr="2975" mi="3" ci="0" mb="0" cb="0"/><line nr="2976" mi="3" ci="0" mb="0" cb="0"/><line nr="2977" mi="3" ci="0" mb="0" cb="0"/><line nr="2978" mi="1" ci="0" mb="0" cb="0"/><line nr="2979" mi="2" ci="0" mb="0" cb="0"/><line nr="2983" mi="11" ci="0" mb="0" cb="0"/><line nr="2984" mi="5" ci="0" mb="0" cb="0"/><line nr="2986" mi="4" ci="0" mb="0" cb="0"/><line nr="2987" mi="2" ci="0" mb="0" cb="0"/><line nr="2991" mi="4" ci="0" mb="0" cb="0"/><line nr="2993" mi="3" ci="0" mb="0" cb="0"/><line nr="2994" mi="4" ci="0" mb="0" cb="0"/><line nr="2996" mi="10" ci="0" mb="4" cb="0"/><line nr="2998" mi="3" ci="0" mb="0" cb="0"/><line nr="2999" mi="4" ci="0" mb="0" cb="0"/><line nr="3000" mi="5" ci="0" mb="0" cb="0"/><line nr="3001" mi="3" ci="0" mb="2" cb="0"/><line nr="3003" mi="3" ci="0" mb="0" cb="0"/><line nr="3004" mi="4" ci="0" mb="0" cb="0"/><line nr="3005" mi="3" ci="0" mb="0" cb="0"/><line nr="3006" mi="4" ci="0" mb="0" cb="0"/><line nr="3008" mi="10" ci="0" mb="4" cb="0"/><line nr="3009" mi="7" ci="0" mb="0" cb="0"/><line nr="3015" mi="9" ci="0" mb="4" cb="0"/><line nr="3016" mi="9" ci="0" mb="4" cb="0"/><line nr="3017" mi="12" ci="0" mb="0" cb="0"/><line nr="3018" mi="11" ci="0" mb="2" cb="0"/><line nr="3019" mi="4" ci="0" mb="0" cb="0"/><line nr="3023" mi="1" ci="0" mb="0" cb="0"/><line nr="3024" mi="3" ci="0" mb="0" cb="0"/><line nr="3025" mi="5" ci="0" mb="0" cb="0"/><line nr="3026" mi="5" ci="0" mb="0" cb="0"/><line nr="3029" mi="2" ci="0" mb="0" cb="0"/><line nr="3031" mi="2" ci="0" mb="0" cb="0"/><line nr="3044" mi="6" ci="0" mb="0" cb="0"/><line nr="3047" mi="6" ci="0" mb="0" cb="0"/><line nr="3049" mi="4" ci="0" mb="0" cb="0"/><line nr="3051" mi="5" ci="0" mb="0" cb="0"/><line nr="3053" mi="4" ci="0" mb="0" cb="0"/><line nr="3055" mi="5" ci="0" mb="0" cb="0"/><line nr="3058" mi="6" ci="0" mb="0" cb="0"/><line nr="3061" mi="6" ci="0" mb="0" cb="0"/><line nr="3063" mi="5" ci="0" mb="0" cb="0"/><line nr="3064" mi="5" ci="0" mb="0" cb="0"/><line nr="3066" mi="6" ci="0" mb="0" cb="0"/><line nr="3069" mi="4" ci="0" mb="0" cb="0"/><line nr="3070" mi="1" ci="0" mb="0" cb="0"/><line nr="3071" mi="2" ci="0" mb="0" cb="0"/><line nr="3075" mi="8" ci="0" mb="0" cb="0"/><line nr="3076" mi="5" ci="0" mb="0" cb="0"/><line nr="3081" mi="4" ci="0" mb="0" cb="0"/><line nr="3083" mi="3" ci="0" mb="0" cb="0"/><line nr="3084" mi="4" ci="0" mb="0" cb="0"/><line nr="3085" mi="3" ci="0" mb="0" cb="0"/><line nr="3086" mi="4" ci="0" mb="0" cb="0"/><line nr="3087" mi="3" ci="0" mb="0" cb="0"/><line nr="3088" mi="4" ci="0" mb="0" cb="0"/><line nr="3089" mi="3" ci="0" mb="0" cb="0"/><line nr="3090" mi="4" ci="0" mb="0" cb="0"/><line nr="3091" mi="3" ci="0" mb="0" cb="0"/><line nr="3092" mi="4" ci="0" mb="0" cb="0"/><line nr="3093" mi="3" ci="0" mb="0" cb="0"/><line nr="3094" mi="4" ci="0" mb="0" cb="0"/><line nr="3095" mi="5" ci="0" mb="3" cb="0"/><line nr="3098" mi="3" ci="0" mb="0" cb="0"/><line nr="3099" mi="4" ci="0" mb="0" cb="0"/><line nr="3101" mi="10" ci="0" mb="4" cb="0"/><line nr="3102" mi="10" ci="0" mb="4" cb="0"/><line nr="3103" mi="10" ci="0" mb="4" cb="0"/><line nr="3104" mi="10" ci="0" mb="4" cb="0"/><line nr="3105" mi="10" ci="0" mb="4" cb="0"/><line nr="3106" mi="10" ci="0" mb="0" cb="0"/><line nr="3107" mi="11" ci="0" mb="2" cb="0"/><line nr="3110" mi="1" ci="0" mb="0" cb="0"/><line nr="3113" mi="3" ci="0" mb="0" cb="0"/><line nr="3114" mi="5" ci="0" mb="0" cb="0"/><line nr="3115" mi="3" ci="0" mb="0" cb="0"/><line nr="3116" mi="4" ci="0" mb="0" cb="0"/><line nr="3117" mi="3" ci="0" mb="0" cb="0"/><line nr="3118" mi="4" ci="0" mb="0" cb="0"/><line nr="3119" mi="3" ci="0" mb="0" cb="0"/><line nr="3120" mi="4" ci="0" mb="0" cb="0"/><line nr="3121" mi="3" ci="0" mb="0" cb="0"/><line nr="3122" mi="4" ci="0" mb="0" cb="0"/><line nr="3124" mi="10" ci="0" mb="4" cb="0"/><line nr="3125" mi="10" ci="0" mb="4" cb="0"/><line nr="3126" mi="10" ci="0" mb="4" cb="0"/><line nr="3127" mi="10" ci="0" mb="4" cb="0"/><line nr="3128" mi="10" ci="0" mb="4" cb="0"/><line nr="3129" mi="10" ci="0" mb="0" cb="0"/><line nr="3130" mi="5" ci="0" mb="0" cb="0"/><line nr="3133" mi="1" ci="0" mb="0" cb="0"/><line nr="3135" mi="5" ci="0" mb="0" cb="0"/><line nr="3138" mi="15" ci="0" mb="0" cb="0"/><line nr="3139" mi="12" ci="0" mb="2" cb="0"/><line nr="3143" mi="1" ci="0" mb="0" cb="0"/><line nr="3144" mi="3" ci="0" mb="0" cb="0"/><line nr="3145" mi="5" ci="0" mb="0" cb="0"/><line nr="3146" mi="5" ci="0" mb="0" cb="0"/><line nr="3149" mi="2" ci="0" mb="0" cb="0"/><line nr="3151" mi="2" ci="0" mb="0" cb="0"/><line nr="3160" mi="4" ci="0" mb="0" cb="0"/><line nr="3163" mi="6" ci="0" mb="0" cb="0"/><line nr="3165" mi="4" ci="0" mb="0" cb="0"/><line nr="3167" mi="5" ci="0" mb="0" cb="0"/><line nr="3170" mi="4" ci="0" mb="0" cb="0"/><line nr="3171" mi="1" ci="0" mb="0" cb="0"/><line nr="3172" mi="2" ci="0" mb="0" cb="0"/><line nr="3176" mi="8" ci="0" mb="0" cb="0"/><line nr="3177" mi="5" ci="0" mb="0" cb="0"/><line nr="3179" mi="5" ci="0" mb="0" cb="0"/><line nr="3183" mi="4" ci="0" mb="0" cb="0"/><line nr="3185" mi="3" ci="0" mb="0" cb="0"/><line nr="3186" mi="4" ci="0" mb="0" cb="0"/><line nr="3187" mi="5" ci="0" mb="0" cb="0"/><line nr="3188" mi="3" ci="0" mb="2" cb="0"/><line nr="3190" mi="3" ci="0" mb="0" cb="0"/><line nr="3191" mi="4" ci="0" mb="0" cb="0"/><line nr="3193" mi="10" ci="0" mb="4" cb="0"/><line nr="3194" mi="6" ci="0" mb="0" cb="0"/><line nr="3196" mi="3" ci="0" mb="0" cb="0"/><line nr="3197" mi="4" ci="0" mb="0" cb="0"/><line nr="3198" mi="5" ci="0" mb="0" cb="0"/><line nr="3199" mi="3" ci="0" mb="2" cb="0"/><line nr="3202" mi="3" ci="0" mb="0" cb="0"/><line nr="3203" mi="4" ci="0" mb="0" cb="0"/><line nr="3204" mi="3" ci="0" mb="0" cb="0"/><line nr="3205" mi="4" ci="0" mb="0" cb="0"/><line nr="3207" mi="10" ci="0" mb="4" cb="0"/><line nr="3208" mi="6" ci="0" mb="0" cb="0"/><line nr="3212" mi="3" ci="0" mb="0" cb="0"/><line nr="3213" mi="4" ci="0" mb="0" cb="0"/><line nr="3214" mi="6" ci="0" mb="0" cb="0"/><line nr="3221" mi="1" ci="0" mb="0" cb="0"/><line nr="3222" mi="3" ci="0" mb="0" cb="0"/><line nr="3223" mi="5" ci="0" mb="0" cb="0"/><line nr="3224" mi="5" ci="0" mb="0" cb="0"/><line nr="3227" mi="2" ci="0" mb="0" cb="0"/><line nr="3229" mi="2" ci="0" mb="0" cb="0"/><line nr="3237" mi="5" ci="0" mb="0" cb="0"/><line nr="3238" mi="5" ci="0" mb="0" cb="0"/><line nr="3240" mi="4" ci="0" mb="0" cb="0"/><line nr="3241" mi="1" ci="0" mb="0" cb="0"/><line nr="3242" mi="2" ci="0" mb="0" cb="0"/><line nr="3246" mi="8" ci="0" mb="0" cb="0"/><line nr="3247" mi="5" ci="0" mb="0" cb="0"/><line nr="3249" mi="3" ci="0" mb="0" cb="0"/><line nr="3250" mi="4" ci="0" mb="0" cb="0"/><line nr="3251" mi="5" ci="0" mb="3" cb="0"/><line nr="3253" mi="4" ci="0" mb="0" cb="0"/><line nr="3255" mi="3" ci="0" mb="0" cb="0"/><line nr="3256" mi="5" ci="0" mb="0" cb="0"/><line nr="3258" mi="10" ci="0" mb="2" cb="0"/><line nr="3259" mi="6" ci="0" mb="0" cb="0"/><line nr="3262" mi="1" ci="0" mb="0" cb="0"/><line nr="3264" mi="4" ci="0" mb="0" cb="0"/><line nr="3266" mi="3" ci="0" mb="0" cb="0"/><line nr="3267" mi="5" ci="0" mb="0" cb="0"/><line nr="3269" mi="10" ci="0" mb="2" cb="0"/><line nr="3270" mi="6" ci="0" mb="0" cb="0"/><line nr="3273" mi="1" ci="0" mb="0" cb="0"/><line nr="3275" mi="5" ci="0" mb="0" cb="0"/><line nr="3278" mi="1" ci="0" mb="0" cb="0"/><line nr="3279" mi="3" ci="0" mb="0" cb="0"/><line nr="3280" mi="5" ci="0" mb="0" cb="0"/><line nr="3281" mi="5" ci="0" mb="0" cb="0"/><line nr="3284" mi="2" ci="0" mb="0" cb="0"/><line nr="3286" mi="2" ci="0" mb="0" cb="0"/><line nr="3295" mi="6" ci="0" mb="0" cb="0"/><line nr="3298" mi="6" ci="0" mb="0" cb="0"/><line nr="3301" mi="4" ci="0" mb="0" cb="0"/><line nr="3302" mi="1" ci="0" mb="0" cb="0"/><line nr="3303" mi="2" ci="0" mb="0" cb="0"/><line nr="3307" mi="8" ci="0" mb="0" cb="0"/><line nr="3308" mi="5" ci="0" mb="0" cb="0"/><line nr="3310" mi="4" ci="0" mb="0" cb="0"/><line nr="3312" mi="3" ci="0" mb="0" cb="0"/><line nr="3313" mi="4" ci="0" mb="0" cb="0"/><line nr="3314" mi="3" ci="0" mb="0" cb="0"/><line nr="3315" mi="4" ci="0" mb="0" cb="0"/><line nr="3317" mi="10" ci="0" mb="4" cb="0"/><line nr="3318" mi="10" ci="0" mb="4" cb="0"/><line nr="3319" mi="11" ci="0" mb="0" cb="0"/><line nr="3320" mi="12" ci="0" mb="2" cb="0"/><line nr="3324" mi="1" ci="0" mb="0" cb="0"/><line nr="3325" mi="3" ci="0" mb="0" cb="0"/><line nr="3326" mi="5" ci="0" mb="0" cb="0"/><line nr="3327" mi="5" ci="0" mb="0" cb="0"/><line nr="3330" mi="2" ci="0" mb="0" cb="0"/><line nr="3332" mi="2" ci="0" mb="0" cb="0"/><line nr="3336" mi="2" ci="0" mb="8" cb="0"/><line nr="3338" mi="6" ci="0" mb="0" cb="0"/><line nr="3340" mi="6" ci="0" mb="0" cb="0"/><line nr="3342" mi="6" ci="0" mb="0" cb="0"/><line nr="3344" mi="6" ci="0" mb="0" cb="0"/><line nr="3346" mi="6" ci="0" mb="0" cb="0"/><line nr="3348" mi="6" ci="0" mb="0" cb="0"/><line nr="3350" mi="6" ci="0" mb="0" cb="0"/><line nr="3352" mi="2" ci="0" mb="0" cb="0"/><line nr="3355" mi="2" ci="0" mb="2" cb="0"/><line nr="3357" mi="6" ci="0" mb="0" cb="0"/><line nr="3359" mi="2" ci="0" mb="0" cb="0"/><line nr="3362" mi="2" ci="0" mb="2" cb="0"/><line nr="3364" mi="6" ci="0" mb="0" cb="0"/><line nr="3366" mi="2" ci="0" mb="0" cb="0"/><line nr="3369" mi="2" ci="0" mb="3" cb="0"/><line nr="3371" mi="6" ci="0" mb="0" cb="0"/><line nr="3373" mi="6" ci="0" mb="0" cb="0"/><line nr="3375" mi="2" ci="0" mb="0" cb="0"/><line nr="3378" mi="2" ci="0" mb="6" cb="0"/><line nr="3380" mi="6" ci="0" mb="0" cb="0"/><line nr="3382" mi="6" ci="0" mb="0" cb="0"/><line nr="3384" mi="6" ci="0" mb="0" cb="0"/><line nr="3386" mi="6" ci="0" mb="0" cb="0"/><line nr="3388" mi="6" ci="0" mb="0" cb="0"/><line nr="3390" mi="2" ci="0" mb="0" cb="0"/><line nr="3393" mi="2" ci="0" mb="3" cb="0"/><line nr="3395" mi="6" ci="0" mb="0" cb="0"/><line nr="3397" mi="6" ci="0" mb="0" cb="0"/><line nr="3399" mi="2" ci="0" mb="0" cb="0"/><line nr="3402" mi="2" ci="0" mb="4" cb="0"/><line nr="3404" mi="6" ci="0" mb="0" cb="0"/><line nr="3406" mi="6" ci="0" mb="0" cb="0"/><line nr="3408" mi="6" ci="0" mb="0" cb="0"/><line nr="3410" mi="2" ci="0" mb="0" cb="0"/><line nr="3413" mi="2" ci="0" mb="2" cb="0"/><line nr="3415" mi="6" ci="0" mb="0" cb="0"/><line nr="3417" mi="2" ci="0" mb="0" cb="0"/><line nr="3787" mi="0" ci="4" mb="0" cb="0"/><line nr="3788" mi="0" ci="3" mb="0" cb="0"/><line nr="3790" mi="0" ci="4" mb="0" cb="0"/><line nr="3791" mi="0" ci="8" mb="0" cb="2"/><line nr="3792" mi="0" ci="10" mb="0" cb="0"/><line nr="3794" mi="0" ci="1" mb="0" cb="0"/><counter type="INSTRUCTION" missed="5650" covered="3316"/><counter type="BRANCH" missed="562" covered="151"/><counter type="LINE" missed="1158" covered="625"/><counter type="COMPLEXITY" missed="615" covered="77"/><counter type="METHOD" missed="250" covered="59"/><counter type="CLASS" missed="11" covered="27"/></sourcefile><sourcefile name="DecaLexer.java"><line nr="14" mi="0" ci="3" mb="0" cb="0"/><line nr="17" mi="0" ci="4" mb="0" cb="0"/><line nr="27" mi="0" ci="11" mb="0" cb="0"/><line nr="31" mi="0" ci="7" mb="0" cb="0"/><line nr="36" mi="0" ci="251" mb="0" cb="0"/><line nr="48" mi="0" ci="2" mb="0" cb="0"/><line nr="51" mi="0" ci="175" mb="0" cb="0"/><line nr="60" mi="0" ci="2" mb="0" cb="0"/><line nr="62" mi="0" ci="211" mb="0" cb="0"/><line nr="72" mi="0" ci="2" mb="0" cb="0"/><line nr="73" mi="0" ci="6" mb="0" cb="0"/><line nr="81" mi="0" ci="4" mb="0" cb="0"/><line nr="82" mi="0" ci="8" mb="0" cb="2"/><line nr="83" mi="0" ci="6" mb="0" cb="0"/><line nr="84" mi="0" ci="4" mb="0" cb="2"/><line nr="85" mi="0" ci="6" mb="0" cb="0"/><line nr="88" mi="0" ci="4" mb="0" cb="2"/><line nr="89" mi="0" ci="4" mb="0" cb="0"/><line nr="97" mi="2" ci="0" mb="0" cb="0"/><line nr="103" mi="0" ci="2" mb="0" cb="0"/><line nr="110" mi="0" ci="3" mb="0" cb="0"/><line nr="111" mi="0" ci="9" mb="0" cb="0"/><line nr="112" mi="0" ci="1" mb="0" cb="0"/><line nr="115" mi="2" ci="0" mb="0" cb="0"/><line nr="118" mi="2" ci="0" mb="0" cb="0"/><line nr="121" mi="2" ci="0" mb="0" cb="0"/><line nr="124" mi="2" ci="0" mb="0" cb="0"/><line nr="127" mi="2" ci="0" mb="0" cb="0"/><line nr="130" mi="2" ci="0" mb="0" cb="0"/><line nr="134" mi="0" ci="2" mb="2" cb="2"/><line nr="136" mi="0" ci="4" mb="0" cb="0"/><line nr="137" mi="0" ci="1" mb="0" cb="0"/><line nr="139" mi="0" ci="4" mb="0" cb="0"/><line nr="140" mi="0" ci="1" mb="0" cb="0"/><line nr="142" mi="4" ci="0" mb="0" cb="0"/><line nr="145" mi="0" ci="1" mb="0" cb="0"/><line nr="147" mi="0" ci="2" mb="1" cb="1"/><line nr="149" mi="0" ci="2" mb="0" cb="0"/><line nr="152" mi="0" ci="1" mb="0" cb="0"/><line nr="154" mi="0" ci="2" mb="2" cb="1"/><line nr="156" mi="0" ci="2" mb="0" cb="0"/><line nr="157" mi="0" ci="1" mb="0" cb="0"/><line nr="159" mi="2" ci="0" mb="0" cb="0"/><line nr="162" mi="0" ci="1" mb="0" cb="0"/><line nr="164" mi="2" ci="0" mb="2" cb="0"/><line nr="166" mi="4" ci="0" mb="0" cb="0"/><line nr="169" mi="1" ci="0" mb="0" cb="0"/><line nr="458" mi="0" ci="4" mb="0" cb="0"/><line nr="459" mi="0" ci="3" mb="0" cb="0"/><line nr="461" mi="0" ci="4" mb="0" cb="0"/><line nr="462" mi="0" ci="8" mb="0" cb="2"/><line nr="463" mi="0" ci="10" mb="0" cb="0"/><line nr="465" mi="0" ci="1" mb="0" cb="0"/><counter type="INSTRUCTION" missed="27" covered="779"/><counter type="BRANCH" missed="7" covered="12"/><counter type="LINE" missed="12" covered="41"/><counter type="COMPLEXITY" missed="14" covered="14"/><counter type="METHOD" missed="8" covered="9"/><counter type="CLASS" missed="0" covered="1"/></sourcefile><sourcefile name="DecacErrorListner.java"><line nr="24" mi="0" ci="4" mb="0" cb="0"/><line nr="28" mi="0" ci="2" mb="0" cb="0"/><line nr="29" mi="0" ci="3" mb="0" cb="0"/><line nr="30" mi="0" ci="1" mb="0" cb="0"/><line nr="36" mi="0" ci="2" mb="0" cb="0"/><line nr="37" mi="0" ci="2" mb="1" cb="1"/><line nr="38" mi="0" ci="3" mb="0" cb="0"/><line nr="41" mi="0" ci="2" mb="0" cb="2"/><line nr="42" mi="0" ci="3" mb="0" cb="0"/><line nr="43" mi="0" ci="5" mb="0" cb="0"/><line nr="44" mi="0" ci="2" mb="0" cb="0"/><line nr="45" mi="0" ci="5" mb="0" cb="0"/><line nr="46" mi="0" ci="3" mb="1" cb="1"/><line nr="47" mi="12" ci="0" mb="0" cb="0"/><line nr="48" mi="5" ci="0" mb="0" cb="0"/><line nr="50" mi="0" ci="10" mb="0" cb="0"/><line nr="53" mi="0" ci="3" mb="1" cb="1"/><line nr="56" mi="0" ci="5" mb="0" cb="0"/><line nr="58" mi="4" ci="0" mb="0" cb="0"/><line nr="60" mi="0" ci="7" mb="0" cb="0"/><line nr="62" mi="0" ci="9" mb="0" cb="0"/><line nr="68" mi="5" ci="0" mb="0" cb="0"/><line nr="73" mi="5" ci="0" mb="0" cb="0"/><line nr="78" mi="5" ci="0" mb="0" cb="0"/><counter type="INSTRUCTION" missed="36" covered="71"/><counter type="BRANCH" missed="3" covered="5"/><counter type="LINE" missed="6" covered="18"/><counter type="COMPLEXITY" missed="6" covered="4"/><counter type="METHOD" missed="3" covered="3"/><counter type="CLASS" missed="0" covered="1"/></sourcefile><counter type="INSTRUCTION" missed="6149" covered="4367"/><counter type="BRANCH" missed="611" covered="181"/><counter type="LINE" missed="1281" covered="737"/><counter type="COMPLEXITY" missed="679" covered="112"/><counter type="METHOD" missed="281" covered="86"/><counter type="CLASS" missed="16" covered="32"/></package><counter type="INSTRUCTION" missed="11295" covered="8184"/><counter type="BRANCH" missed="837" covered="363"/><counter type="LINE" missed="2518" covered="1733"/><counter type="COMPLEXITY" missed="1221" covered="483"/><counter type="METHOD" missed="651" covered="404"/><counter type="CLASS" missed="100" covered="146"/></report>