<?xml version="1.0" encoding="UTF-8" standalone="yes"?><!DOCTYPE report PUBLIC "-//JACOCO//DTD Report 1.1//EN" "report.dtd"><report name="Deca Compiler"><sessioninfo id="puguix-HP-ENVY-Laptop-13-aq0xxx-eec15c4e" start="1673799843744" dump="1673799844370"/><sessioninfo id="puguix-HP-ENVY-Laptop-13-aq0xxx-58ddfc1c" start="1673799844590" dump="1673799844639"/><sessioninfo id="puguix-HP-ENVY-Laptop-13-aq0xxx-3808a550" start="1673799844754" dump="1673799844825"/><sessioninfo id="puguix-HP-ENVY-Laptop-13-aq0xxx-496915b1" start="1673799844964" dump="1673799845074"/><sessioninfo id="puguix-HP-ENVY-Laptop-13-aq0xxx-46e4f9f1" start="1673799845126" dump="1673799845226"/><sessioninfo id="puguix-HP-ENVY-Laptop-13-aq0xxx-145eea44" start="1673799845276" dump="1673799845338"/><sessioninfo id="puguix-HP-ENVY-Laptop-13-aq0xxx-dea01875" start="1673799845632" dump="1673799845746"/><sessioninfo id="puguix-HP-ENVY-Laptop-13-aq0xxx-ba5bf52b" start="1673799845904" dump="1673799846021"/><sessioninfo id="puguix-HP-ENVY-Laptop-13-aq0xxx-abcc6dc6" start="1673799846174" dump="1673799846370"/><sessioninfo id="puguix-HP-ENVY-Laptop-13-aq0xxx-d70b1ea" start="1673799846503" dump="1673799846588"/><sessioninfo id="puguix-HP-ENVY-Laptop-13-aq0xxx-bb944bce" start="1673799846665" dump="1673799846762"/><sessioninfo id="puguix-HP-ENVY-Laptop-13-aq0xxx-da6b13be" start="1673799846839" dump="1673799846900"/><sessioninfo id="puguix-HP-ENVY-Laptop-13-aq0xxx-46e36883" start="1673799846945" dump="1673799847020"/><sessioninfo id="puguix-HP-ENVY-Laptop-13-aq0xxx-5586e8e9" start="1673799847081" dump="1673799847149"/><sessioninfo id="puguix-HP-ENVY-Laptop-13-aq0xxx-56837327" start="1673799847226" dump="1673799847276"/><sessioninfo id="puguix-HP-ENVY-Laptop-13-aq0xxx-45151927" start="1673799847337" dump="1673799847399"/><sessioninfo id="puguix-HP-ENVY-Laptop-13-aq0xxx-ef69c757" start="1673799847490" dump="1673799847542"/><sessioninfo id="puguix-HP-ENVY-Laptop-13-aq0xxx-7262513b" start="1673799847586" dump="1673799847637"/><sessioninfo id="puguix-HP-ENVY-Laptop-13-aq0xxx-84a1b8b7" start="1673799847675" dump="1673799847783"/><sessioninfo id="puguix-HP-ENVY-Laptop-13-aq0xxx-c5f6abd8" start="1673799847838" dump="1673799847890"/><sessioninfo id="puguix-HP-ENVY-Laptop-13-aq0xxx-acfc43fc" start="1673799847930" dump="1673799847985"/><sessioninfo id="puguix-HP-ENVY-Laptop-13-aq0xxx-19fe372a" start="1673799848024" dump="1673799848075"/><sessioninfo id="puguix-HP-ENVY-Laptop-13-aq0xxx-5c65604b" start="1673799848113" dump="1673799848226"/><sessioninfo id="puguix-HP-ENVY-Laptop-13-aq0xxx-98c76882" start="1673799848267" dump="1673799848404"/><sessioninfo id="puguix-HP-ENVY-Laptop-13-aq0xxx-cb4678d4" start="1673799848485" dump="1673799848583"/><sessioninfo id="puguix-HP-ENVY-Laptop-13-aq0xxx-dc87d013" start="1673799848631" dump="1673799848730"/><sessioninfo id="puguix-HP-ENVY-Laptop-13-aq0xxx-5e57021c" start="1673799848779" dump="1673799848882"/><sessioninfo id="puguix-HP-ENVY-Laptop-13-aq0xxx-f3e602d" start="1673799848936" dump="1673799849034"/><sessioninfo id="puguix-HP-ENVY-Laptop-13-aq0xxx-90303308" start="1673799849120" dump="1673799849239"/><sessioninfo id="puguix-HP-ENVY-Laptop-13-aq0xxx-fec43a0a" start="1673799849302" dump="1673799849403"/><sessioninfo id="puguix-HP-ENVY-Laptop-13-aq0xxx-3a94ab13" start="1673799849464" dump="1673799849564"/><sessioninfo id="puguix-HP-ENVY-Laptop-13-aq0xxx-63d857a2" start="1673799849606" dump="1673799849717"/><sessioninfo id="puguix-HP-ENVY-Laptop-13-aq0xxx-e4de7323" start="1673799849762" dump="1673799849891"/><sessioninfo id="puguix-HP-ENVY-Laptop-13-aq0xxx-3c4bb090" start="1673799849951" dump="1673799850048"/><sessioninfo id="puguix-HP-ENVY-Laptop-13-aq0xxx-410065e1" start="1673799850092" dump="1673799850191"/><sessioninfo id="puguix-HP-ENVY-Laptop-13-aq0xxx-9fe12fb7" start="1673799850247" dump="1673799850346"/><sessioninfo id="puguix-HP-ENVY-Laptop-13-aq0xxx-f1d8a3f3" start="1673799850403" dump="1673799850454"/><sessioninfo id="puguix-HP-ENVY-Laptop-13-aq0xxx-e4d30d09" start="1673799850509" dump="1673799850557"/><sessioninfo id="puguix-HP-ENVY-Laptop-13-aq0xxx-ab8711d8" start="1673799850614" dump="1673799850664"/><sessioninfo id="puguix-HP-ENVY-Laptop-13-aq0xxx-fe1cd1d6" start="1673799850702" dump="1673799850756"/><sessioninfo id="puguix-HP-ENVY-Laptop-13-aq0xxx-2af48176" start="1673799850810" dump="1673799850914"/><sessioninfo id="puguix-HP-ENVY-Laptop-13-aq0xxx-371bc17a" start="1673799850967" dump="1673799851070"/><sessioninfo id="puguix-HP-ENVY-Laptop-13-aq0xxx-e316398c" start="1673799851150" dump="1673799851249"/><sessioninfo id="puguix-HP-ENVY-Laptop-13-aq0xxx-559237a5" start="1673799851332" dump="1673799851380"/><sessioninfo id="puguix-HP-ENVY-Laptop-13-aq0xxx-72fb8629" start="1673799851418" dump="1673799851466"/><sessioninfo id="puguix-HP-ENVY-Laptop-13-aq0xxx-947019ff" start="1673799851526" dump="1673799851577"/><sessioninfo id="puguix-HP-ENVY-Laptop-13-aq0xxx-53bf4adf" start="1673799851615" dump="1673799851665"/><sessioninfo id="puguix-HP-ENVY-Laptop-13-aq0xxx-8351b52b" start="1673799851703" dump="1673799851751"/><sessioninfo id="puguix-HP-ENVY-Laptop-13-aq0xxx-9be5f50c" start="1673799851790" dump="1673799851889"/><sessioninfo id="puguix-HP-ENVY-Laptop-13-aq0xxx-4d2ef99d" start="1673799853209" dump="1673799853364"/><sessioninfo id="puguix-HP-ENVY-Laptop-13-aq0xxx-262ca080" start="1673799853413" dump="1673799853529"/><sessioninfo id="puguix-HP-ENVY-Laptop-13-aq0xxx-ce3ce824" start="1673799853608" dump="1673799853723"/><sessioninfo id="puguix-HP-ENVY-Laptop-13-aq0xxx-34af516a" start="1673799853768" dump="1673799853892"/><sessioninfo id="puguix-HP-ENVY-Laptop-13-aq0xxx-545102cc" start="1673799853959" dump="1673799854071"/><sessioninfo id="puguix-HP-ENVY-Laptop-13-aq0xxx-996dc98c" start="1673799854117" dump="1673799854225"/><sessioninfo id="puguix-HP-ENVY-Laptop-13-aq0xxx-a455d1b3" start="1673799854289" dump="1673799854410"/><sessioninfo id="puguix-HP-ENVY-Laptop-13-aq0xxx-369243fc" start="1673799854456" dump="1673799854568"/><sessioninfo id="puguix-HP-ENVY-Laptop-13-aq0xxx-bd8f5ec7" start="1673799854650" dump="1673799854783"/><sessioninfo id="puguix-HP-ENVY-Laptop-13-aq0xxx-47e2a036" start="1673799854829" dump="1673799854944"/><sessioninfo id="puguix-HP-ENVY-Laptop-13-aq0xxx-fc0a206e" start="1673799855013" dump="1673799855155"/><sessioninfo id="puguix-HP-ENVY-Laptop-13-aq0xxx-d13ce01b" start="1673799855200" dump="1673799855310"/><sessioninfo id="puguix-HP-ENVY-Laptop-13-aq0xxx-a428eea" start="1673799855376" dump="1673799855498"/><sessioninfo id="puguix-HP-ENVY-Laptop-13-aq0xxx-fb65af95" start="1673799855543" dump="1673799855656"/><sessioninfo id="puguix-HP-ENVY-Laptop-13-aq0xxx-dbe84a61" start="1673799855722" dump="1673799855848"/><sessioninfo id="puguix-HP-ENVY-Laptop-13-aq0xxx-bce75d9f" start="1673799855897" dump="1673799856002"/><sessioninfo id="puguix-HP-ENVY-Laptop-13-aq0xxx-898280bb" start="1673799856064" dump="1673799856199"/><sessioninfo id="puguix-HP-ENVY-Laptop-13-aq0xxx-fa9f0a88" start="1673799856244" dump="1673799856348"/><sessioninfo id="puguix-HP-ENVY-Laptop-13-aq0xxx-9a40831a" start="1673799856438" dump="1673799856551"/><sessioninfo id="puguix-HP-ENVY-Laptop-13-aq0xxx-d48510ab" start="1673799856595" dump="1673799856702"/><sessioninfo id="puguix-HP-ENVY-Laptop-13-aq0xxx-763fd2f3" start="1673799856769" dump="1673799856904"/><sessioninfo id="puguix-HP-ENVY-Laptop-13-aq0xxx-8ccab38c" start="1673799856949" dump="1673799857059"/><sessioninfo id="puguix-HP-ENVY-Laptop-13-aq0xxx-edbaa579" start="1673799857137" dump="1673799857287"/><sessioninfo id="puguix-HP-ENVY-Laptop-13-aq0xxx-ac124c14" start="1673799857331" dump="1673799857461"/><sessioninfo id="puguix-HP-ENVY-Laptop-13-aq0xxx-367e217b" start="1673799857524" dump="1673799857632"/><sessioninfo id="puguix-HP-ENVY-Laptop-13-aq0xxx-2f1b05d0" start="1673799857676" dump="1673799857785"/><sessioninfo id="puguix-HP-ENVY-Laptop-13-aq0xxx-b6d128de" start="1673799857845" dump="1673799857981"/><sessioninfo id="puguix-HP-ENVY-Laptop-13-aq0xxx-adc41147" start="1673799858026" dump="1673799858139"/><sessioninfo id="puguix-HP-ENVY-Laptop-13-aq0xxx-455c8548" start="1673799858205" dump="1673799858326"/><sessioninfo id="puguix-HP-ENVY-Laptop-13-aq0xxx-99db8d64" start="1673799858370" dump="1673799858481"/><sessioninfo id="puguix-HP-ENVY-Laptop-13-aq0xxx-dd44ab81" start="1673799858546" dump="1673799858700"/><sessioninfo id="puguix-HP-ENVY-Laptop-13-aq0xxx-2b3ebc34" start="1673799858751" dump="1673799858879"/><sessioninfo id="puguix-HP-ENVY-Laptop-13-aq0xxx-b1b377f5" start="1673799858968" dump="1673799859118"/><sessioninfo id="puguix-HP-ENVY-Laptop-13-aq0xxx-3b3c2bb7" start="1673799859175" dump="1673799859312"/><sessioninfo id="puguix-HP-ENVY-Laptop-13-aq0xxx-89020004" start="1673799859397" dump="1673799859570"/><sessioninfo id="puguix-HP-ENVY-Laptop-13-aq0xxx-eb4e2adb" start="1673799859651" dump="1673799859830"/><sessioninfo id="puguix-HP-ENVY-Laptop-13-aq0xxx-7c07dbac" start="1673799859933" dump="1673799860122"/><sessioninfo id="puguix-HP-ENVY-Laptop-13-aq0xxx-b1194f2b" start="1673799860191" dump="1673799860342"/><sessioninfo id="puguix-HP-ENVY-Laptop-13-aq0xxx-d3c05093" start="1673799860419" dump="1673799860574"/><sessioninfo id="puguix-HP-ENVY-Laptop-13-aq0xxx-f5af6f15" start="1673799860632" dump="1673799860777"/><sessioninfo id="puguix-HP-ENVY-Laptop-13-aq0xxx-a1c76f3c" start="1673799860853" dump="1673799861016"/><sessioninfo id="puguix-HP-ENVY-Laptop-13-aq0xxx-e7675fed" start="1673799861082" dump="1673799861204"/><sessioninfo id="puguix-HP-ENVY-Laptop-13-aq0xxx-927a6155" start="1673799861288" dump="1673799861431"/><sessioninfo id="puguix-HP-ENVY-Laptop-13-aq0xxx-9dee1a36" start="1673799861487" dump="1673799861622"/><sessioninfo id="puguix-HP-ENVY-Laptop-13-aq0xxx-1a97b417" start="1673799861697" dump="1673799861840"/><sessioninfo id="puguix-HP-ENVY-Laptop-13-aq0xxx-26dc72de" start="1673799861896" dump="1673799862031"/><sessioninfo id="puguix-HP-ENVY-Laptop-13-aq0xxx-b93f2d" start="1673799862127" dump="1673799862322"/><sessioninfo id="puguix-HP-ENVY-Laptop-13-aq0xxx-c0b93a81" start="1673799862382" dump="1673799862529"/><sessioninfo id="puguix-HP-ENVY-Laptop-13-aq0xxx-47f66eda" start="1673799862617" dump="1673799862762"/><sessioninfo id="puguix-HP-ENVY-Laptop-13-aq0xxx-6baa1504" start="1673799862823" dump="1673799862970"/><sessioninfo id="puguix-HP-ENVY-Laptop-13-aq0xxx-e58508e7" start="1673799863052" dump="1673799863195"/><sessioninfo id="puguix-HP-ENVY-Laptop-13-aq0xxx-bcd3d84b" start="1673799863256" dump="1673799863391"/><sessioninfo id="puguix-HP-ENVY-Laptop-13-aq0xxx-64654fef" start="1673799863469" dump="1673799863613"/><sessioninfo id="puguix-HP-ENVY-Laptop-13-aq0xxx-296758fb" start="1673799863669" dump="1673799863806"/><sessioninfo id="puguix-HP-ENVY-Laptop-13-aq0xxx-da52289a" start="1673799863887" dump="1673799864056"/><sessioninfo id="puguix-HP-ENVY-Laptop-13-aq0xxx-641f92" start="1673799864111" dump="1673799864248"/><sessioninfo id="puguix-HP-ENVY-Laptop-13-aq0xxx-defbc318" start="1673799864328" dump="1673799864488"/><sessioninfo id="puguix-HP-ENVY-Laptop-13-aq0xxx-1d1b4ded" start="1673799864543" dump="1673799864678"/><sessioninfo id="puguix-HP-ENVY-Laptop-13-aq0xxx-ee20e406" start="1673799864753" dump="1673799864894"/><sessioninfo id="puguix-HP-ENVY-Laptop-13-aq0xxx-30a2565" start="1673799864949" dump="1673799865098"/><sessioninfo id="puguix-HP-ENVY-Laptop-13-aq0xxx-8c048df2" start="1673799865174" dump="1673799865310"/><sessioninfo id="puguix-HP-ENVY-Laptop-13-aq0xxx-347b6b37" start="1673799865367" dump="1673799865504"/><sessioninfo id="puguix-HP-ENVY-Laptop-13-aq0xxx-3d39f01" start="1673799865583" dump="1673799865746"/><sessioninfo id="puguix-HP-ENVY-Laptop-13-aq0xxx-55c10d99" start="1673799865803" dump="1673799865938"/><sessioninfo id="puguix-HP-ENVY-Laptop-13-aq0xxx-bcf7a27d" start="1673799866015" dump="1673799866156"/><sessioninfo id="puguix-HP-ENVY-Laptop-13-aq0xxx-fd531e5f" start="1673799866212" dump="1673799866341"/><sessioninfo id="puguix-HP-ENVY-Laptop-13-aq0xxx-3e931734" start="1673799866416" dump="1673799866564"/><sessioninfo id="puguix-HP-ENVY-Laptop-13-aq0xxx-7afba223" start="1673799866624" dump="1673799866768"/><sessioninfo id="puguix-HP-ENVY-Laptop-13-aq0xxx-271d2076" start="1673799866847" dump="1673799866989"/><sessioninfo id="puguix-HP-ENVY-Laptop-13-aq0xxx-5cb5205b" start="1673799867046" dump="1673799867194"/><sessioninfo id="puguix-HP-ENVY-Laptop-13-aq0xxx-9d33bdca" start="1673799867279" dump="1673799867424"/><sessioninfo id="puguix-HP-ENVY-Laptop-13-aq0xxx-520f5cf5" start="1673799867484" dump="1673799867621"/><sessioninfo id="puguix-HP-ENVY-Laptop-13-aq0xxx-b596fa54" start="1673799867702" dump="1673799867846"/><sessioninfo id="puguix-HP-ENVY-Laptop-13-aq0xxx-9f0fdba6" start="1673799867902" dump="1673799868038"/><sessioninfo id="puguix-HP-ENVY-Laptop-13-aq0xxx-639bea3e" start="1673799868115" dump="1673799868249"/><sessioninfo id="puguix-HP-ENVY-Laptop-13-aq0xxx-1181cac1" start="1673799868315" dump="1673799868442"/><sessioninfo id="puguix-HP-ENVY-Laptop-13-aq0xxx-7a3ab4be" start="1673799868531" dump="1673799868712"/><sessioninfo id="puguix-HP-ENVY-Laptop-13-aq0xxx-a7144315" start="1673799868766" dump="1673799868897"/><sessioninfo id="puguix-HP-ENVY-Laptop-13-aq0xxx-fdccc139" start="1673799868972" dump="1673799869109"/><sessioninfo id="puguix-HP-ENVY-Laptop-13-aq0xxx-9a415e95" start="1673799869165" dump="1673799869302"/><sessioninfo id="puguix-HP-ENVY-Laptop-13-aq0xxx-103e8f47" start="1673799869377" dump="1673799869525"/><sessioninfo id="puguix-HP-ENVY-Laptop-13-aq0xxx-8cfb6f60" start="1673799869587" dump="1673799869723"/><sessioninfo id="puguix-HP-ENVY-Laptop-13-aq0xxx-b984be1d" start="1673799869801" dump="1673799869953"/><sessioninfo id="puguix-HP-ENVY-Laptop-13-aq0xxx-c3c3281f" start="1673799870007" dump="1673799870138"/><sessioninfo id="puguix-HP-ENVY-Laptop-13-aq0xxx-22400c08" start="1673799870221" dump="1673799870360"/><sessioninfo id="puguix-HP-ENVY-Laptop-13-aq0xxx-42e3eb58" start="1673799870417" dump="1673799870549"/><sessioninfo id="puguix-HP-ENVY-Laptop-13-aq0xxx-1cd717df" start="1673799870623" dump="1673799870763"/><sessioninfo id="puguix-HP-ENVY-Laptop-13-aq0xxx-c85205fd" start="1673799870819" dump="1673799870949"/><sessioninfo id="puguix-HP-ENVY-Laptop-13-aq0xxx-6372812c" start="1673799871025" dump="1673799871161"/><sessioninfo id="puguix-HP-ENVY-Laptop-13-aq0xxx-1ee0676" start="1673799871235" dump="1673799871364"/><sessioninfo id="puguix-HP-ENVY-Laptop-13-aq0xxx-5f337263" start="1673799871438" dump="1673799871579"/><sessioninfo id="puguix-HP-ENVY-Laptop-13-aq0xxx-1acdc7ca" start="1673799871634" dump="1673799871791"/><sessioninfo id="puguix-HP-ENVY-Laptop-13-aq0xxx-a0e14898" start="1673799871875" dump="1673799872037"/><sessioninfo id="puguix-HP-ENVY-Laptop-13-aq0xxx-59d8474f" start="1673799872097" dump="1673799872257"/><sessioninfo id="puguix-HP-ENVY-Laptop-13-aq0xxx-ca123b35" start="1673799872341" dump="1673799872485"/><sessioninfo id="puguix-HP-ENVY-Laptop-13-aq0xxx-6addae12" start="1673799872543" dump="1673799872673"/><sessioninfo id="puguix-HP-ENVY-Laptop-13-aq0xxx-9c9c8391" start="1673799872747" dump="1673799872893"/><sessioninfo id="puguix-HP-ENVY-Laptop-13-aq0xxx-3bae8803" start="1673799872950" dump="1673799873110"/><sessioninfo id="puguix-HP-ENVY-Laptop-13-aq0xxx-8975f223" start="1673799873185" dump="1673799873321"/><sessioninfo id="puguix-HP-ENVY-Laptop-13-aq0xxx-9673efe8" start="1673799873376" dump="1673799873514"/><sessioninfo id="puguix-HP-ENVY-Laptop-13-aq0xxx-7697adeb" start="1673799873595" dump="1673799873739"/><sessioninfo id="puguix-HP-ENVY-Laptop-13-aq0xxx-7a4d2655" start="1673799873796" dump="1673799873934"/><sessioninfo id="puguix-HP-ENVY-Laptop-13-aq0xxx-f7961814" start="1673799874014" dump="1673799874183"/><sessioninfo id="puguix-HP-ENVY-Laptop-13-aq0xxx-fc490c9c" start="1673799874237" dump="1673799874370"/><sessioninfo id="puguix-HP-ENVY-Laptop-13-aq0xxx-24205c04" start="1673799874440" dump="1673799874601"/><sessioninfo id="puguix-HP-ENVY-Laptop-13-aq0xxx-f032ab32" start="1673799874666" dump="1673799874803"/><sessioninfo id="puguix-HP-ENVY-Laptop-13-aq0xxx-fe13c3e9" start="1673799874876" dump="1673799875016"/><sessioninfo id="puguix-HP-ENVY-Laptop-13-aq0xxx-1fdf2dfb" start="1673799875072" dump="1673799875213"/><sessioninfo id="puguix-HP-ENVY-Laptop-13-aq0xxx-b0d6a006" start="1673799875293" dump="1673799875430"/><sessioninfo id="puguix-HP-ENVY-Laptop-13-aq0xxx-1928fb18" start="1673799875486" dump="1673799875613"/><sessioninfo id="puguix-HP-ENVY-Laptop-13-aq0xxx-f38a9f8e" start="1673799875689" dump="1673799875834"/><sessioninfo id="puguix-HP-ENVY-Laptop-13-aq0xxx-995ceac5" start="1673799875890" dump="1673799876023"/><sessioninfo id="puguix-HP-ENVY-Laptop-13-aq0xxx-887f69e" start="1673799876099" dump="1673799876238"/><sessioninfo id="puguix-HP-ENVY-Laptop-13-aq0xxx-291a040f" start="1673799876295" dump="1673799876431"/><sessioninfo id="puguix-HP-ENVY-Laptop-13-aq0xxx-62226d52" start="1673799876511" dump="1673799876679"/><sessioninfo id="puguix-HP-ENVY-Laptop-13-aq0xxx-46ab3e69" start="1673799876734" dump="1673799876871"/><sessioninfo id="puguix-HP-ENVY-Laptop-13-aq0xxx-b1f41354" start="1673799876944" dump="1673799877082"/><sessioninfo id="puguix-HP-ENVY-Laptop-13-aq0xxx-b67260d5" start="1673799877142" dump="1673799877307"/><sessioninfo id="puguix-HP-ENVY-Laptop-13-aq0xxx-8e4f3372" start="1673799877403" dump="1673799877556"/><sessioninfo id="puguix-HP-ENVY-Laptop-13-aq0xxx-dda5a60f" start="1673799877614" dump="1673799877751"/><sessioninfo id="puguix-HP-ENVY-Laptop-13-aq0xxx-630939a8" start="1673799877828" dump="1673799877969"/><sessioninfo id="puguix-HP-ENVY-Laptop-13-aq0xxx-cbc1a631" start="1673799878025" dump="1673799878163"/><sessioninfo id="puguix-HP-ENVY-Laptop-13-aq0xxx-e860ad51" start="1673799878240" dump="1673799878380"/><sessioninfo id="puguix-HP-ENVY-Laptop-13-aq0xxx-4f22595c" start="1673799878436" dump="1673799878588"/><sessioninfo id="puguix-HP-ENVY-Laptop-13-aq0xxx-739582f5" start="1673799878663" dump="1673799878825"/><sessioninfo id="puguix-HP-ENVY-Laptop-13-aq0xxx-8d8b88c8" start="1673799878880" dump="1673799879011"/><sessioninfo id="puguix-HP-ENVY-Laptop-13-aq0xxx-fcf2ae99" start="1673799879092" dump="1673799879241"/><sessioninfo id="puguix-HP-ENVY-Laptop-13-aq0xxx-c460fe44" start="1673799879296" dump="1673799879428"/><sessioninfo id="puguix-HP-ENVY-Laptop-13-aq0xxx-7b0348d9" start="1673799879506" dump="1673799879642"/><sessioninfo id="puguix-HP-ENVY-Laptop-13-aq0xxx-2e4dd35b" start="1673799879699" dump="1673799879850"/><sessioninfo id="puguix-HP-ENVY-Laptop-13-aq0xxx-af244193" start="1673799879926" dump="1673799880067"/><sessioninfo id="puguix-HP-ENVY-Laptop-13-aq0xxx-5e3bc7" start="1673799880123" dump="1673799880256"/><sessioninfo id="puguix-HP-ENVY-Laptop-13-aq0xxx-48bf8306" start="1673799880338" dump="1673799880474"/><sessioninfo id="puguix-HP-ENVY-Laptop-13-aq0xxx-ea7f407b" start="1673799880529" dump="1673799880659"/><sessioninfo id="puguix-HP-ENVY-Laptop-13-aq0xxx-474c3440" start="1673799880738" dump="1673799880883"/><sessioninfo id="puguix-HP-ENVY-Laptop-13-aq0xxx-b5e6598e" start="1673799880939" dump="1673799881083"/><sessioninfo id="puguix-HP-ENVY-Laptop-13-aq0xxx-ed8fa3c" start="1673799881154" dump="1673799881299"/><sessioninfo id="puguix-HP-ENVY-Laptop-13-aq0xxx-997c9012" start="1673799881365" dump="1673799881496"/><sessioninfo id="puguix-HP-ENVY-Laptop-13-aq0xxx-da50c0de" start="1673799881570" dump="1673799881708"/><sessioninfo id="puguix-HP-ENVY-Laptop-13-aq0xxx-15e43fbe" start="1673799881765" dump="1673799881896"/><sessioninfo id="puguix-HP-ENVY-Laptop-13-aq0xxx-4ca7640" start="1673799881971" dump="1673799882110"/><sessioninfo id="puguix-HP-ENVY-Laptop-13-aq0xxx-75901d83" start="1673799882170" dump="1673799882311"/><sessioninfo id="puguix-HP-ENVY-Laptop-13-aq0xxx-c3aeb060" start="1673799882388" dump="1673799882540"/><sessioninfo id="puguix-HP-ENVY-Laptop-13-aq0xxx-1740b9dd" start="1673799882598" dump="1673799882737"/><sessioninfo id="puguix-HP-ENVY-Laptop-13-aq0xxx-47a828e8" start="1673799882812" dump="1673799882956"/><sessioninfo id="puguix-HP-ENVY-Laptop-13-aq0xxx-65e2a5dc" start="1673799883012" dump="1673799883145"/><sessioninfo id="puguix-HP-ENVY-Laptop-13-aq0xxx-816838bc" start="1673799883230" dump="1673799883367"/><sessioninfo id="puguix-HP-ENVY-Laptop-13-aq0xxx-23afef35" start="1673799883421" dump="1673799883545"/><sessioninfo id="puguix-HP-ENVY-Laptop-13-aq0xxx-74279021" start="1673799883620" dump="1673799883776"/><sessioninfo id="puguix-HP-ENVY-Laptop-13-aq0xxx-fb05a356" start="1673799883830" dump="1673799883963"/><sessioninfo id="puguix-HP-ENVY-Laptop-13-aq0xxx-e9ba72b" start="1673799884038" dump="1673799884203"/><sessioninfo id="puguix-HP-ENVY-Laptop-13-aq0xxx-7bf063b" start="1673799884257" dump="1673799884391"/><sessioninfo id="puguix-HP-ENVY-Laptop-13-aq0xxx-95ef10d4" start="1673799884471" dump="1673799884620"/><sessioninfo id="puguix-HP-ENVY-Laptop-13-aq0xxx-28dad04d" start="1673799884672" dump="1673799884801"/><sessioninfo id="puguix-HP-ENVY-Laptop-13-aq0xxx-616aa890" start="1673799884882" dump="1673799885035"/><sessioninfo id="puguix-HP-ENVY-Laptop-13-aq0xxx-26262bce" start="1673799885090" dump="1673799885226"/><sessioninfo id="puguix-HP-ENVY-Laptop-13-aq0xxx-8cc73f0" start="1673799885300" dump="1673799885442"/><sessioninfo id="puguix-HP-ENVY-Laptop-13-aq0xxx-e137680f" start="1673799885496" dump="1673799885654"/><sessioninfo id="puguix-HP-ENVY-Laptop-13-aq0xxx-bdd9827e" start="1673799885732" dump="1673799885885"/><sessioninfo id="puguix-HP-ENVY-Laptop-13-aq0xxx-e404ffe1" start="1673799885937" dump="1673799886071"/><sessioninfo id="puguix-HP-ENVY-Laptop-13-aq0xxx-15e8550" start="1673799886148" dump="1673799886281"/><sessioninfo id="puguix-HP-ENVY-Laptop-13-aq0xxx-6b72938" start="1673799886337" dump="1673799886470"/><sessioninfo id="puguix-HP-ENVY-Laptop-13-aq0xxx-7e42b7de" start="1673799886544" dump="1673799886706"/><sessioninfo id="puguix-HP-ENVY-Laptop-13-aq0xxx-f31b70ee" start="1673799886760" dump="1673799886912"/><sessioninfo id="puguix-HP-ENVY-Laptop-13-aq0xxx-784ba8eb" start="1673799886986" dump="1673799887128"/><sessioninfo id="puguix-HP-ENVY-Laptop-13-aq0xxx-4c4d8588" start="1673799887188" dump="1673799887341"/><sessioninfo id="puguix-HP-ENVY-Laptop-13-aq0xxx-3b551082" start="1673799887416" dump="1673799887560"/><sessioninfo id="puguix-HP-ENVY-Laptop-13-aq0xxx-c1697dd3" start="1673799887617" dump="1673799887750"/><sessioninfo id="puguix-HP-ENVY-Laptop-13-aq0xxx-afe5f135" start="1673799887828" dump="1673799887958"/><sessioninfo id="puguix-HP-ENVY-Laptop-13-aq0xxx-1279c13d" start="1673799888013" dump="1673799888133"/><sessioninfo id="puguix-HP-ENVY-Laptop-13-aq0xxx-bae225e5" start="1673799888213" dump="1673799888349"/><sessioninfo id="puguix-HP-ENVY-Laptop-13-aq0xxx-efe2028f" start="1673799888404" dump="1673799888545"/><sessioninfo id="puguix-HP-ENVY-Laptop-13-aq0xxx-2b02ddc9" start="1673799888619" dump="1673799888765"/><sessioninfo id="puguix-HP-ENVY-Laptop-13-aq0xxx-bae07a0a" start="1673799888821" dump="1673799888961"/><sessioninfo id="puguix-HP-ENVY-Laptop-13-aq0xxx-207af838" start="1673799889043" dump="1673799889183"/><sessioninfo id="puguix-HP-ENVY-Laptop-13-aq0xxx-13824291" start="1673799889239" dump="1673799889376"/><sessioninfo id="puguix-HP-ENVY-Laptop-13-aq0xxx-6f7e4eb9" start="1673799889612" dump="1673799889743"/><sessioninfo id="puguix-HP-ENVY-Laptop-13-aq0xxx-bbe87d18" start="1673799889809" dump="1673799889967"/><sessioninfo id="puguix-HP-ENVY-Laptop-13-aq0xxx-a8360e65" start="1673799890027" dump="1673799890160"/><sessioninfo id="puguix-HP-ENVY-Laptop-13-aq0xxx-3259c75b" start="1673799890225" dump="1673799890365"/><sessioninfo id="puguix-HP-ENVY-Laptop-13-aq0xxx-954910a9" start="1673799890425" dump="1673799890557"/><sessioninfo id="puguix-HP-ENVY-Laptop-13-aq0xxx-ba6df861" start="1673799890619" dump="1673799890762"/><sessioninfo id="puguix-HP-ENVY-Laptop-13-aq0xxx-932dcfe9" start="1673799890826" dump="1673799890965"/><sessioninfo id="puguix-HP-ENVY-Laptop-13-aq0xxx-89fe413d" start="1673799891029" dump="1673799891170"/><sessioninfo id="puguix-HP-ENVY-Laptop-13-aq0xxx-338da41b" start="1673799891239" dump="1673799891403"/><sessioninfo id="puguix-HP-ENVY-Laptop-13-aq0xxx-49fcc9e7" start="1673799891468" dump="1673799891597"/><sessioninfo id="puguix-HP-ENVY-Laptop-13-aq0xxx-894675b4" start="1673799891669" dump="1673799891801"/><sessioninfo id="puguix-HP-ENVY-Laptop-13-aq0xxx-228aa6e0" start="1673799891864" dump="1673799892001"/><sessioninfo id="puguix-HP-ENVY-Laptop-13-aq0xxx-c5555b96" start="1673799892079" dump="1673799892225"/><sessioninfo id="puguix-HP-ENVY-Laptop-13-aq0xxx-61d114b8" start="1673799892295" dump="1673799892441"/><sessioninfo id="puguix-HP-ENVY-Laptop-13-aq0xxx-dfb3e38a" start="1673799892506" dump="1673799892646"/><sessioninfo id="puguix-HP-ENVY-Laptop-13-aq0xxx-6bc6d9a7" start="1673799892710" dump="1673799892847"/><sessioninfo id="puguix-HP-ENVY-Laptop-13-aq0xxx-863a10c9" start="1673799892911" dump="1673799893046"/><sessioninfo id="puguix-HP-ENVY-Laptop-13-aq0xxx-95606c48" start="1673799893112" dump="1673799893275"/><sessioninfo id="puguix-HP-ENVY-Laptop-13-aq0xxx-79fd302d" start="1673799893351" dump="1673799893479"/><sessioninfo id="puguix-HP-ENVY-Laptop-13-aq0xxx-c983bffe" start="1673799893544" dump="1673799893678"/><sessioninfo id="puguix-HP-ENVY-Laptop-13-aq0xxx-2d638784" start="1673799893742" dump="1673799893913"/><sessioninfo id="puguix-HP-ENVY-Laptop-13-aq0xxx-b2736297" start="1673799893977" dump="1673799894117"/><sessioninfo id="puguix-HP-ENVY-Laptop-13-aq0xxx-90c3dc8a" start="1673799894181" dump="1673799894318"/><sessioninfo id="puguix-HP-ENVY-Laptop-13-aq0xxx-58b993c9" start="1673799894396" dump="1673799894532"/><sessioninfo id="puguix-HP-ENVY-Laptop-13-aq0xxx-68bdda94" start="1673799894595" dump="1673799894739"/><sessioninfo id="puguix-HP-ENVY-Laptop-13-aq0xxx-40e6e996" start="1673799894803" dump="1673799894954"/><sessioninfo id="puguix-HP-ENVY-Laptop-13-aq0xxx-9b766703" start="1673799895017" dump="1673799895171"/><sessioninfo id="puguix-HP-ENVY-Laptop-13-aq0xxx-b065b919" start="1673799895235" dump="1673799895369"/><sessioninfo id="puguix-HP-ENVY-Laptop-13-aq0xxx-53f7f1a0" start="1673799895434" dump="1673799895576"/><sessioninfo id="puguix-HP-ENVY-Laptop-13-aq0xxx-613f0a80" start="1673799895639" dump="1673799895797"/><sessioninfo id="puguix-HP-ENVY-Laptop-13-aq0xxx-8b64af35" start="1673799895860" dump="1673799896003"/><sessioninfo id="puguix-HP-ENVY-Laptop-13-aq0xxx-67130fe7" start="1673799896068" dump="1673799896197"/><sessioninfo id="puguix-HP-ENVY-Laptop-13-aq0xxx-3ef25cbc" start="1673799896261" dump="1673799896403"/><sessioninfo id="puguix-HP-ENVY-Laptop-13-aq0xxx-b14d70d0" start="1673799896468" dump="1673799896604"/><sessioninfo id="puguix-HP-ENVY-Laptop-13-aq0xxx-1e3c6180" start="1673799896671" dump="1673799896823"/><sessioninfo id="puguix-HP-ENVY-Laptop-13-aq0xxx-beff5b" start="1673799896887" dump="1673799897026"/><sessioninfo id="puguix-HP-ENVY-Laptop-13-aq0xxx-bc1f6158" start="1673799897099" dump="1673799897254"/><sessioninfo id="puguix-HP-ENVY-Laptop-13-aq0xxx-1893eb92" start="1673799897326" dump="1673799897498"/><sessioninfo id="puguix-HP-ENVY-Laptop-13-aq0xxx-17c6289a" start="1673799897565" dump="1673799897718"/><sessioninfo id="puguix-HP-ENVY-Laptop-13-aq0xxx-cd8716a5" start="1673799897781" dump="1673799897914"/><sessioninfo id="puguix-HP-ENVY-Laptop-13-aq0xxx-d3fab4e3" start="1673799898004" dump="1673799898143"/><sessioninfo id="puguix-HP-ENVY-Laptop-13-aq0xxx-79393aa3" start="1673799898203" dump="1673799898343"/><sessioninfo id="puguix-HP-ENVY-Laptop-13-aq0xxx-7262baa3" start="1673799898408" dump="1673799898543"/><sessioninfo id="puguix-HP-ENVY-Laptop-13-aq0xxx-681051a8" start="1673799898607" dump="1673799898744"/><sessioninfo id="puguix-HP-ENVY-Laptop-13-aq0xxx-8d58d799" start="1673799898818" dump="1673799898989"/><sessioninfo id="puguix-HP-ENVY-Laptop-13-aq0xxx-f8a9cb5e" start="1673799899048" dump="1673799899177"/><sessioninfo id="puguix-HP-ENVY-Laptop-13-aq0xxx-d5b6aeef" start="1673799899239" dump="1673799899368"/><sessioninfo id="puguix-HP-ENVY-Laptop-13-aq0xxx-94f9520" start="1673799899432" dump="1673799899590"/><sessioninfo id="puguix-HP-ENVY-Laptop-13-aq0xxx-53093374" start="1673799899652" dump="1673799899786"/><sessioninfo id="puguix-HP-ENVY-Laptop-13-aq0xxx-d6d3c500" start="1673799899850" dump="1673799899983"/><sessioninfo id="puguix-HP-ENVY-Laptop-13-aq0xxx-54c62475" start="1673799900045" dump="1673799900196"/><sessioninfo id="puguix-HP-ENVY-Laptop-13-aq0xxx-d0d560ca" start="1673799900260" dump="1673799900399"/><sessioninfo id="puguix-HP-ENVY-Laptop-13-aq0xxx-773bdf4" start="1673799900463" dump="1673799900605"/><sessioninfo id="puguix-HP-ENVY-Laptop-13-aq0xxx-6888c41" start="1673799900670" dump="1673799900820"/><sessioninfo id="puguix-HP-ENVY-Laptop-13-aq0xxx-23fc8522" start="1673799900905" dump="1673799901036"/><sessioninfo id="puguix-HP-ENVY-Laptop-13-aq0xxx-157b9972" start="1673799901113" dump="1673799901254"/><sessioninfo id="puguix-HP-ENVY-Laptop-13-aq0xxx-924b9f5c" start="1673799901316" dump="1673799901456"/><sessioninfo id="puguix-HP-ENVY-Laptop-13-aq0xxx-a2322d73" start="1673799901526" dump="1673799901705"/><sessioninfo id="puguix-HP-ENVY-Laptop-13-aq0xxx-60019d17" start="1673799901769" dump="1673799901896"/><sessioninfo id="puguix-HP-ENVY-Laptop-13-aq0xxx-d1119b30" start="1673799901962" dump="1673799902118"/><sessioninfo id="puguix-HP-ENVY-Laptop-13-aq0xxx-340ae420" start="1673799902202" dump="1673799902345"/><sessioninfo id="puguix-HP-ENVY-Laptop-13-aq0xxx-491604be" start="1673799902412" dump="1673799902567"/><sessioninfo id="puguix-HP-ENVY-Laptop-13-aq0xxx-f7671e6" start="1673799902633" dump="1673799902767"/><sessioninfo id="puguix-HP-ENVY-Laptop-13-aq0xxx-601d020a" start="1673799902834" dump="1673799903008"/><sessioninfo id="puguix-HP-ENVY-Laptop-13-aq0xxx-627290bf" start="1673799903075" dump="1673799903213"/><sessioninfo id="puguix-HP-ENVY-Laptop-13-aq0xxx-4e6ad8f2" start="1673799903276" dump="1673799903411"/><sessioninfo id="puguix-HP-ENVY-Laptop-13-aq0xxx-416e637b" start="1673799903477" dump="1673799903620"/><sessioninfo id="puguix-HP-ENVY-Laptop-13-aq0xxx-ddd5c32f" start="1673799903700" dump="1673799903860"/><sessioninfo id="puguix-HP-ENVY-Laptop-13-aq0xxx-3e92d8b4" start="1673799903921" dump="1673799904056"/><sessioninfo id="puguix-HP-ENVY-Laptop-13-aq0xxx-e994b887" start="1673799904119" dump="1673799904280"/><sessioninfo id="puguix-HP-ENVY-Laptop-13-aq0xxx-c1a54680" start="1673799904347" dump="1673799904501"/><sessioninfo id="puguix-HP-ENVY-Laptop-13-aq0xxx-e537e411" start="1673799904565" dump="1673799904700"/><sessioninfo id="puguix-HP-ENVY-Laptop-13-aq0xxx-5aedd7b3" start="1673799904765" dump="1673799904932"/><sessioninfo id="puguix-HP-ENVY-Laptop-13-aq0xxx-526d4713" start="1673799904996" dump="1673799905129"/><sessioninfo id="puguix-HP-ENVY-Laptop-13-aq0xxx-5a981277" start="1673799905196" dump="1673799905331"/><sessioninfo id="puguix-HP-ENVY-Laptop-13-aq0xxx-5e495b41" start="1673799905400" dump="1673799905541"/><sessioninfo id="puguix-HP-ENVY-Laptop-13-aq0xxx-d3316833" start="1673799905607" dump="1673799905776"/><sessioninfo id="puguix-HP-ENVY-Laptop-13-aq0xxx-b8beb8de" start="1673799905838" dump="1673799905993"/><sessioninfo id="puguix-HP-ENVY-Laptop-13-aq0xxx-8cb9213d" start="1673799906057" dump="1673799906193"/><sessioninfo id="puguix-HP-ENVY-Laptop-13-aq0xxx-dc7f16be" start="1673799906254" dump="1673799906396"/><sessioninfo id="puguix-HP-ENVY-Laptop-13-aq0xxx-42f367e8" start="1673799906460" dump="1673799906621"/><sessioninfo id="puguix-HP-ENVY-Laptop-13-aq0xxx-f0081a7b" start="1673799906684" dump="1673799906825"/><sessioninfo id="puguix-HP-ENVY-Laptop-13-aq0xxx-1fd4134a" start="1673799906890" dump="1673799907048"/><sessioninfo id="puguix-HP-ENVY-Laptop-13-aq0xxx-f10bb0d1" start="1673799907115" dump="1673799907296"/><sessioninfo id="puguix-HP-ENVY-Laptop-13-aq0xxx-fe8c1231" start="1673799907364" dump="1673799907537"/><sessioninfo id="puguix-HP-ENVY-Laptop-13-aq0xxx-faf12ef0" start="1673799907599" dump="1673799907732"/><sessioninfo id="puguix-HP-ENVY-Laptop-13-aq0xxx-27106ee8" start="1673799907801" dump="1673799907956"/><sessioninfo id="puguix-HP-ENVY-Laptop-13-aq0xxx-92cdf22a" start="1673799908018" dump="1673799908150"/><sessioninfo id="puguix-HP-ENVY-Laptop-13-aq0xxx-a069abb7" start="1673799908213" dump="1673799908356"/><sessioninfo id="puguix-HP-ENVY-Laptop-13-aq0xxx-4104c135" start="1673799908430" dump="1673799908562"/><sessioninfo id="puguix-HP-ENVY-Laptop-13-aq0xxx-fa3cb9b4" start="1673799908623" dump="1673799908758"/><sessioninfo id="puguix-HP-ENVY-Laptop-13-aq0xxx-803ae7e5" start="1673799908822" dump="1673799908957"/><sessioninfo id="puguix-HP-ENVY-Laptop-13-aq0xxx-182d76f2" start="1673799909022" dump="1673799909166"/><sessioninfo id="puguix-HP-ENVY-Laptop-13-aq0xxx-dcc202df" start="1673799909229" dump="1673799909374"/><sessioninfo id="puguix-HP-ENVY-Laptop-13-aq0xxx-5f9c6ca8" start="1673799909440" dump="1673799909573"/><sessioninfo id="puguix-HP-ENVY-Laptop-13-aq0xxx-38bf6fbd" start="1673799909640" dump="1673799909801"/><sessioninfo id="puguix-HP-ENVY-Laptop-13-aq0xxx-84f262a0" start="1673799909864" dump="1673799909997"/><sessioninfo id="puguix-HP-ENVY-Laptop-13-aq0xxx-e882d667" start="1673799910077" dump="1673799910222"/><sessioninfo id="puguix-HP-ENVY-Laptop-13-aq0xxx-bee2ea60" start="1673799910287" dump="1673799910425"/><sessioninfo id="puguix-HP-ENVY-Laptop-13-aq0xxx-d5c0fe11" start="1673799910489" dump="1673799910631"/><sessioninfo id="puguix-HP-ENVY-Laptop-13-aq0xxx-caa92ba9" start="1673799910698" dump="1673799910855"/><sessioninfo id="puguix-HP-ENVY-Laptop-13-aq0xxx-62b485f9" start="1673799910921" dump="1673799911053"/><sessioninfo id="puguix-HP-ENVY-Laptop-13-aq0xxx-c898b3a4" start="1673799911126" dump="1673799911265"/><sessioninfo id="puguix-HP-ENVY-Laptop-13-aq0xxx-c757f263" start="1673799911329" dump="1673799911466"/><sessioninfo id="puguix-HP-ENVY-Laptop-13-aq0xxx-16940364" start="1673799911531" dump="1673799911676"/><sessioninfo id="puguix-HP-ENVY-Laptop-13-aq0xxx-ab489fcd" start="1673799911739" dump="1673799911883"/><sessioninfo id="puguix-HP-ENVY-Laptop-13-aq0xxx-a6cb703e" start="1673799911949" dump="1673799912090"/><sessioninfo id="puguix-HP-ENVY-Laptop-13-aq0xxx-bc943937" start="1673799912163" dump="1673799912305"/><sessioninfo id="puguix-HP-ENVY-Laptop-13-aq0xxx-82e275f3" start="1673799912384" dump="1673799912525"/><sessioninfo id="puguix-HP-ENVY-Laptop-13-aq0xxx-9734c28f" start="1673799912599" dump="1673799912741"/><sessioninfo id="puguix-HP-ENVY-Laptop-13-aq0xxx-c3c78e28" start="1673799912804" dump="1673799912940"/><sessioninfo id="puguix-HP-ENVY-Laptop-13-aq0xxx-1c467c4" start="1673799913004" dump="1673799913135"/><sessioninfo id="puguix-HP-ENVY-Laptop-13-aq0xxx-fac5e2fd" start="1673799913199" dump="1673799913334"/><sessioninfo id="puguix-HP-ENVY-Laptop-13-aq0xxx-b6d13096" start="1673799913409" dump="1673799913534"/><sessioninfo id="puguix-HP-ENVY-Laptop-13-aq0xxx-a9975685" start="1673799913614" dump="1673799913790"/><sessioninfo id="puguix-HP-ENVY-Laptop-13-aq0xxx-8c8bef55" start="1673799913865" dump="1673799914053"/><sessioninfo id="puguix-HP-ENVY-Laptop-13-aq0xxx-f9e63e8" start="1673799914119" dump="1673799914250"/><sessioninfo id="puguix-HP-ENVY-Laptop-13-aq0xxx-54b71b23" start="1673799914318" dump="1673799914452"/><sessioninfo id="puguix-HP-ENVY-Laptop-13-aq0xxx-2d044967" start="1673799914523" dump="1673799914670"/><sessioninfo id="puguix-HP-ENVY-Laptop-13-aq0xxx-ff755b89" start="1673799914739" dump="1673799914882"/><sessioninfo id="puguix-HP-ENVY-Laptop-13-aq0xxx-c563c336" start="1673799914951" dump="1673799915093"/><sessioninfo id="puguix-HP-ENVY-Laptop-13-aq0xxx-33df6296" start="1673799915163" dump="1673799915299"/><sessioninfo id="puguix-HP-ENVY-Laptop-13-aq0xxx-cf18629c" start="1673799915367" dump="1673799915502"/><sessioninfo id="puguix-HP-ENVY-Laptop-13-aq0xxx-2ee7c342" start="1673799915635" dump="1673799915762"/><sessioninfo id="puguix-HP-ENVY-Laptop-13-aq0xxx-8b49b69" start="1673799915827" dump="1673799915960"/><sessioninfo id="puguix-HP-ENVY-Laptop-13-aq0xxx-f6442ff9" start="1673799916030" dump="1673799916198"/><sessioninfo id="puguix-HP-ENVY-Laptop-13-aq0xxx-661b6e2b" start="1673799916266" dump="1673799916430"/><sessioninfo id="puguix-HP-ENVY-Laptop-13-aq0xxx-2b947bfc" start="1673799916510" dump="1673799916665"/><sessioninfo id="puguix-HP-ENVY-Laptop-13-aq0xxx-af0bb114" start="1673799916735" dump="1673799916878"/><sessioninfo id="puguix-HP-ENVY-Laptop-13-aq0xxx-7276a913" start="1673799916951" dump="1673799917118"/><sessioninfo id="puguix-HP-ENVY-Laptop-13-aq0xxx-d484ae1a" start="1673799917186" dump="1673799917344"/><sessioninfo id="puguix-HP-ENVY-Laptop-13-aq0xxx-649de5f2" start="1673799917413" dump="1673799917554"/><sessioninfo id="puguix-HP-ENVY-Laptop-13-aq0xxx-b8748c5e" start="1673799917633" dump="1673799917787"/><sessioninfo id="puguix-HP-ENVY-Laptop-13-aq0xxx-205b6f74" start="1673799917855" dump="1673799917990"/><sessioninfo id="puguix-HP-ENVY-Laptop-13-aq0xxx-fe5abaa2" start="1673799918064" dump="1673799918190"/><sessioninfo id="puguix-HP-ENVY-Laptop-13-aq0xxx-11b921f8" start="1673799918257" dump="1673799918396"/><sessioninfo id="puguix-HP-ENVY-Laptop-13-aq0xxx-81b82ddd" start="1673799918458" dump="1673799918595"/><sessioninfo id="puguix-HP-ENVY-Laptop-13-aq0xxx-19da0bad" start="1673799918664" dump="1673799918803"/><sessioninfo id="puguix-HP-ENVY-Laptop-13-aq0xxx-3eed8378" start="1673799918882" dump="1673799919021"/><sessioninfo id="puguix-HP-ENVY-Laptop-13-aq0xxx-908b8ce0" start="1673799919085" dump="1673799919220"/><sessioninfo id="puguix-HP-ENVY-Laptop-13-aq0xxx-299509b6" start="1673799919293" dump="1673799919428"/><sessioninfo id="puguix-HP-ENVY-Laptop-13-aq0xxx-81ad8800" start="1673799919499" dump="1673799919667"/><sessioninfo id="puguix-HP-ENVY-Laptop-13-aq0xxx-d5592a43" start="1673799919734" dump="1673799919873"/><sessioninfo id="puguix-HP-ENVY-Laptop-13-aq0xxx-fffee232" start="1673799919948" dump="1673799920098"/><sessioninfo id="puguix-HP-ENVY-Laptop-13-aq0xxx-c72e8542" start="1673799920171" dump="1673799920321"/><sessioninfo id="puguix-HP-ENVY-Laptop-13-aq0xxx-a6ca646e" start="1673799920388" dump="1673799920535"/><sessioninfo id="puguix-HP-ENVY-Laptop-13-aq0xxx-7b68c7a6" start="1673799920605" dump="1673799920741"/><sessioninfo id="puguix-HP-ENVY-Laptop-13-aq0xxx-75b77aa" start="1673799920808" dump="1673799920957"/><sessioninfo id="puguix-HP-ENVY-Laptop-13-aq0xxx-b8a7226" start="1673799921022" dump="1673799921167"/><sessioninfo id="puguix-HP-ENVY-Laptop-13-aq0xxx-7de311d7" start="1673799921235" dump="1673799921369"/><sessioninfo id="puguix-HP-ENVY-Laptop-13-aq0xxx-9d5d9425" start="1673799921438" dump="1673799921574"/><sessioninfo id="puguix-HP-ENVY-Laptop-13-aq0xxx-d6c4692" start="1673799921642" dump="1673799921769"/><sessioninfo id="puguix-HP-ENVY-Laptop-13-aq0xxx-4f32c6c8" start="1673799921848" dump="1673799921984"/><sessioninfo id="puguix-HP-ENVY-Laptop-13-aq0xxx-26a3e999" start="1673799922053" dump="1673799922212"/><sessioninfo id="puguix-HP-ENVY-Laptop-13-aq0xxx-bc6eb897" start="1673799922287" dump="1673799922461"/><sessioninfo id="puguix-HP-ENVY-Laptop-13-aq0xxx-28ce96bf" start="1673799922531" dump="1673799922665"/><sessioninfo id="puguix-HP-ENVY-Laptop-13-aq0xxx-6efadba9" start="1673799922739" dump="1673799922888"/><sessioninfo id="puguix-HP-ENVY-Laptop-13-aq0xxx-3973b25d" start="1673799922962" dump="1673799923095"/><sessioninfo id="puguix-HP-ENVY-Laptop-13-aq0xxx-e0f2a267" start="1673799923163" dump="1673799923303"/><sessioninfo id="puguix-HP-ENVY-Laptop-13-aq0xxx-9ecbc2de" start="1673799923373" dump="1673799923520"/><sessioninfo id="puguix-HP-ENVY-Laptop-13-aq0xxx-7645ee49" start="1673799923589" dump="1673799923725"/><sessioninfo id="puguix-HP-ENVY-Laptop-13-aq0xxx-96491f46" start="1673799923796" dump="1673799923928"/><sessioninfo id="puguix-HP-ENVY-Laptop-13-aq0xxx-ef3f6f71" start="1673799924007" dump="1673799924146"/><sessioninfo id="puguix-HP-ENVY-Laptop-13-aq0xxx-7353bd07" start="1673799924221" dump="1673799924357"/><sessioninfo id="puguix-HP-ENVY-Laptop-13-aq0xxx-6d62114b" start="1673799924427" dump="1673799924566"/><sessioninfo id="puguix-HP-ENVY-Laptop-13-aq0xxx-3bd7835c" start="1673799924661" dump="1673799924791"/><sessioninfo id="puguix-HP-ENVY-Laptop-13-aq0xxx-c11c427a" start="1673799924865" dump="1673799925001"/><sessioninfo id="puguix-HP-ENVY-Laptop-13-aq0xxx-61e69afd" start="1673799925069" dump="1673799925210"/><sessioninfo id="puguix-HP-ENVY-Laptop-13-aq0xxx-683927b5" start="1673799925282" dump="1673799925447"/><sessioninfo id="puguix-HP-ENVY-Laptop-13-aq0xxx-45645892" start="1673799925512" dump="1673799925644"/><sessioninfo id="puguix-HP-ENVY-Laptop-13-aq0xxx-f0a665cc" start="1673799925711" dump="1673799925850"/><sessioninfo id="puguix-HP-ENVY-Laptop-13-aq0xxx-c0ce92a" start="1673799925973" dump="1673799926099"/><sessioninfo id="puguix-HP-ENVY-Laptop-13-aq0xxx-9e43ee14" start="1673799926163" dump="1673799926290"/><sessioninfo id="puguix-HP-ENVY-Laptop-13-aq0xxx-75952956" start="1673799926373" dump="1673799926528"/><sessioninfo id="puguix-HP-ENVY-Laptop-13-aq0xxx-ab95b0b9" start="1673799926598" dump="1673799926728"/><sessioninfo id="puguix-HP-ENVY-Laptop-13-aq0xxx-3a8c999a" start="1673799926795" dump="1673799926935"/><sessioninfo id="puguix-HP-ENVY-Laptop-13-aq0xxx-a532093c" start="1673799927008" dump="1673799927174"/><sessioninfo id="puguix-HP-ENVY-Laptop-13-aq0xxx-24e573f2" start="1673799927250" dump="1673799927393"/><sessioninfo id="puguix-HP-ENVY-Laptop-13-aq0xxx-89a0560e" start="1673799927467" dump="1673799927623"/><sessioninfo id="puguix-HP-ENVY-Laptop-13-aq0xxx-c3bac695" start="1673799927692" dump="1673799927836"/><sessioninfo id="puguix-HP-ENVY-Laptop-13-aq0xxx-887eea3a" start="1673799927906" dump="1673799928040"/><sessioninfo id="puguix-HP-ENVY-Laptop-13-aq0xxx-2947297a" start="1673799928109" dump="1673799928252"/><sessioninfo id="puguix-HP-ENVY-Laptop-13-aq0xxx-419256a7" start="1673799928321" dump="1673799928457"/><sessioninfo id="puguix-HP-ENVY-Laptop-13-aq0xxx-9f992161" start="1673799928525" dump="1673799928661"/><sessioninfo id="puguix-HP-ENVY-Laptop-13-aq0xxx-17a1b370" start="1673799928730" dump="1673799928861"/><sessioninfo id="puguix-HP-ENVY-Laptop-13-aq0xxx-2eb0ee96" start="1673799928932" dump="1673799929077"/><sessioninfo id="puguix-HP-ENVY-Laptop-13-aq0xxx-8d9dfb18" start="1673799929149" dump="1673799929287"/><sessioninfo id="puguix-HP-ENVY-Laptop-13-aq0xxx-8b8ad4f7" start="1673799929356" dump="1673799929485"/><sessioninfo id="puguix-HP-ENVY-Laptop-13-aq0xxx-3c1bac53" start="1673799929555" dump="1673799929713"/><sessioninfo id="puguix-HP-ENVY-Laptop-13-aq0xxx-b2046665" start="1673799929782" dump="1673799929919"/><sessioninfo id="puguix-HP-ENVY-Laptop-13-aq0xxx-c4d4a2e" start="1673799930004" dump="1673799930157"/><sessioninfo id="puguix-HP-ENVY-Laptop-13-aq0xxx-c812d96c" start="1673799930225" dump="1673799930361"/><sessioninfo id="puguix-HP-ENVY-Laptop-13-aq0xxx-d6649d08" start="1673799930428" dump="1673799930564"/><sessioninfo id="puguix-HP-ENVY-Laptop-13-aq0xxx-c1169081" start="1673799930630" dump="1673799930764"/><sessioninfo id="puguix-HP-ENVY-Laptop-13-aq0xxx-90053231" start="1673799930838" dump="1673799930975"/><sessioninfo id="puguix-HP-ENVY-Laptop-13-aq0xxx-17d28eb3" start="1673799931049" dump="1673799931182"/><sessioninfo id="puguix-HP-ENVY-Laptop-13-aq0xxx-d0a0669d" start="1673799931250" dump="1673799931381"/><sessioninfo id="puguix-HP-ENVY-Laptop-13-aq0xxx-337e71be" start="1673799931460" dump="1673799931593"/><sessioninfo id="puguix-HP-ENVY-Laptop-13-aq0xxx-ec4adb2b" start="1673799931663" dump="1673799931788"/><sessioninfo id="puguix-HP-ENVY-Laptop-13-aq0xxx-3511f3cf" start="1673799931856" dump="1673799931985"/><sessioninfo id="puguix-HP-ENVY-Laptop-13-aq0xxx-c486499d" start="1673799932053" dump="1673799932221"/><sessioninfo id="puguix-HP-ENVY-Laptop-13-aq0xxx-2dd2702b" start="1673799932296" dump="1673799932448"/><sessioninfo id="puguix-HP-ENVY-Laptop-13-aq0xxx-313a666b" start="1673799932640" dump="1673799932817"/><sessioninfo id="puguix-HP-ENVY-Laptop-13-aq0xxx-b26fc797" start="1673799932872" dump="1673799933007"/><sessioninfo id="puguix-HP-ENVY-Laptop-13-aq0xxx-db0fa8e6" start="1673799933062" dump="1673799933202"/><sessioninfo id="puguix-HP-ENVY-Laptop-13-aq0xxx-65babeed" start="1673799933259" dump="1673799933407"/><sessioninfo id="puguix-HP-ENVY-Laptop-13-aq0xxx-388fa08c" start="1673799933467" dump="1673799933610"/><sessioninfo id="puguix-HP-ENVY-Laptop-13-aq0xxx-6f70b10f" start="1673799933680" dump="1673799933826"/><sessioninfo id="puguix-HP-ENVY-Laptop-13-aq0xxx-d5d6b6bb" start="1673799933898" dump="1673799934041"/><sessioninfo id="puguix-HP-ENVY-Laptop-13-aq0xxx-c5fc74bb" start="1673799934110" dump="1673799934252"/><sessioninfo id="puguix-HP-ENVY-Laptop-13-aq0xxx-d4b279c" start="1673799934315" dump="1673799934482"/><sessioninfo id="puguix-HP-ENVY-Laptop-13-aq0xxx-ffdc1dca" start="1673799934545" dump="1673799934699"/><sessioninfo id="puguix-HP-ENVY-Laptop-13-aq0xxx-23edd588" start="1673799934769" dump="1673799934912"/><sessioninfo id="puguix-HP-ENVY-Laptop-13-aq0xxx-7acb4293" start="1673799934970" dump="1673799935110"/><sessioninfo id="puguix-HP-ENVY-Laptop-13-aq0xxx-f2c2bec2" start="1673799935179" dump="1673799935323"/><sessioninfo id="puguix-HP-ENVY-Laptop-13-aq0xxx-e607ef5e" start="1673799935383" dump="1673799935516"/><sessioninfo id="puguix-HP-ENVY-Laptop-13-aq0xxx-d2c55b71" start="1673799935574" dump="1673799935723"/><sessioninfo id="puguix-HP-ENVY-Laptop-13-aq0xxx-fc06c401" start="1673799935794" dump="1673799935931"/><sessioninfo id="puguix-HP-ENVY-Laptop-13-aq0xxx-10dbfa5f" start="1673799935993" dump="1673799936152"/><sessioninfo id="puguix-HP-ENVY-Laptop-13-aq0xxx-f4735468" start="1673799936214" dump="1673799936355"/><sessioninfo id="puguix-HP-ENVY-Laptop-13-aq0xxx-735cd24c" start="1673799936425" dump="1673799936593"/><sessioninfo id="puguix-HP-ENVY-Laptop-13-aq0xxx-db4d8867" start="1673799936649" dump="1673799936780"/><sessioninfo id="puguix-HP-ENVY-Laptop-13-aq0xxx-efc39ecc" start="1673799936863" dump="1673799936989"/><sessioninfo id="puguix-HP-ENVY-Laptop-13-aq0xxx-b687442e" start="1673799937060" dump="1673799937247"/><sessioninfo id="puguix-HP-ENVY-Laptop-13-aq0xxx-5d25a1bf" start="1673799937308" dump="1673799937457"/><sessioninfo id="puguix-HP-ENVY-Laptop-13-aq0xxx-84ec11dd" start="1673799937518" dump="1673799937665"/><sessioninfo id="puguix-HP-ENVY-Laptop-13-aq0xxx-199ff699" start="1673799937723" dump="1673799937870"/><sessioninfo id="puguix-HP-ENVY-Laptop-13-aq0xxx-f62e51fa" start="1673799937932" dump="1673799938078"/><sessioninfo id="puguix-HP-ENVY-Laptop-13-aq0xxx-59f245a1" start="1673799938152" dump="1673799938334"/><sessioninfo id="puguix-HP-ENVY-Laptop-13-aq0xxx-4d30cbd4" start="1673799938393" dump="1673799938535"/><sessioninfo id="puguix-HP-ENVY-Laptop-13-aq0xxx-8377e2a3" start="1673799938598" dump="1673799938784"/><sessioninfo id="puguix-HP-ENVY-Laptop-13-aq0xxx-8186eb23" start="1673799938846" dump="1673799938985"/><sessioninfo id="puguix-HP-ENVY-Laptop-13-aq0xxx-1e6733dd" start="1673799939053" dump="1673799939196"/><sessioninfo id="puguix-HP-ENVY-Laptop-13-aq0xxx-53145145" start="1673799939281" dump="1673799939419"/><sessioninfo id="puguix-HP-ENVY-Laptop-13-aq0xxx-f08954ce" start="1673799939477" dump="1673799939618"/><sessioninfo id="puguix-HP-ENVY-Laptop-13-aq0xxx-34e3b8c3" start="1673799939689" dump="1673799939848"/><sessioninfo id="puguix-HP-ENVY-Laptop-13-aq0xxx-3505808b" start="1673799939908" dump="1673799940063"/><sessioninfo id="puguix-HP-ENVY-Laptop-13-aq0xxx-f8f3da49" start="1673799940134" dump="1673799940318"/><sessioninfo id="puguix-HP-ENVY-Laptop-13-aq0xxx-4ab069d3" start="1673799940375" dump="1673799940523"/><sessioninfo id="puguix-HP-ENVY-Laptop-13-aq0xxx-bf55e5ed" start="1673799940590" dump="1673799940730"/><sessioninfo id="puguix-HP-ENVY-Laptop-13-aq0xxx-132ed5dd" start="1673799940793" dump="1673799940950"/><sessioninfo id="puguix-HP-ENVY-Laptop-13-aq0xxx-9208adb" start="1673799941010" dump="1673799941183"/><sessioninfo id="puguix-HP-ENVY-Laptop-13-aq0xxx-a6daccbf" start="1673799941249" dump="1673799941386"/><sessioninfo id="puguix-HP-ENVY-Laptop-13-aq0xxx-10d27219" start="1673799941453" dump="1673799941587"/><sessioninfo id="puguix-HP-ENVY-Laptop-13-aq0xxx-73dd9739" start="1673799941649" dump="1673799941804"/><sessioninfo id="puguix-HP-ENVY-Laptop-13-aq0xxx-56b09819" start="1673799941872" dump="1673799942007"/><sessioninfo id="puguix-HP-ENVY-Laptop-13-aq0xxx-39df22dc" start="1673799942077" dump="1673799942231"/><sessioninfo id="puguix-HP-ENVY-Laptop-13-aq0xxx-d0cef707" start="1673799942302" dump="1673799942452"/><sessioninfo id="puguix-HP-ENVY-Laptop-13-aq0xxx-7c90095" start="1673799942511" dump="1673799942654"/><sessioninfo id="puguix-HP-ENVY-Laptop-13-aq0xxx-8cc65c4b" start="1673799942723" dump="1673799942866"/><sessioninfo id="puguix-HP-ENVY-Laptop-13-aq0xxx-987e0885" start="1673799942926" dump="1673799943070"/><sessioninfo id="puguix-HP-ENVY-Laptop-13-aq0xxx-1c28e844" start="1673799943143" dump="1673799943322"/><sessioninfo id="puguix-HP-ENVY-Laptop-13-aq0xxx-43ee7692" start="1673799943382" dump="1673799943524"/><sessioninfo id="puguix-HP-ENVY-Laptop-13-aq0xxx-df5ea418" start="1673799943591" dump="1673799943734"/><sessioninfo id="puguix-HP-ENVY-Laptop-13-aq0xxx-9e8b0efb" start="1673799943804" dump="1673799943946"/><sessioninfo id="puguix-HP-ENVY-Laptop-13-aq0xxx-5ec86844" start="1673799944020" dump="1673799944183"/><sessioninfo id="puguix-HP-ENVY-Laptop-13-aq0xxx-22fcaffa" start="1673799944241" dump="1673799944381"/><sessioninfo id="puguix-HP-ENVY-Laptop-13-aq0xxx-4500c08a" start="1673799944439" dump="1673799944584"/><sessioninfo id="puguix-HP-ENVY-Laptop-13-aq0xxx-def80034" start="1673799944643" dump="1673799944787"/><sessioninfo id="puguix-HP-ENVY-Laptop-13-aq0xxx-bb4613ea" start="1673799944846" dump="1673799944992"/><sessioninfo id="puguix-HP-ENVY-Laptop-13-aq0xxx-dccd7e0d" start="1673799945055" dump="1673799945227"/><sessioninfo id="puguix-HP-ENVY-Laptop-13-aq0xxx-d46c6d17" start="1673799945296" dump="1673799945434"/><sessioninfo id="puguix-HP-ENVY-Laptop-13-aq0xxx-bfcc8447" start="1673799945499" dump="1673799945642"/><sessioninfo id="puguix-HP-ENVY-Laptop-13-aq0xxx-f790c7b1" start="1673799945701" dump="1673799945840"/><sessioninfo id="puguix-HP-ENVY-Laptop-13-aq0xxx-8b73aca0" start="1673799945908" dump="1673799946051"/><sessioninfo id="puguix-HP-ENVY-Laptop-13-aq0xxx-e3756801" start="1673799946130" dump="1673799946285"/><sessioninfo id="puguix-HP-ENVY-Laptop-13-aq0xxx-a2ad4aa7" start="1673799946347" dump="1673799946493"/><sessioninfo id="puguix-HP-ENVY-Laptop-13-aq0xxx-38f82bb2" start="1673799946554" dump="1673799946702"/><sessioninfo id="puguix-HP-ENVY-Laptop-13-aq0xxx-542cea5a" start="1673799946806" dump="1673799946993"/><sessioninfo id="puguix-HP-ENVY-Laptop-13-aq0xxx-608f72f" start="1673799947054" dump="1673799947242"/><sessioninfo id="puguix-HP-ENVY-Laptop-13-aq0xxx-ec5da3a2" start="1673799947302" dump="1673799947450"/><sessioninfo id="puguix-HP-ENVY-Laptop-13-aq0xxx-feb9e8b0" start="1673799947520" dump="1673799947667"/><sessioninfo id="puguix-HP-ENVY-Laptop-13-aq0xxx-4354fdc3" start="1673799947728" dump="1673799947877"/><sessioninfo id="puguix-HP-ENVY-Laptop-13-aq0xxx-6a054782" start="1673799947946" dump="1673799948091"/><sessioninfo id="puguix-HP-ENVY-Laptop-13-aq0xxx-99ae8826" start="1673799948155" dump="1673799948330"/><sessioninfo id="puguix-HP-ENVY-Laptop-13-aq0xxx-4f1752e" start="1673799948453" dump="1673799948618"/><sessioninfo id="puguix-HP-ENVY-Laptop-13-aq0xxx-267a41d0" start="1673799948684" dump="1673799948834"/><sessioninfo id="puguix-HP-ENVY-Laptop-13-aq0xxx-f2e7b270" start="1673799948898" dump="1673799949041"/><sessioninfo id="puguix-HP-ENVY-Laptop-13-aq0xxx-7a63947a" start="1673799949129" dump="1673799949286"/><sessioninfo id="puguix-HP-ENVY-Laptop-13-aq0xxx-d9ad29c7" start="1673799949444" dump="1673799949602"/><sessioninfo id="puguix-HP-ENVY-Laptop-13-aq0xxx-47ac2f00" start="1673799949694" dump="1673799949838"/><sessioninfo id="puguix-HP-ENVY-Laptop-13-aq0xxx-dd10cb9c" start="1673799949941" dump="1673799950096"/><sessioninfo id="puguix-HP-ENVY-Laptop-13-aq0xxx-ff1d5cb6" start="1673799950203" dump="1673799950377"/><sessioninfo id="puguix-HP-ENVY-Laptop-13-aq0xxx-1fd0a956" start="1673799950479" dump="1673799950649"/><sessioninfo id="puguix-HP-ENVY-Laptop-13-aq0xxx-cd2933cc" start="1673799950732" dump="1673799950899"/><sessioninfo id="puguix-HP-ENVY-Laptop-13-aq0xxx-157b4f7a" start="1673799951049" dump="1673799951207"/><sessioninfo id="puguix-HP-ENVY-Laptop-13-aq0xxx-9d152d92" start="1673799951293" dump="1673799951433"/><sessioninfo id="puguix-HP-ENVY-Laptop-13-aq0xxx-8914d9ac" start="1673799951527" dump="1673799951690"/><sessioninfo id="puguix-HP-ENVY-Laptop-13-aq0xxx-5253938b" start="1673799951781" dump="1673799951923"/><sessioninfo id="puguix-HP-ENVY-Laptop-13-aq0xxx-455c17be" start="1673799952012" dump="1673799952186"/><sessioninfo id="puguix-HP-ENVY-Laptop-13-aq0xxx-ee90728" start="1673799952302" dump="1673799952492"/><sessioninfo id="puguix-HP-ENVY-Laptop-13-aq0xxx-62355448" start="1673799952594" dump="1673799952769"/><sessioninfo id="puguix-HP-ENVY-Laptop-13-aq0xxx-daf1aa1b" start="1673799952848" dump="1673799952995"/><sessioninfo id="puguix-HP-ENVY-Laptop-13-aq0xxx-c337c925" start="1673799953083" dump="1673799953233"/><sessioninfo id="puguix-HP-ENVY-Laptop-13-aq0xxx-5ecec7b2" start="1673799953312" dump="1673799953458"/><sessioninfo id="puguix-HP-ENVY-Laptop-13-aq0xxx-b85b7481" start="1673799953533" dump="1673799953690"/><sessioninfo id="puguix-HP-ENVY-Laptop-13-aq0xxx-7e8d347d" start="1673799953765" dump="1673799953916"/><sessioninfo id="puguix-HP-ENVY-Laptop-13-aq0xxx-9b917197" start="1673799953990" dump="1673799954142"/><sessioninfo id="puguix-HP-ENVY-Laptop-13-aq0xxx-9add9c1b" start="1673799954209" dump="1673799954367"/><sessioninfo id="puguix-HP-ENVY-Laptop-13-aq0xxx-bc6aba50" start="1673799954429" dump="1673799954590"/><sessioninfo id="puguix-HP-ENVY-Laptop-13-aq0xxx-d079acd3" start="1673799954664" dump="1673799954822"/><sessioninfo id="puguix-HP-ENVY-Laptop-13-aq0xxx-450b8755" start="1673799954886" dump="1673799955046"/><sessioninfo id="puguix-HP-ENVY-Laptop-13-aq0xxx-f2a0b15f" start="1673799955118" dump="1673799955273"/><sessioninfo id="puguix-HP-ENVY-Laptop-13-aq0xxx-4ecd3477" start="1673799955343" dump="1673799955517"/><sessioninfo id="puguix-HP-ENVY-Laptop-13-aq0xxx-6cbc2d35" start="1673799955591" dump="1673799955765"/><sessioninfo id="puguix-HP-ENVY-Laptop-13-aq0xxx-3144e6de" start="1673799955838" dump="1673799955989"/><sessioninfo id="puguix-HP-ENVY-Laptop-13-aq0xxx-cfc8ba84" start="1673799956061" dump="1673799956249"/><sessioninfo id="puguix-HP-ENVY-Laptop-13-aq0xxx-5c0442d4" start="1673799956317" dump="1673799956465"/><sessioninfo id="puguix-HP-ENVY-Laptop-13-aq0xxx-187bbe97" start="1673799956541" dump="1673799956698"/><sessioninfo id="puguix-HP-ENVY-Laptop-13-aq0xxx-7c6ccdb" start="1673799956765" dump="1673799956956"/><sessioninfo id="puguix-HP-ENVY-Laptop-13-aq0xxx-ec502cf6" start="1673799957027" dump="1673799957217"/><sessioninfo id="puguix-HP-ENVY-Laptop-13-aq0xxx-6bf72713" start="1673799957297" dump="1673799957457"/><sessioninfo id="puguix-HP-ENVY-Laptop-13-aq0xxx-e0af4d19" start="1673799957540" dump="1673799957695"/><sessioninfo id="puguix-HP-ENVY-Laptop-13-aq0xxx-96bb94b0" start="1673799957774" dump="1673799957973"/><sessioninfo id="puguix-HP-ENVY-Laptop-13-aq0xxx-5cbc88c" start="1673799958036" dump="1673799958181"/><sessioninfo id="puguix-HP-ENVY-Laptop-13-aq0xxx-158657aa" start="1673799958253" dump="1673799958409"/><sessioninfo id="puguix-HP-ENVY-Laptop-13-aq0xxx-3ed57b4d" start="1673799958496" dump="1673799958640"/><sessioninfo id="puguix-HP-ENVY-Laptop-13-aq0xxx-44483acb" start="1673799958705" dump="1673799958865"/><sessioninfo id="puguix-HP-ENVY-Laptop-13-aq0xxx-ef0568de" start="1673799958949" dump="1673799959100"/><sessioninfo id="puguix-HP-ENVY-Laptop-13-aq0xxx-957555" start="1673799959188" dump="1673799959330"/><sessioninfo id="puguix-HP-ENVY-Laptop-13-aq0xxx-a6b52852" start="1673799959403" dump="1673799959629"/><sessioninfo id="puguix-HP-ENVY-Laptop-13-aq0xxx-ea5231f5" start="1673799959750" dump="1673799960005"/><sessioninfo id="puguix-HP-ENVY-Laptop-13-aq0xxx-e6377a22" start="1673799960099" dump="1673799960278"/><sessioninfo id="puguix-HP-ENVY-Laptop-13-aq0xxx-9e3c7ae5" start="1673799960443" dump="1673799960649"/><sessioninfo id="puguix-HP-ENVY-Laptop-13-aq0xxx-f36a6133" start="1673799960733" dump="1673799960883"/><sessioninfo id="puguix-HP-ENVY-Laptop-13-aq0xxx-24d07250" start="1673799960968" dump="1673799961210"/><sessioninfo id="puguix-HP-ENVY-Laptop-13-aq0xxx-e7ae6b7e" start="1673799961298" dump="1673799961501"/><sessioninfo id="puguix-HP-ENVY-Laptop-13-aq0xxx-14c8cdff" start="1673799961570" dump="1673799961726"/><sessioninfo id="puguix-HP-ENVY-Laptop-13-aq0xxx-ee8f7e35" start="1673799961809" dump="1673799961995"/><sessioninfo id="puguix-HP-ENVY-Laptop-13-aq0xxx-a12af961" start="1673799962064" dump="1673799962267"/><sessioninfo id="puguix-HP-ENVY-Laptop-13-aq0xxx-fa0d8e7d" start="1673799962343" dump="1673799962518"/><sessioninfo id="puguix-HP-ENVY-Laptop-13-aq0xxx-1f1a9b8e" start="1673799962596" dump="1673799962753"/><sessioninfo id="puguix-HP-ENVY-Laptop-13-aq0xxx-4b4a53fb" start="1673799962826" dump="1673799962965"/><sessioninfo id="puguix-HP-ENVY-Laptop-13-aq0xxx-5ed4138b" start="1673799963129" dump="1673799963179"/><sessioninfo id="puguix-HP-ENVY-Laptop-13-aq0xxx-15c43d9a" start="1673799963311" dump="1673799963361"/><sessioninfo id="puguix-HP-ENVY-Laptop-13-aq0xxx-f0c5fc5f" start="1673799963476" dump="1673799963517"/><sessioninfo id="puguix-HP-ENVY-Laptop-13-aq0xxx-ef902e5d" start="1673799963652" dump="1673799963707"/><sessioninfo id="puguix-HP-ENVY-Laptop-13-aq0xxx-315a780" start="1673799963820" dump="1673799963863"/><sessioninfo id="puguix-HP-ENVY-Laptop-13-aq0xxx-31ce8eb5" start="1673799963986" dump="1673799964034"/><sessioninfo id="puguix-HP-ENVY-Laptop-13-aq0xxx-c4bff5af" start="1673799964136" dump="1673799964191"/><sessioninfo id="puguix-HP-ENVY-Laptop-13-aq0xxx-1c05e926" start="1673799964312" dump="1673799964355"/><sessioninfo id="puguix-HP-ENVY-Laptop-13-aq0xxx-7d7016a6" start="1673799964487" dump="1673799964533"/><sessioninfo id="puguix-HP-ENVY-Laptop-13-aq0xxx-9dd128fc" start="1673799964663" dump="1673799964712"/><sessioninfo id="puguix-HP-ENVY-Laptop-13-aq0xxx-250260bd" start="1673799964843" dump="1673799964897"/><sessioninfo id="puguix-HP-ENVY-Laptop-13-aq0xxx-e062ea15" start="1673799965021" dump="1673799965067"/><sessioninfo id="puguix-HP-ENVY-Laptop-13-aq0xxx-c1e70681" start="1673799965195" dump="1673799965248"/><sessioninfo id="puguix-HP-ENVY-Laptop-13-aq0xxx-fe03b028" start="1673799965378" dump="1673799965424"/><sessioninfo id="puguix-HP-ENVY-Laptop-13-aq0xxx-3c26fcce" start="1673799965570" dump="1673799965629"/><sessioninfo id="puguix-HP-ENVY-Laptop-13-aq0xxx-41f6fc30" start="1673799965752" dump="1673799965797"/><sessioninfo id="puguix-HP-ENVY-Laptop-13-aq0xxx-9adcfa2b" start="1673799965924" dump="1673799965971"/><sessioninfo id="puguix-HP-ENVY-Laptop-13-aq0xxx-497b6807" start="1673799966101" dump="1673799966153"/><sessioninfo id="puguix-HP-ENVY-Laptop-13-aq0xxx-73746a77" start="1673799966295" dump="1673799966335"/><sessioninfo id="puguix-HP-ENVY-Laptop-13-aq0xxx-945b46b3" start="1673799966472" dump="1673799966523"/><sessioninfo id="puguix-HP-ENVY-Laptop-13-aq0xxx-7324d3ad" start="1673799966627" dump="1673799966668"/><sessioninfo id="puguix-HP-ENVY-Laptop-13-aq0xxx-b1b404ff" start="1673799966787" dump="1673799966838"/><sessioninfo id="puguix-HP-ENVY-Laptop-13-aq0xxx-8ff40f87" start="1673799966956" dump="1673799967007"/><sessioninfo id="puguix-HP-ENVY-Laptop-13-aq0xxx-f184d23" start="1673799967137" dump="1673799967195"/><sessioninfo id="puguix-HP-ENVY-Laptop-13-aq0xxx-1f3787a8" start="1673799967305" dump="1673799967353"/><sessioninfo id="puguix-HP-ENVY-Laptop-13-aq0xxx-f8d6e1a6" start="1673799967481" dump="1673799967531"/><sessioninfo id="puguix-HP-ENVY-Laptop-13-aq0xxx-d97a641" start="1673799967664" dump="1673799967715"/><sessioninfo id="puguix-HP-ENVY-Laptop-13-aq0xxx-78a112f4" start="1673799967818" dump="1673799967870"/><sessioninfo id="puguix-HP-ENVY-Laptop-13-aq0xxx-9bd81de7" start="1673799968008" dump="1673799968075"/><sessioninfo id="puguix-HP-ENVY-Laptop-13-aq0xxx-63f52642" start="1673799968256" dump="1673799968328"/><sessioninfo id="puguix-HP-ENVY-Laptop-13-aq0xxx-546404a3" start="1673799968493" dump="1673799968555"/><sessioninfo id="puguix-HP-ENVY-Laptop-13-aq0xxx-f8ac4bac" start="1673799968663" dump="1673799968715"/><sessioninfo id="puguix-HP-ENVY-Laptop-13-aq0xxx-7df89815" start="1673799968905" dump="1673799968980"/><sessioninfo id="puguix-HP-ENVY-Laptop-13-aq0xxx-c731aff8" start="1673799969218" dump="1673799969295"/><sessioninfo id="puguix-HP-ENVY-Laptop-13-aq0xxx-10e1bf09" start="1673799969428" dump="1673799969493"/><sessioninfo id="puguix-HP-ENVY-Laptop-13-aq0xxx-4e19e995" start="1673799969748" dump="1673799969821"/><sessioninfo id="puguix-HP-ENVY-Laptop-13-aq0xxx-dff3c07" start="1673799969942" dump="1673799969991"/><sessioninfo id="puguix-HP-ENVY-Laptop-13-aq0xxx-e0271f1d" start="1673799970127" dump="1673799970200"/><sessioninfo id="puguix-HP-ENVY-Laptop-13-aq0xxx-ad1111dc" start="1673799970410" dump="1673799970473"/><sessioninfo id="puguix-HP-ENVY-Laptop-13-aq0xxx-db326441" start="1673799970671" dump="1673799970754"/><sessioninfo id="puguix-HP-ENVY-Laptop-13-aq0xxx-50fdf683" start="1673799970890" dump="1673799970958"/><package name="fr/ensimag/deca"><class name="fr/ensimag/deca/DecacMain" sourcefilename="DecacMain.java"><method name="&lt;init&gt;" desc="()V" line="12"><counter type="INSTRUCTION" missed="3" covered="0"/><counter type="LINE" missed="1" covered="0"/><counter type="COMPLEXITY" missed="1" covered="0"/><counter type="METHOD" missed="1" covered="0"/></method><method name="main" desc="([Ljava/lang/String;)V" line="17"><counter type="INSTRUCTION" missed="15" covered="84"/><counter type="BRANCH" missed="2" covered="12"/><counter type="LINE" missed="6" covered="24"/><counter type="COMPLEXITY" missed="2" covered="6"/><counter type="METHOD" missed="0" covered="1"/></method><method name="&lt;clinit&gt;" desc="()V" line="13"><counter type="INSTRUCTION" missed="0" covered="4"/><counter type="LINE" missed="0" covered="1"/><counter type="COMPLEXITY" missed="0" covered="1"/><counter type="METHOD" missed="0" covered="1"/></method><counter type="INSTRUCTION" missed="18" covered="88"/><counter type="BRANCH" missed="2" covered="12"/><counter type="LINE" missed="7" covered="25"/><counter type="COMPLEXITY" missed="3" covered="7"/><counter type="METHOD" missed="1" covered="2"/><counter type="CLASS" missed="0" covered="1"/></class><class name="fr/ensimag/deca/CompilerOptions" sourcefilename="CompilerOptions.java"><method name="&lt;init&gt;" desc="()V" line="18"><counter type="INSTRUCTION" missed="0" covered="32"/><counter type="LINE" missed="0" covered="10"/><counter type="COMPLEXITY" missed="0" covered="1"/><counter type="METHOD" missed="0" covered="1"/></method><method name="getDebug" desc="()I" line="24"><counter type="INSTRUCTION" missed="0" covered="3"/><counter type="LINE" missed="0" covered="1"/><counter type="COMPLEXITY" missed="0" covered="1"/><counter type="METHOD" missed="0" covered="1"/></method><method name="getParallel" desc="()Z" line="28"><counter type="INSTRUCTION" missed="0" covered="3"/><counter type="LINE" missed="0" covered="1"/><counter type="COMPLEXITY" missed="0" covered="1"/><counter type="METHOD" missed="0" covered="1"/></method><method name="getPrintBanner" desc="()Z" line="32"><counter type="INSTRUCTION" missed="0" covered="3"/><counter type="LINE" missed="0" covered="1"/><counter type="COMPLEXITY" missed="0" covered="1"/><counter type="METHOD" missed="0" covered="1"/></method><method name="getVerification" desc="()Z" line="36"><counter type="INSTRUCTION" missed="0" covered="3"/><counter type="LINE" missed="0" covered="1"/><counter type="COMPLEXITY" missed="0" covered="1"/><counter type="METHOD" missed="0" covered="1"/></method><method name="geCompileInARM" desc="()Z" line="40"><counter type="INSTRUCTION" missed="3" covered="0"/><counter type="LINE" missed="1" covered="0"/><counter type="COMPLEXITY" missed="1" covered="0"/><counter type="METHOD" missed="1" covered="0"/></method><method name="getParsing" desc="()Z" line="44"><counter type="INSTRUCTION" missed="0" covered="3"/><counter type="LINE" missed="0" covered="1"/><counter type="COMPLEXITY" missed="0" covered="1"/><counter type="METHOD" missed="0" covered="1"/></method><method name="getCheck" desc="()Z" line="48"><counter type="INSTRUCTION" missed="3" covered="0"/><counter type="LINE" missed="1" covered="0"/><counter type="COMPLEXITY" missed="1" covered="0"/><counter type="METHOD" missed="1" covered="0"/></method><method name="getnumberRegisters" desc="()I" line="52"><counter type="INSTRUCTION" missed="0" covered="3"/><counter type="LINE" missed="0" covered="1"/><counter type="COMPLEXITY" missed="0" covered="1"/><counter type="METHOD" missed="0" covered="1"/></method><method name="getSourceFiles" desc="()Ljava/util/List;" line="56"><counter type="INSTRUCTION" missed="0" covered="4"/><counter type="LINE" missed="0" covered="1"/><counter type="COMPLEXITY" missed="0" covered="1"/><counter type="METHOD" missed="0" covered="1"/></method><method name="parseArgs" desc="([Ljava/lang/String;)V" line="72"><counter type="INSTRUCTION" missed="28" covered="189"/><counter type="BRANCH" missed="8" covered="40"/><counter type="LINE" missed="10" covered="48"/><counter type="COMPLEXITY" missed="8" covered="22"/><counter type="METHOD" missed="0" covered="1"/></method><method name="displayUsage" desc="()V" line="179"><counter type="INSTRUCTION" missed="0" covered="105"/><counter type="LINE" missed="0" covered="9"/><counter type="COMPLEXITY" missed="0" covered="1"/><counter type="METHOD" missed="0" covered="1"/></method><method name="&lt;clinit&gt;" desc="()V" line="18"><counter type="INSTRUCTION" missed="2" covered="6"/><counter type="BRANCH" missed="1" covered="1"/><counter type="LINE" missed="0" covered="1"/><counter type="COMPLEXITY" missed="1" covered="1"/><counter type="METHOD" missed="0" covered="1"/></method><counter type="INSTRUCTION" missed="36" covered="354"/><counter type="BRANCH" missed="9" covered="41"/><counter type="LINE" missed="12" covered="74"/><counter type="COMPLEXITY" missed="11" covered="32"/><counter type="METHOD" missed="2" covered="11"/><counter type="CLASS" missed="0" covered="1"/></class><class name="fr/ensimag/deca/CLIException" sourcefilename="CLIException.java"><method name="&lt;init&gt;" desc="(Ljava/lang/String;)V" line="13"><counter type="INSTRUCTION" missed="0" covered="4"/><counter type="LINE" missed="0" covered="2"/><counter type="COMPLEXITY" missed="0" covered="1"/><counter type="METHOD" missed="0" covered="1"/></method><counter type="INSTRUCTION" missed="0" covered="4"/><counter type="LINE" missed="0" covered="2"/><counter type="COMPLEXITY" missed="0" covered="1"/><counter type="METHOD" missed="0" covered="1"/><counter type="CLASS" missed="0" covered="1"/></class><class name="fr/ensimag/deca/DecacCompiler" sourcefilename="DecacCompiler.java"><method name="getErreurPile" desc="()Lfr/ensimag/ima/pseudocode/Label;" line="53"><counter type="INSTRUCTION" missed="0" covered="3"/><counter type="LINE" missed="0" covered="1"/><counter type="COMPLEXITY" missed="0" covered="1"/><counter type="METHOD" missed="0" covered="1"/></method><method name="getErreurOverflow" desc="()Lfr/ensimag/ima/pseudocode/Label;" line="59"><counter type="INSTRUCTION" missed="0" covered="3"/><counter type="LINE" missed="0" covered="1"/><counter type="COMPLEXITY" missed="0" covered="1"/><counter type="METHOD" missed="0" covered="1"/></method><method name="getErreurinOut" desc="()Lfr/ensimag/ima/pseudocode/Label;" line="65"><counter type="INSTRUCTION" missed="0" covered="3"/><counter type="LINE" missed="0" covered="1"/><counter type="COMPLEXITY" missed="0" covered="1"/><counter type="METHOD" missed="0" covered="1"/></method><method name="getD" desc="()I" line="69"><counter type="INSTRUCTION" missed="0" covered="3"/><counter type="LINE" missed="0" covered="1"/><counter type="COMPLEXITY" missed="0" covered="1"/><counter type="METHOD" missed="0" covered="1"/></method><method name="setD" desc="(I)V" line="73"><counter type="INSTRUCTION" missed="0" covered="4"/><counter type="LINE" missed="0" covered="2"/><counter type="COMPLEXITY" missed="0" covered="1"/><counter type="METHOD" missed="0" covered="1"/></method><method name="getN" desc="()I" line="77"><counter type="INSTRUCTION" missed="0" covered="3"/><counter type="LINE" missed="0" covered="1"/><counter type="COMPLEXITY" missed="0" covered="1"/><counter type="METHOD" missed="0" covered="1"/></method><method name="setN" desc="(I)V" line="81"><counter type="INSTRUCTION" missed="0" covered="4"/><counter type="LINE" missed="0" covered="2"/><counter type="COMPLEXITY" missed="0" covered="1"/><counter type="METHOD" missed="0" covered="1"/></method><method name="getSP" desc="()I" line="85"><counter type="INSTRUCTION" missed="0" covered="3"/><counter type="LINE" missed="0" covered="1"/><counter type="COMPLEXITY" missed="0" covered="1"/><counter type="METHOD" missed="0" covered="1"/></method><method name="setSP" desc="(I)V" line="89"><counter type="INSTRUCTION" missed="0" covered="4"/><counter type="LINE" missed="0" covered="2"/><counter type="COMPLEXITY" missed="0" covered="1"/><counter type="METHOD" missed="0" covered="1"/></method><method name="&lt;init&gt;" desc="(Lfr/ensimag/deca/CompilerOptions;Ljava/io/File;)V" line="47"><counter type="INSTRUCTION" missed="0" covered="52"/><counter type="LINE" missed="0" covered="13"/><counter type="COMPLEXITY" missed="0" covered="1"/><counter type="METHOD" missed="0" covered="1"/></method><method name="getSource" desc="()Ljava/io/File;" line="102"><counter type="INSTRUCTION" missed="3" covered="0"/><counter type="LINE" missed="1" covered="0"/><counter type="COMPLEXITY" missed="1" covered="0"/><counter type="METHOD" missed="1" covered="0"/></method><method name="getCompilerOptions" desc="()Lfr/ensimag/deca/CompilerOptions;" line="110"><counter type="INSTRUCTION" missed="0" covered="3"/><counter type="LINE" missed="0" covered="1"/><counter type="COMPLEXITY" missed="0" covered="1"/><counter type="METHOD" missed="0" covered="1"/></method><method name="add" desc="(Lfr/ensimag/ima/pseudocode/AbstractLine;)V" line="118"><counter type="INSTRUCTION" missed="5" covered="0"/><counter type="LINE" missed="2" covered="0"/><counter type="COMPLEXITY" missed="1" covered="0"/><counter type="METHOD" missed="1" covered="0"/></method><method name="addComment" desc="(Ljava/lang/String;)V" line="125"><counter type="INSTRUCTION" missed="0" covered="5"/><counter type="LINE" missed="0" covered="2"/><counter type="COMPLEXITY" missed="0" covered="1"/><counter type="METHOD" missed="0" covered="1"/></method><method name="addLabel" desc="(Lfr/ensimag/ima/pseudocode/Label;)V" line="133"><counter type="INSTRUCTION" missed="0" covered="5"/><counter type="LINE" missed="0" covered="2"/><counter type="COMPLEXITY" missed="0" covered="1"/><counter type="METHOD" missed="0" covered="1"/></method><method name="addInstruction" desc="(Lfr/ensimag/ima/pseudocode/Instruction;)V" line="141"><counter type="INSTRUCTION" missed="0" covered="5"/><counter type="LINE" missed="0" covered="2"/><counter type="COMPLEXITY" missed="0" covered="1"/><counter type="METHOD" missed="0" covered="1"/></method><method name="addInstructionFirst" desc="(Lfr/ensimag/ima/pseudocode/Instruction;)V" line="145"><counter type="INSTRUCTION" missed="0" covered="5"/><counter type="LINE" missed="0" covered="2"/><counter type="COMPLEXITY" missed="0" covered="1"/><counter type="METHOD" missed="0" covered="1"/></method><method name="addInstruction" desc="(Lfr/ensimag/ima/pseudocode/Instruction;Ljava/lang/String;)V" line="154"><counter type="INSTRUCTION" missed="6" covered="0"/><counter type="LINE" missed="2" covered="0"/><counter type="COMPLEXITY" missed="1" covered="0"/><counter type="METHOD" missed="1" covered="0"/></method><method name="displayIMAProgram" desc="()Ljava/lang/String;" line="162"><counter type="INSTRUCTION" missed="4" covered="0"/><counter type="LINE" missed="1" covered="0"/><counter type="COMPLEXITY" missed="1" covered="0"/><counter type="METHOD" missed="1" covered="0"/></method><method name="createSymbol" desc="(Ljava/lang/String;)Lfr/ensimag/deca/tools/SymbolTable$Symbol;" line="181"><counter type="INSTRUCTION" missed="0" covered="5"/><counter type="LINE" missed="0" covered="1"/><counter type="COMPLEXITY" missed="0" covered="1"/><counter type="METHOD" missed="0" covered="1"/></method><method name="compile" desc="()Z" line="190"><counter type="INSTRUCTION" missed="26" covered="128"/><counter type="LINE" missed="7" covered="21"/><counter type="COMPLEXITY" missed="0" covered="1"/><counter type="METHOD" missed="0" covered="1"/></method><method name="doCompile" desc="(Ljava/lang/String;Ljava/lang/String;Ljava/io/PrintStream;Ljava/io/PrintStream;)Z" line="245"><counter type="INSTRUCTION" missed="22" covered="105"/><counter type="BRANCH" missed="4" covered="10"/><counter type="LINE" missed="2" covered="24"/><counter type="COMPLEXITY" missed="4" covered="4"/><counter type="METHOD" missed="0" covered="1"/></method><method name="doLexingAndParsing" desc="(Ljava/lang/String;Ljava/io/PrintStream;)Lfr/ensimag/deca/tree/AbstractProgram;" line="304"><counter type="INSTRUCTION" missed="14" covered="27"/><counter type="LINE" missed="2" covered="7"/><counter type="COMPLEXITY" missed="0" covered="1"/><counter type="METHOD" missed="0" covered="1"/></method><method name="&lt;clinit&gt;" desc="()V" line="40"><counter type="INSTRUCTION" missed="2" covered="13"/><counter type="BRANCH" missed="1" covered="1"/><counter type="LINE" missed="0" covered="3"/><counter type="COMPLEXITY" missed="1" covered="1"/><counter type="METHOD" missed="0" covered="1"/></method><counter type="INSTRUCTION" missed="82" covered="383"/><counter type="BRANCH" missed="5" covered="11"/><counter type="LINE" missed="17" covered="90"/><counter type="COMPLEXITY" missed="9" covered="23"/><counter type="METHOD" missed="4" covered="20"/><counter type="CLASS" missed="0" covered="1"/></class><class name="fr/ensimag/deca/DecacFatalError" sourcefilename="DecacFatalError.java"><method name="&lt;init&gt;" desc="(Ljava/lang/String;)V" line="14"><counter type="INSTRUCTION" missed="4" covered="0"/><counter type="LINE" missed="2" covered="0"/><counter type="COMPLEXITY" missed="1" covered="0"/><counter type="METHOD" missed="1" covered="0"/></method><counter type="INSTRUCTION" missed="4" covered="0"/><counter type="LINE" missed="2" covered="0"/><counter type="COMPLEXITY" missed="1" covered="0"/><counter type="METHOD" missed="1" covered="0"/><counter type="CLASS" missed="1" covered="0"/></class><sourcefile name="DecacFatalError.java"><line nr="14" mi="3" ci="0" mb="0" cb="0"/><line nr="15" mi="1" ci="0" mb="0" cb="0"/><counter type="INSTRUCTION" missed="4" covered="0"/><counter type="LINE" missed="2" covered="0"/><counter type="COMPLEXITY" missed="1" covered="0"/><counter type="METHOD" missed="1" covered="0"/><counter type="CLASS" missed="1" covered="0"/></sourcefile><sourcefile name="CLIException.java"><line nr="13" mi="0" ci="3" mb="0" cb="0"/><line nr="14" mi="0" ci="1" mb="0" cb="0"/><counter type="INSTRUCTION" missed="0" covered="4"/><counter type="LINE" missed="0" covered="2"/><counter type="COMPLEXITY" missed="0" covered="1"/><counter type="METHOD" missed="0" covered="1"/><counter type="CLASS" missed="0" covered="1"/></sourcefile><sourcefile name="CompilerOptions.java"><line nr="18" mi="2" ci="8" mb="1" cb="1"/><line nr="24" mi="0" ci="3" mb="0" cb="0"/><line nr="28" mi="0" ci="3" mb="0" cb="0"/><line nr="32" mi="0" ci="3" mb="0" cb="0"/><line nr="36" mi="0" ci="3" mb="0" cb="0"/><line nr="40" mi="3" ci="0" mb="0" cb="0"/><line nr="44" mi="0" ci="3" mb="0" cb="0"/><line nr="48" mi="3" ci="0" mb="0" cb="0"/><line nr="52" mi="0" ci="3" mb="0" cb="0"/><line nr="56" mi="0" ci="4" mb="0" cb="0"/><line nr="59" mi="0" ci="3" mb="0" cb="0"/><line nr="60" mi="0" ci="3" mb="0" cb="0"/><line nr="61" mi="0" ci="3" mb="0" cb="0"/><line nr="62" mi="0" ci="3" mb="0" cb="0"/><line nr="63" mi="0" ci="3" mb="0" cb="0"/><line nr="64" mi="0" ci="3" mb="0" cb="0"/><line nr="65" mi="0" ci="3" mb="0" cb="0"/><line nr="66" mi="0" ci="3" mb="0" cb="0"/><line nr="67" mi="0" ci="6" mb="0" cb="0"/><line nr="72" mi="0" ci="2" mb="0" cb="0"/><line nr="73" mi="0" ci="4" mb="0" cb="2"/><line nr="75" mi="0" ci="4" mb="0" cb="0"/><line nr="76" mi="0" ci="8" mb="2" cb="7"/><line nr="79" mi="0" ci="3" mb="0" cb="0"/><line nr="80" mi="0" ci="4" mb="0" cb="2"/><line nr="81" mi="0" ci="5" mb="0" cb="0"/><line nr="85" mi="0" ci="3" mb="0" cb="0"/><line nr="86" mi="0" ci="6" mb="0" cb="4"/><line nr="87" mi="0" ci="5" mb="0" cb="0"/><line nr="92" mi="0" ci="3" mb="0" cb="0"/><line nr="93" mi="0" ci="6" mb="0" cb="4"/><line nr="94" mi="0" ci="5" mb="0" cb="0"/><line nr="99" mi="3" ci="0" mb="0" cb="0"/><line nr="100" mi="1" ci="0" mb="0" cb="0"/><line nr="103" mi="0" ci="3" mb="0" cb="0"/><line nr="104" mi="0" ci="6" mb="0" cb="4"/><line nr="105" mi="0" ci="5" mb="0" cb="0"/><line nr="110" mi="0" ci="6" mb="0" cb="0"/><line nr="111" mi="0" ci="1" mb="0" cb="0"/><line nr="114" mi="3" ci="0" mb="0" cb="0"/><line nr="115" mi="1" ci="0" mb="0" cb="0"/><line nr="118" mi="0" ci="1" mb="0" cb="0"/><line nr="121" mi="0" ci="5" mb="0" cb="0"/><line nr="123" mi="1" ci="0" mb="0" cb="0"/><line nr="124" mi="5" ci="0" mb="0" cb="0"/><line nr="125" mi="0" ci="1" mb="0" cb="0"/><line nr="126" mi="0" ci="6" mb="0" cb="4"/><line nr="127" mi="0" ci="5" mb="0" cb="0"/><line nr="129" mi="0" ci="3" mb="0" cb="0"/><line nr="130" mi="0" ci="1" mb="0" cb="0"/><line nr="135" mi="0" ci="4" mb="0" cb="2"/><line nr="136" mi="0" ci="5" mb="0" cb="0"/><line nr="139" mi="0" ci="5" mb="0" cb="0"/><line nr="140" mi="0" ci="2" mb="0" cb="0"/><line nr="141" mi="0" ci="11" mb="0" cb="2"/><line nr="142" mi="0" ci="5" mb="1" cb="1"/><line nr="143" mi="2" ci="0" mb="0" cb="0"/><line nr="144" mi="1" ci="0" mb="0" cb="0"/><line nr="146" mi="0" ci="1" mb="0" cb="0"/><line nr="147" mi="0" ci="2" mb="1" cb="1"/><line nr="148" mi="0" ci="8" mb="0" cb="0"/><line nr="151" mi="0" ci="1" mb="0" cb="0"/><line nr="152" mi="0" ci="1" mb="0" cb="0"/><line nr="153" mi="0" ci="2" mb="0" cb="0"/><line nr="155" mi="0" ci="3" mb="1" cb="4"/><line nr="156" mi="0" ci="1" mb="0" cb="0"/><line nr="158" mi="0" ci="4" mb="0" cb="0"/><line nr="160" mi="0" ci="4" mb="0" cb="0"/><line nr="162" mi="4" ci="0" mb="0" cb="0"/><line nr="164" mi="0" ci="3" mb="0" cb="0"/><line nr="166" mi="0" ci="11" mb="0" cb="0"/><line nr="168" mi="0" ci="2" mb="0" cb="0"/><line nr="169" mi="4" ci="6" mb="2" cb="2"/><line nr="170" mi="0" ci="2" mb="1" cb="1"/><line nr="171" mi="0" ci="4" mb="0" cb="0"/><line nr="173" mi="3" ci="0" mb="0" cb="0"/><line nr="176" mi="0" ci="1" mb="0" cb="0"/><line nr="179" mi="0" ci="3" mb="0" cb="0"/><line nr="180" mi="0" ci="11" mb="0" cb="0"/><line nr="184" mi="0" ci="3" mb="0" cb="0"/><line nr="186" mi="0" ci="3" mb="0" cb="0"/><line nr="187" mi="0" ci="6" mb="0" cb="0"/><line nr="188" mi="0" ci="73" mb="0" cb="0"/><line nr="206" mi="0" ci="2" mb="0" cb="0"/><line nr="208" mi="0" ci="3" mb="0" cb="0"/><line nr="209" mi="0" ci="1" mb="0" cb="0"/><counter type="INSTRUCTION" missed="36" covered="354"/><counter type="BRANCH" missed="9" covered="41"/><counter type="LINE" missed="12" covered="74"/><counter type="COMPLEXITY" missed="11" covered="32"/><co
[...]
 mi="0" ci="3" mb="0" cb="0"/><line nr="2771" mi="0" ci="5" mb="0" cb="0"/><line nr="2776" mi="0" ci="3" mb="0" cb="0"/><line nr="2777" mi="0" ci="4" mb="0" cb="0"/><line nr="2778" mi="0" ci="6" mb="0" cb="0"/><line nr="2782" mi="0" ci="1" mb="0" cb="0"/><line nr="2783" mi="0" ci="3" mb="0" cb="0"/><line nr="2784" mi="5" ci="0" mb="0" cb="0"/><line nr="2785" mi="5" ci="0" mb="0" cb="0"/><line nr="2788" mi="0" ci="2" mb="0" cb="0"/><line nr="2790" mi="0" ci="2" mb="0" cb="0"/><line nr="2799" mi="6" ci="0" mb="0" cb="0"/><line nr="2801" mi="5" ci="0" mb="0" cb="0"/><line nr="2803" mi="6" ci="0" mb="0" cb="0"/><line nr="2806" mi="6" ci="0" mb="0" cb="0"/><line nr="2808" mi="5" ci="0" mb="0" cb="0"/><line nr="2810" mi="0" ci="4" mb="0" cb="0"/><line nr="2811" mi="0" ci="3" mb="0" cb="0"/><line nr="2812" mi="0" ci="1" mb="0" cb="0"/><line nr="2813" mi="2" ci="0" mb="0" cb="0"/><line nr="2817" mi="0" ci="9" mb="0" cb="0"/><line nr="2818" mi="0" ci="5" mb="0" cb="0"/><line nr="2820" mi="0" ci="4" mb="0" cb="0"/><line nr="2822" mi="0" ci="3" mb="0" cb="0"/><line nr="2823" mi="0" ci="4" mb="0" cb="0"/><line nr="2824" mi="0" ci="3" mb="0" cb="0"/><line nr="2825" mi="0" ci="4" mb="0" cb="0"/><line nr="2826" mi="0" ci="3" mb="0" cb="0"/><line nr="2827" mi="0" ci="11" mb="0" cb="0"/><line nr="2828" mi="0" ci="3" mb="0" cb="0"/><line nr="2829" mi="0" ci="4" mb="0" cb="0"/><line nr="2832" mi="1" ci="0" mb="0" cb="0"/><line nr="2833" mi="3" ci="0" mb="0" cb="0"/><line nr="2834" mi="5" ci="0" mb="0" cb="0"/><line nr="2835" mi="5" ci="0" mb="0" cb="0"/><line nr="2838" mi="0" ci="2" mb="0" cb="0"/><line nr="2840" mi="0" ci="2" mb="0" cb="0"/><line nr="2846" mi="5" ci="0" mb="0" cb="0"/><line nr="2848" mi="0" ci="4" mb="0" cb="0"/><line nr="2849" mi="0" ci="1" mb="0" cb="0"/><line nr="2850" mi="2" ci="0" mb="0" cb="0"/><line nr="2854" mi="0" ci="8" mb="0" cb="0"/><line nr="2855" mi="0" ci="5" mb="0" cb="0"/><line nr="2857" mi="0" ci="3" mb="0" cb="0"/><line nr="2858" mi="0" ci="4" mb="0" cb="0"/><line nr="2859" mi="0" ci="5" mb="1" cb="2"/><line nr="2861" mi="0" ci="4" mb="0" cb="0"/><line nr="2864" mi="0" ci="3" mb="0" cb="0"/><line nr="2867" mi="0" ci="1" mb="0" cb="0"/><line nr="2869" mi="0" ci="4" mb="0" cb="0"/><line nr="2871" mi="0" ci="3" mb="0" cb="0"/><line nr="2872" mi="0" ci="4" mb="0" cb="0"/><line nr="2874" mi="0" ci="3" mb="0" cb="0"/><line nr="2877" mi="0" ci="1" mb="0" cb="0"/><line nr="2879" mi="5" ci="0" mb="0" cb="0"/><line nr="2882" mi="1" ci="0" mb="0" cb="0"/><line nr="2883" mi="3" ci="0" mb="0" cb="0"/><line nr="2884" mi="5" ci="0" mb="0" cb="0"/><line nr="2885" mi="5" ci="0" mb="0" cb="0"/><line nr="2888" mi="0" ci="2" mb="0" cb="0"/><line nr="2890" mi="0" ci="2" mb="0" cb="0"/><line nr="2901" mi="4" ci="0" mb="0" cb="0"/><line nr="2904" mi="6" ci="0" mb="0" cb="0"/><line nr="2906" mi="4" ci="0" mb="0" cb="0"/><line nr="2908" mi="5" ci="0" mb="0" cb="0"/><line nr="2910" mi="5" ci="0" mb="0" cb="0"/><line nr="2912" mi="0" ci="4" mb="0" cb="0"/><line nr="2913" mi="0" ci="3" mb="0" cb="0"/><line nr="2914" mi="0" ci="3" mb="0" cb="0"/><line nr="2915" mi="0" ci="3" mb="0" cb="0"/><line nr="2916" mi="0" ci="1" mb="0" cb="0"/><line nr="2917" mi="2" ci="0" mb="0" cb="0"/><line nr="2921" mi="0" ci="11" mb="0" cb="0"/><line nr="2922" mi="0" ci="5" mb="0" cb="0"/><line nr="2925" mi="0" ci="4" mb="0" cb="0"/><line nr="2927" mi="0" ci="3" mb="0" cb="0"/><line nr="2928" mi="0" ci="10" mb="0" cb="0"/><line nr="2929" mi="0" ci="3" mb="0" cb="0"/><line nr="2930" mi="0" ci="4" mb="0" cb="0"/><line nr="2931" mi="0" ci="5" mb="0" cb="0"/><line nr="2932" mi="0" ci="3" mb="0" cb="2"/><line nr="2935" mi="0" ci="3" mb="0" cb="0"/><line nr="2936" mi="0" ci="4" mb="0" cb="0"/><line nr="2937" mi="0" ci="3" mb="0" cb="0"/><line nr="2938" mi="0" ci="10" mb="0" cb="0"/><line nr="2941" mi="0" ci="3" mb="0" cb="0"/><line nr="2942" mi="0" ci="4" mb="0" cb="0"/><line nr="2943" mi="0" ci="6" mb="0" cb="0"/><line nr="2947" mi="1" ci="0" mb="0" cb="0"/><line nr="2948" mi="3" ci="0" mb="0" cb="0"/><line nr="2949" mi="5" ci="0" mb="0" cb="0"/><line nr="2950" mi="5" ci="0" mb="0" cb="0"/><line nr="2953" mi="0" ci="2" mb="0" cb="0"/><line nr="2955" mi="0" ci="2" mb="0" cb="0"/><line nr="2966" mi="6" ci="0" mb="0" cb="0"/><line nr="2968" mi="5" ci="0" mb="0" cb="0"/><line nr="2970" mi="6" ci="0" mb="0" cb="0"/><line nr="2972" mi="5" ci="0" mb="0" cb="0"/><line nr="2974" mi="0" ci="4" mb="0" cb="0"/><line nr="2975" mi="0" ci="3" mb="0" cb="0"/><line nr="2976" mi="0" ci="3" mb="0" cb="0"/><line nr="2977" mi="0" ci="3" mb="0" cb="0"/><line nr="2978" mi="0" ci="1" mb="0" cb="0"/><line nr="2979" mi="2" ci="0" mb="0" cb="0"/><line nr="2983" mi="0" ci="11" mb="0" cb="0"/><line nr="2984" mi="0" ci="5" mb="0" cb="0"/><line nr="2986" mi="0" ci="4" mb="0" cb="0"/><line nr="2987" mi="0" ci="2" mb="0" cb="0"/><line nr="2991" mi="0" ci="4" mb="0" cb="0"/><line nr="2993" mi="0" ci="3" mb="0" cb="0"/><line nr="2994" mi="0" ci="4" mb="0" cb="0"/><line nr="2996" mi="4" ci="6" mb="2" cb="2"/><line nr="2998" mi="0" ci="3" mb="0" cb="0"/><line nr="2999" mi="0" ci="4" mb="0" cb="0"/><line nr="3000" mi="0" ci="5" mb="0" cb="0"/><line nr="3001" mi="0" ci="3" mb="0" cb="2"/><line nr="3003" mi="0" ci="3" mb="0" cb="0"/><line nr="3004" mi="0" ci="4" mb="0" cb="0"/><line nr="3005" mi="0" ci="3" mb="0" cb="0"/><line nr="3006" mi="0" ci="4" mb="0" cb="0"/><line nr="3008" mi="4" ci="6" mb="2" cb="2"/><line nr="3009" mi="0" ci="7" mb="0" cb="0"/><line nr="3015" mi="4" ci="5" mb="2" cb="2"/><line nr="3016" mi="4" ci="5" mb="2" cb="2"/><line nr="3017" mi="0" ci="12" mb="0" cb="0"/><line nr="3018" mi="1" ci="10" mb="1" cb="1"/><line nr="3019" mi="0" ci="4" mb="0" cb="0"/><line nr="3023" mi="1" ci="0" mb="0" cb="0"/><line nr="3024" mi="3" ci="0" mb="0" cb="0"/><line nr="3025" mi="5" ci="0" mb="0" cb="0"/><line nr="3026" mi="5" ci="0" mb="0" cb="0"/><line nr="3029" mi="0" ci="2" mb="0" cb="0"/><line nr="3031" mi="0" ci="2" mb="0" cb="0"/><line nr="3044" mi="6" ci="0" mb="0" cb="0"/><line nr="3047" mi="6" ci="0" mb="0" cb="0"/><line nr="3049" mi="4" ci="0" mb="0" cb="0"/><line nr="3051" mi="5" ci="0" mb="0" cb="0"/><line nr="3053" mi="4" ci="0" mb="0" cb="0"/><line nr="3055" mi="5" ci="0" mb="0" cb="0"/><line nr="3058" mi="6" ci="0" mb="0" cb="0"/><line nr="3061" mi="6" ci="0" mb="0" cb="0"/><line nr="3063" mi="5" ci="0" mb="0" cb="0"/><line nr="3064" mi="5" ci="0" mb="0" cb="0"/><line nr="3066" mi="6" ci="0" mb="0" cb="0"/><line nr="3069" mi="0" ci="4" mb="0" cb="0"/><line nr="3070" mi="0" ci="1" mb="0" cb="0"/><line nr="3071" mi="2" ci="0" mb="0" cb="0"/><line nr="3075" mi="0" ci="8" mb="0" cb="0"/><line nr="3076" mi="0" ci="5" mb="0" cb="0"/><line nr="3081" mi="0" ci="4" mb="0" cb="0"/><line nr="3083" mi="0" ci="3" mb="0" cb="0"/><line nr="3084" mi="0" ci="4" mb="0" cb="0"/><line nr="3085" mi="0" ci="3" mb="0" cb="0"/><line nr="3086" mi="0" ci="4" mb="0" cb="0"/><line nr="3087" mi="0" ci="3" mb="0" cb="0"/><line nr="3088" mi="0" ci="4" mb="0" cb="0"/><line nr="3089" mi="0" ci="3" mb="0" cb="0"/><line nr="3090" mi="0" ci="4" mb="0" cb="0"/><line nr="3091" mi="0" ci="3" mb="0" cb="0"/><line nr="3092" mi="0" ci="4" mb="0" cb="0"/><line nr="3093" mi="0" ci="3" mb="0" cb="0"/><line nr="3094" mi="0" ci="4" mb="0" cb="0"/><line nr="3095" mi="0" ci="5" mb="1" cb="2"/><line nr="3098" mi="0" ci="3" mb="0" cb="0"/><line nr="3099" mi="0" ci="4" mb="0" cb="0"/><line nr="3101" mi="4" ci="6" mb="2" cb="2"/><line nr="3102" mi="4" ci="6" mb="2" cb="2"/><line nr="3103" mi="4" ci="6" mb="2" cb="2"/><line nr="3104" mi="4" ci="6" mb="2" cb="2"/><line nr="3105" mi="4" ci="6" mb="2" cb="2"/><line nr="3106" mi="0" ci="10" mb="0" cb="0"/><line nr="3107" mi="1" ci="10" mb="1" cb="1"/><line nr="3110" mi="0" ci="1" mb="0" cb="0"/><line nr="3113" mi="0" ci="3" mb="0" cb="0"/><line nr="3114" mi="0" ci="5" mb="0" cb="0"/><line nr="3115" mi="0" ci="3" mb="0" cb="0"/><line nr="3116" mi="0" ci="4" mb="0" cb="0"/><line nr="3117" mi="0" ci="3" mb="0" cb="0"/><line nr="3118" mi="0" ci="4" mb="0" cb="0"/><line nr="3119" mi="0" ci="3" mb="0" cb="0"/><line nr="3120" mi="0" ci="4" mb="0" cb="0"/><line nr="3121" mi="0" ci="3" mb="0" cb="0"/><line nr="3122" mi="0" ci="4" mb="0" cb="0"/><line nr="3124" mi="4" ci="6" mb="2" cb="2"/><line nr="3125" mi="4" ci="6" mb="2" cb="2"/><line nr="3126" mi="4" ci="6" mb="2" cb="2"/><line nr="3127" mi="4" ci="6" mb="2" cb="2"/><line nr="3128" mi="4" ci="6" mb="2" cb="2"/><line nr="3129" mi="0" ci="10" mb="0" cb="0"/><line nr="3130" mi="0" ci="5" mb="0" cb="0"/><line nr="3133" mi="0" ci="1" mb="0" cb="0"/><line nr="3135" mi="5" ci="0" mb="0" cb="0"/><line nr="3138" mi="0" ci="15" mb="0" cb="0"/><line nr="3139" mi="1" ci="11" mb="1" cb="1"/><line nr="3143" mi="0" ci="1" mb="0" cb="0"/><line nr="3144" mi="0" ci="3" mb="0" cb="0"/><line nr="3145" mi="5" ci="0" mb="0" cb="0"/><line nr="3146" mi="5" ci="0" mb="0" cb="0"/><line nr="3149" mi="0" ci="2" mb="0" cb="0"/><line nr="3151" mi="0" ci="2" mb="0" cb="0"/><line nr="3160" mi="4" ci="0" mb="0" cb="0"/><line nr="3163" mi="6" ci="0" mb="0" cb="0"/><line nr="3165" mi="4" ci="0" mb="0" cb="0"/><line nr="3167" mi="5" ci="0" mb="0" cb="0"/><line nr="3170" mi="0" ci="4" mb="0" cb="0"/><line nr="3171" mi="0" ci="1" mb="0" cb="0"/><line nr="3172" mi="2" ci="0" mb="0" cb="0"/><line nr="3176" mi="0" ci="8" mb="0" cb="0"/><line nr="3177" mi="0" ci="5" mb="0" cb="0"/><line nr="3179" mi="0" ci="5" mb="0" cb="0"/><line nr="3183" mi="0" ci="4" mb="0" cb="0"/><line nr="3185" mi="0" ci="3" mb="0" cb="0"/><line nr="3186" mi="0" ci="4" mb="0" cb="0"/><line nr="3187" mi="0" ci="5" mb="0" cb="0"/><line nr="3188" mi="0" ci="3" mb="0" cb="2"/><line nr="3190" mi="0" ci="3" mb="0" cb="0"/><line nr="3191" mi="0" ci="4" mb="0" cb="0"/><line nr="3193" mi="4" ci="6" mb="2" cb="2"/><line nr="3194" mi="0" ci="6" mb="0" cb="0"/><line nr="3196" mi="0" ci="3" mb="0" cb="0"/><line nr="3197" mi="0" ci="4" mb="0" cb="0"/><line nr="3198" mi="0" ci="5" mb="0" cb="0"/><line nr="3199" mi="0" ci="3" mb="0" cb="2"/><line nr="3202" mi="0" ci="3" mb="0" cb="0"/><line nr="3203" mi="0" ci="4" mb="0" cb="0"/><line nr="3204" mi="0" ci="3" mb="0" cb="0"/><line nr="3205" mi="0" ci="4" mb="0" cb="0"/><line nr="3207" mi="4" ci="6" mb="2" cb="2"/><line nr="3208" mi="0" ci="6" mb="0" cb="0"/><line nr="3212" mi="0" ci="3" mb="0" cb="0"/><line nr="3213" mi="0" ci="4" mb="0" cb="0"/><line nr="3214" mi="0" ci="6" mb="0" cb="0"/><line nr="3221" mi="1" ci="0" mb="0" cb="0"/><line nr="3222" mi="3" ci="0" mb="0" cb="0"/><line nr="3223" mi="5" ci="0" mb="0" cb="0"/><line nr="3224" mi="5" ci="0" mb="0" cb="0"/><line nr="3227" mi="0" ci="2" mb="0" cb="0"/><line nr="3229" mi="0" ci="2" mb="0" cb="0"/><line nr="3237" mi="5" ci="0" mb="0" cb="0"/><line nr="3238" mi="5" ci="0" mb="0" cb="0"/><line nr="3240" mi="0" ci="4" mb="0" cb="0"/><line nr="3241" mi="0" ci="1" mb="0" cb="0"/><line nr="3242" mi="2" ci="0" mb="0" cb="0"/><line nr="3246" mi="0" ci="8" mb="0" cb="0"/><line nr="3247" mi="0" ci="5" mb="0" cb="0"/><line nr="3249" mi="0" ci="3" mb="0" cb="0"/><line nr="3250" mi="0" ci="4" mb="0" cb="0"/><line nr="3251" mi="0" ci="5" mb="2" cb="1"/><line nr="3253" mi="0" ci="4" mb="0" cb="0"/><line nr="3255" mi="0" ci="3" mb="0" cb="0"/><line nr="3256" mi="0" ci="5" mb="0" cb="0"/><line nr="3258" mi="1" ci="9" mb="1" cb="1"/><line nr="3259" mi="0" ci="6" mb="0" cb="0"/><line nr="3262" mi="0" ci="1" mb="0" cb="0"/><line nr="3264" mi="4" ci="0" mb="0" cb="0"/><line nr="3266" mi="3" ci="0" mb="0" cb="0"/><line nr="3267" mi="5" ci="0" mb="0" cb="0"/><line nr="3269" mi="10" ci="0" mb="2" cb="0"/><line nr="3270" mi="6" ci="0" mb="0" cb="0"/><line nr="3273" mi="1" ci="0" mb="0" cb="0"/><line nr="3275" mi="5" ci="0" mb="0" cb="0"/><line nr="3278" mi="0" ci="1" mb="0" cb="0"/><line nr="3279" mi="0" ci="3" mb="0" cb="0"/><line nr="3280" mi="5" ci="0" mb="0" cb="0"/><line nr="3281" mi="5" ci="0" mb="0" cb="0"/><line nr="3284" mi="0" ci="2" mb="0" cb="0"/><line nr="3286" mi="0" ci="2" mb="0" cb="0"/><line nr="3295" mi="6" ci="0" mb="0" cb="0"/><line nr="3298" mi="6" ci="0" mb="0" cb="0"/><line nr="3301" mi="0" ci="4" mb="0" cb="0"/><line nr="3302" mi="0" ci="1" mb="0" cb="0"/><line nr="3303" mi="2" ci="0" mb="0" cb="0"/><line nr="3307" mi="0" ci="8" mb="0" cb="0"/><line nr="3308" mi="0" ci="5" mb="0" cb="0"/><line nr="3310" mi="0" ci="4" mb="0" cb="0"/><line nr="3312" mi="0" ci="3" mb="0" cb="0"/><line nr="3313" mi="0" ci="4" mb="0" cb="0"/><line nr="3314" mi="0" ci="3" mb="0" cb="0"/><line nr="3315" mi="0" ci="4" mb="0" cb="0"/><line nr="3317" mi="4" ci="6" mb="2" cb="2"/><line nr="3318" mi="4" ci="6" mb="2" cb="2"/><line nr="3319" mi="0" ci="11" mb="0" cb="0"/><line nr="3320" mi="1" ci="11" mb="1" cb="1"/><line nr="3324" mi="1" ci="0" mb="0" cb="0"/><line nr="3325" mi="3" ci="0" mb="0" cb="0"/><line nr="3326" mi="5" ci="0" mb="0" cb="0"/><line nr="3327" mi="5" ci="0" mb="0" cb="0"/><line nr="3330" mi="0" ci="2" mb="0" cb="0"/><line nr="3332" mi="0" ci="2" mb="0" cb="0"/><line nr="3336" mi="2" ci="0" mb="8" cb="0"/><line nr="3338" mi="6" ci="0" mb="0" cb="0"/><line nr="3340" mi="6" ci="0" mb="0" cb="0"/><line nr="3342" mi="6" ci="0" mb="0" cb="0"/><line nr="3344" mi="6" ci="0" mb="0" cb="0"/><line nr="3346" mi="6" ci="0" mb="0" cb="0"/><line nr="3348" mi="6" ci="0" mb="0" cb="0"/><line nr="3350" mi="6" ci="0" mb="0" cb="0"/><line nr="3352" mi="2" ci="0" mb="0" cb="0"/><line nr="3355" mi="2" ci="0" mb="2" cb="0"/><line nr="3357" mi="6" ci="0" mb="0" cb="0"/><line nr="3359" mi="2" ci="0" mb="0" cb="0"/><line nr="3362" mi="2" ci="0" mb="2" cb="0"/><line nr="3364" mi="6" ci="0" mb="0" cb="0"/><line nr="3366" mi="2" ci="0" mb="0" cb="0"/><line nr="3369" mi="2" ci="0" mb="3" cb="0"/><line nr="3371" mi="6" ci="0" mb="0" cb="0"/><line nr="3373" mi="6" ci="0" mb="0" cb="0"/><line nr="3375" mi="2" ci="0" mb="0" cb="0"/><line nr="3378" mi="2" ci="0" mb="6" cb="0"/><line nr="3380" mi="6" ci="0" mb="0" cb="0"/><line nr="3382" mi="6" ci="0" mb="0" cb="0"/><line nr="3384" mi="6" ci="0" mb="0" cb="0"/><line nr="3386" mi="6" ci="0" mb="0" cb="0"/><line nr="3388" mi="6" ci="0" mb="0" cb="0"/><line nr="3390" mi="2" ci="0" mb="0" cb="0"/><line nr="3393" mi="2" ci="0" mb="3" cb="0"/><line nr="3395" mi="6" ci="0" mb="0" cb="0"/><line nr="3397" mi="6" ci="0" mb="0" cb="0"/><line nr="3399" mi="2" ci="0" mb="0" cb="0"/><line nr="3402" mi="2" ci="0" mb="4" cb="0"/><line nr="3404" mi="6" ci="0" mb="0" cb="0"/><line nr="3406" mi="6" ci="0" mb="0" cb="0"/><line nr="3408" mi="6" ci="0" mb="0" cb="0"/><line nr="3410" mi="2" ci="0" mb="0" cb="0"/><line nr="3413" mi="2" ci="0" mb="2" cb="0"/><line nr="3415" mi="6" ci="0" mb="0" cb="0"/><line nr="3417" mi="2" ci="0" mb="0" cb="0"/><line nr="3787" mi="0" ci="4" mb="0" cb="0"/><line nr="3788" mi="0" ci="3" mb="0" cb="0"/><line nr="3790" mi="0" ci="4" mb="0" cb="0"/><line nr="3791" mi="0" ci="8" mb="0" cb="2"/><line nr="3792" mi="0" ci="10" mb="0" cb="0"/><line nr="3794" mi="0" ci="1" mb="0" cb="0"/><counter type="INSTRUCTION" missed="2243" covered="6719"/><counter type="BRANCH" missed="322" covered="391"/><counter type="LINE" missed="395" covered="1388"/><counter type="COMPLEXITY" missed="540" covered="152"/><counter type="METHOD" missed="227" covered="82"/><counter type="CLASS" missed="0" covered="38"/></sourcefile><sourcefile name="DecaLexer.java"><line nr="14" mi="0" ci="3" mb="0" cb="0"/><line nr="17" mi="0" ci="4" mb="0" cb="0"/><line nr="27" mi="0" ci="11" mb="0" cb="0"/><line nr="31" mi="0" ci="7" mb="0" cb="0"/><line nr="36" mi="0" ci="251" mb="0" cb="0"/><line nr="48" mi="0" ci="2" mb="0" cb="0"/><line nr="51" mi="0" ci="175" mb="0" cb="0"/><line nr="60" mi="0" ci="2" mb="0" cb="0"/><line nr="62" mi="0" ci="207" mb="0" cb="0"/><line nr="72" mi="0" ci="2" mb="0" cb="0"/><line nr="73" mi="0" ci="6" mb="0" cb="0"/><line nr="81" mi="0" ci="4" mb="0" cb="0"/><line nr="82" mi="0" ci="8" mb="0" cb="2"/><line nr="83" mi="0" ci="6" mb="0" cb="0"/><line nr="84" mi="0" ci="4" mb="0" cb="2"/><line nr="85" mi="0" ci="6" mb="0" cb="0"/><line nr="88" mi="0" ci="4" mb="0" cb="2"/><line nr="89" mi="0" ci="4" mb="0" cb="0"/><line nr="97" mi="2" ci="0" mb="0" cb="0"/><line nr="103" mi="0" ci="2" mb="0" cb="0"/><line nr="110" mi="0" ci="3" mb="0" cb="0"/><line nr="111" mi="0" ci="9" mb="0" cb="0"/><line nr="112" mi="0" ci="1" mb="0" cb="0"/><line nr="115" mi="2" ci="0" mb="0" cb="0"/><line nr="118" mi="2" ci="0" mb="0" cb="0"/><line nr="121" mi="2" ci="0" mb="0" cb="0"/><line nr="124" mi="2" ci="0" mb="0" cb="0"/><line nr="127" mi="2" ci="0" mb="0" cb="0"/><line nr="130" mi="2" ci="0" mb="0" cb="0"/><line nr="134" mi="0" ci="2" mb="2" cb="2"/><line nr="136" mi="0" ci="4" mb="0" cb="0"/><line nr="137" mi="0" ci="1" mb="0" cb="0"/><line nr="139" mi="0" ci="4" mb="0" cb="0"/><line nr="140" mi="0" ci="1" mb="0" cb="0"/><line nr="142" mi="4" ci="0" mb="0" cb="0"/><line nr="145" mi="0" ci="1" mb="0" cb="0"/><line nr="147" mi="0" ci="2" mb="1" cb="1"/><line nr="149" mi="0" ci="2" mb="0" cb="0"/><line nr="152" mi="0" ci="1" mb="0" cb="0"/><line nr="154" mi="0" ci="2" mb="1" cb="2"/><line nr="156" mi="0" ci="2" mb="0" cb="0"/><line nr="157" mi="0" ci="1" mb="0" cb="0"/><line nr="159" mi="0" ci="2" mb="0" cb="0"/><line nr="162" mi="0" ci="1" mb="0" cb="0"/><line nr="164" mi="2" ci="0" mb="2" cb="0"/><line nr="166" mi="4" ci="0" mb="0" cb="0"/><line nr="169" mi="1" ci="0" mb="0" cb="0"/><line nr="458" mi="0" ci="4" mb="0" cb="0"/><line nr="459" mi="0" ci="3" mb="0" cb="0"/><line nr="461" mi="0" ci="4" mb="0" cb="0"/><line nr="462" mi="0" ci="8" mb="0" cb="2"/><line nr="463" mi="0" ci="10" mb="0" cb="0"/><line nr="465" mi="0" ci="1" mb="0" cb="0"/><counter type="INSTRUCTION" missed="25" covered="777"/><counter type="BRANCH" missed="6" covered="13"/><counter type="LINE" missed="11" covered="42"/><counter type="COMPLEXITY" missed="13" covered="15"/><counter type="METHOD" missed="8" covered="9"/><counter type="CLASS" missed="0" covered="1"/></sourcefile><sourcefile name="DecacErrorListner.java"><line nr="24" mi="0" ci="4" mb="0" cb="0"/><line nr="28" mi="0" ci="2" mb="0" cb="0"/><line nr="29" mi="0" ci="3" mb="0" cb="0"/><line nr="30" mi="0" ci="1" mb="0" cb="0"/><line nr="36" mi="0" ci="2" mb="0" cb="0"/><line nr="37" mi="0" ci="2" mb="0" cb="2"/><line nr="38" mi="0" ci="3" mb="0" cb="0"/><line nr="41" mi="0" ci="2" mb="0" cb="2"/><line nr="42" mi="0" ci="3" mb="0" cb="0"/><line nr="43" mi="0" ci="5" mb="0" cb="0"/><line nr="44" mi="0" ci="2" mb="0" cb="0"/><line nr="45" mi="0" ci="5" mb="0" cb="0"/><line nr="46" mi="0" ci="3" mb="1" cb="1"/><line nr="47" mi="12" ci="0" mb="0" cb="0"/><line nr="48" mi="5" ci="0" mb="0" cb="0"/><line nr="50" mi="0" ci="10" mb="0" cb="0"/><line nr="53" mi="0" ci="3" mb="0" cb="2"/><line nr="56" mi="0" ci="5" mb="0" cb="0"/><line nr="58" mi="0" ci="4" mb="0" cb="0"/><line nr="60" mi="0" ci="7" mb="0" cb="0"/><line nr="62" mi="0" ci="9" mb="0" cb="0"/><line nr="68" mi="5" ci="0" mb="0" cb="0"/><line nr="73" mi="5" ci="0" mb="0" cb="0"/><line nr="78" mi="5" ci="0" mb="0" cb="0"/><counter type="INSTRUCTION" missed="32" covered="75"/><counter type="BRANCH" missed="1" covered="7"/><counter type="LINE" missed="5" covered="19"/><counter type="COMPLEXITY" missed="4" covered="6"/><counter type="METHOD" missed="3" covered="3"/><counter type="CLASS" missed="0" covered="1"/></sourcefile><counter type="INSTRUCTION" missed="2469" covered="8039"/><counter type="BRANCH" missed="356" covered="436"/><counter type="LINE" missed="450" covered="1568"/><counter type="COMPLEXITY" missed="584" covered="207"/><counter type="METHOD" missed="243" covered="124"/><counter type="CLASS" missed="1" covered="47"/></package><counter type="INSTRUCTION" missed="4740" covered="15416"/><counter type="BRANCH" missed="469" covered="769"/><counter type="LINE" missed="998" covered="3447"/><counter type="COMPLEXITY" missed="846" covered="905"/><counter type="METHOD" missed="409" covered="674"/><counter type="CLASS" missed="34" covered="212"/></report>